#
# A fatal error has been detected by the Java Runtime Environment:
#
#  EXCEPTION_ACCESS_VIOLATION (0xc0000005) at pc=0x00007fff7fe85a25, pid=25628, tid=13004
#
# JRE version: Java(TM) SE Runtime Environment (9.0+11) (build 9.0.4+11)
# Java VM: Java HotSpot(TM) 64-Bit Server VM (9.0.4+11, mixed mode, tiered, compressed oops, g1 gc, windows-amd64)
# Problematic frame:
# C  [librdi_filemgmt.dll+0x15a25]
#
# No core dump will be written. Minidumps are not enabled by default on client versions of Windows
#
# If you would like to submit a bug report, please visit:
#   http://bugreport.java.com/bugreport/crash.jsp
# The crash happened outside the Java Virtual Machine in native code.
# See problematic frame for where to report the bug.
#

---------------  S U M M A R Y ------------

Command Line: -Dsun.java2d.pmoffscreen=false -Dsun.java2d.xrender=false -Dsun.java2d.d3d=false -Dsun.awt.nopixfmt=true -Dsun.java2d.dpiaware=true -Dsun.java2d.uiScale.enabled=false -Xverify:none -Dswing.aatext=true -XX:-UsePerfData -Djdk.map.althashing.threshold=512 -XX:StringTableSize=4072 --add-opens=java.base/java.nio=ALL-UNNAMED --add-opens=java.desktop/sun.swing=ALL-UNNAMED --add-opens=java.desktop/javax.swing=ALL-UNNAMED --add-opens=java.desktop/javax.swing.tree=ALL-UNNAMED --add-opens=java.desktop/javax.swing.plaf.basic=ALL-UNNAMED --add-opens=java.desktop/javax.swing.plaf.synth=ALL-UNNAMED --add-opens=java.desktop/com.sun.awt=ALL-UNNAMED -XX:NewSize=60m -XX:MaxNewSize=60m -Xms128m -Xmx3072m -Xss5m 

Host: Intel(R) Core(TM) i7-10750H CPU @ 2.60GHz, 12 cores, 15G,  Windows 10 , 64 bit Build 22621 (10.0.22621.3235)
Time: Thu Apr 04 19:20:12 2024 Eastern Daylight Time elapsed time: 3590 seconds (0d 0h 59m 50s)

---------------  T H R E A D  ---------------

Current thread (0x000001fb49624800):  JavaThread "Code Inspector" [_thread_in_native, id=13004, stack(0x0000000646600000,0x0000000646b00000)]

Stack: [0x0000000646600000,0x0000000646b00000],  sp=0x0000000646afed90,  free space=5115k
Native frames: (J=compiled Java code, j=interpreted, Vv=VM code, C=native code)
C  [librdi_filemgmt.dll+0x15a25]
C  [librdi_filemgmt.dll+0x8db8c]
C  [librdi_filemgmt.dll+0x8cf03]
C  [librdi_filemgmt.dll+0x8e354]
C  [librdi_filemgmt.dll+0x24a7d2]
C  [librdi_filemgmt.dll+0x25ebcf]
C  0x000001fb2d6c921c

Java frames: (J=compiled Java code, j=interpreted, Vv=VM code)
j  ui.data.srcscan.srcscani.EditorAssist_refresh(J)V+0
j  ui.data.l.a.a.refresh()V+4
j  ui.views.V.a.aN.inspect(Lcom/jidesoft/editor/CodeEditor;Ljavax/swing/event/DocumentEvent;Lcom/jidesoft/marker/MarkerModel;)V+51
j  ui.views.V.a.as.construct()Ljava/lang/Object;+109
J 13185 c1 ui.frmwork.y.run()V (129 bytes) @ 0x000001fb2ec29d24 [0x000001fb2ec299a0+0x0000000000000384]
J 13177 c1 java.lang.Thread.run()V java.base@9.0.4 (17 bytes) @ 0x000001fb2eb87cfc [0x000001fb2eb87bc0+0x000000000000013c]
v  ~StubRoutines::call_stub

siginfo: EXCEPTION_ACCESS_VIOLATION (0xc0000005), reading address 0xffffffffffffffff


Register to memory mapping:

RIP=0x00007fff7fe85a25 librdi_filemgmt.dll
RAX=0x000001fb57ee6380 is an unknown value
RBX=0x000001fb57ee6380 is an unknown value
RCX=0x000001fb57ee6380 is an unknown value
RDX=0x0069007300650094 is an unknown value
RSP=0x0000000646afed90 is pointing into the stack for thread: 0x000001fb49624800
RBP=0x0000000646afefa0 is pointing into the stack for thread: 0x000001fb49624800
RSI=0x0000000646afeea0 is pointing into the stack for thread: 0x000001fb49624800
RDI=0x0000000000000000 is an unknown value
R8 =0x0000000000000000 is pointing into the stack for thread: 0x000001fb49625800
R9 =0xffffffffffffffff is an unknown value
R10=0x0000000000000000 is an unknown value
R11=0xf0c1b7cb0f878017 is an unknown value
R12=0x000001fb4ce4efd0 is an unknown value
R13=0xffffffffffffffff is an unknown value
R14=0x0000000646afeeb0 is pointing into the stack for thread: 0x000001fb49624800
R15=0x00007fff80205df0 librdi_filemgmt.dll


Registers:
RAX=0x000001fb57ee6380, RBX=0x000001fb57ee6380, RCX=0x000001fb57ee6380, RDX=0x0069007300650094
RSP=0x0000000646afed90, RBP=0x0000000646afefa0, RSI=0x0000000646afeea0, RDI=0x0000000000000000
R8 =0x0000000000000000, R9 =0xffffffffffffffff, R10=0x0000000000000000, R11=0xf0c1b7cb0f878017
R12=0x000001fb4ce4efd0, R13=0xffffffffffffffff, R14=0x0000000646afeeb0, R15=0x00007fff80205df0
RIP=0x00007fff7fe85a25, EFLAGS=0x0000000000010206

Top of Stack: (sp=0x0000000646afed90)
0x0000000646afed90:   0000000000000060 00007fff80133f91
0x0000000646afeda0:   000001fb4de5f410 0000000646aff218
0x0000000646afedb0:   0000000646afeeb0 00007fff7fefdb8c
0x0000000646afedc0:   000001fb57ee6380 0000000646afeea0
0x0000000646afedd0:   0000000000000000 000001fb4ce4efd0
0x0000000646afede0:   fffffffffffffffe 000001fb4de5f5a8
0x0000000646afedf0:   0000000646afeee0 00007fff7fefcf03
0x0000000646afee00:   000001fb57ee6360 000001fb57ee6380
0x0000000646afee10:   000001fb57ee6380 0000000646af0000
0x0000000646afee20:   0000000646afeea0 00007fff80133f91
0x0000000646afee30:   fffffffffffffffe 00007ff861f383d0
0x0000000646afee40:   000001fb4de5f410 0069007300650074
0x0000000646afee50:   0000000646afeee0 00007fff7fefe354
0x0000000646afee60:   000001fb57ee6360 000001fb57ee5cd0
0x0000000646afee70:   0069007300650094 0000000000000023
0x0000000646afee80:   fffffffffffffffe 000001fb53bb9790 

Instructions: (pc=0x00007fff7fe85a25)
0x00007fff7fe85a05:   83 c4 20 41 5e c3 cc cc cc cc cc 48 89 5c 24 08
0x00007fff7fe85a15:   48 89 74 24 10 48 89 7c 24 18 41 56 48 83 ec 20
0x00007fff7fe85a25:   48 8b 42 10 49 8b f9 4d 8b f0 48 8b f2 48 8b d9
0x00007fff7fe85a35:   49 3b c0 73 0e 48 8d 0d ff 0d 37 00 ff 15 c1 d9 



---------------  P R O C E S S  ---------------

Java Threads: ( => current thread )
  0x000001fb49627000 JavaThread "Image Animator 0" daemon [_thread_blocked, id=25616, stack(0x0000000646b00000,0x0000000647000000)]
=>0x000001fb49624800 JavaThread "Code Inspector" [_thread_in_native, id=13004, stack(0x0000000646600000,0x0000000646b00000)]
  0x000001fb49624000 JavaThread "Timer-0" [_thread_blocked, id=28084, stack(0x0000000643400000,0x0000000643900000)]
  0x000001fb49626000 JavaThread "SyntheticaAnimation 50" daemon [_thread_blocked, id=7584, stack(0x0000000640400000,0x0000000640900000)]
  0x000001fb4961f800 JavaThread "Update Runs Swing Worker" [_thread_blocked, id=8076, stack(0x0000000645200000,0x0000000645700000)]
  0x000001fb1f600800 JavaThread "hw_ila_monitor" [_thread_blocked, id=2020, stack(0x0000000643e00000,0x0000000644300000)]
  0x000001fb1f606800 JavaThread "Refresh Filesets Swing Worker" [_thread_blocked, id=25028, stack(0x0000000641800000,0x0000000641d00000)]
  0x000001fb1f605800 JavaThread "SyntheticaAnimation 70" daemon [_thread_blocked, id=328, stack(0x0000000643900000,0x0000000643e00000)]
  0x000001fb1f604000 JavaThread "SyntheticaAnimation 25" daemon [_thread_blocked, id=7988, stack(0x0000000642f00000,0x0000000643400000)]
  0x000001fb1f602000 JavaThread "SyntheticaAnimation 50" daemon [_thread_blocked, id=1424, stack(0x0000000642a00000,0x0000000642f00000)]
  0x000001fb1f603800 JavaThread "Monitor HEventQueue" [_thread_blocked, id=28000, stack(0x0000000642500000,0x0000000642a00000)]
  0x000001fb1f601000 JavaThread "SyntheticaCleanerThread" daemon [_thread_blocked, id=18132, stack(0x0000000641d00000,0x0000000642200000)]
  0x000001fb1f5ff800 JavaThread "Batik CleanerThread" daemon [_thread_blocked, id=25540, stack(0x0000000640900000,0x0000000640e00000)]
  0x000001fb45bfd800 JavaThread "AWT-EventQueue-1" [_thread_blocked, id=10864, stack(0x0000000641300000,0x0000000641800000)]
  0x000001fb45b82800 JavaThread "Process Messages" [_thread_blocked, id=19480, stack(0x0000000640e00000,0x0000000641300000)]
  0x000001fb47983000 JavaThread "Thread-1" [_thread_in_native, id=16260, stack(0x0000000639700000,0x000000063ab00000)]
  0x000001fb45a34000 JavaThread "TimerQueue" daemon [_thread_blocked, id=2388, stack(0x000000063ff00000,0x0000000640400000)]
  0x000001fb45805800 JavaThread "AWT-Windows" daemon [_thread_in_native, id=25772, stack(0x000000063fa00000,0x000000063ff00000)]
  0x000001fb45805000 JavaThread "AWT-Shutdown" [_thread_blocked, id=24884, stack(0x000000063f500000,0x000000063fa00000)]
  0x000001fb456f7800 JavaThread "Java2D Disposer" daemon [_thread_blocked, id=26092, stack(0x000000063f000000,0x000000063f500000)]
  0x000001fb1f92e800 JavaThread "Service Thread" daemon [_thread_blocked, id=26532, stack(0x000000063ea00000,0x000000063ef00000)]
  0x000001fb26506800 JavaThread "Common-Cleaner" daemon [_thread_blocked, id=24184, stack(0x000000063e500000,0x000000063ea00000)]
  0x000001fb1f602800 JavaThread "Sweeper thread" daemon [_thread_blocked, id=28016, stack(0x000000063e000000,0x000000063e500000)]
  0x000001fb1f5fa000 JavaThread "C1 CompilerThread3" daemon [_thread_blocked, id=16940, stack(0x000000063df00000,0x000000063e000000)]
  0x000001fb1f5f4800 JavaThread "C2 CompilerThread2" daemon [_thread_blocked, id=10548, stack(0x000000063de00000,0x000000063df00000)]
  0x000001fb1f7c9800 JavaThread "C2 CompilerThread1" daemon [_thread_blocked, id=25352, stack(0x000000063dd00000,0x000000063de00000)]
  0x000001fb1f7c8800 JavaThread "C2 CompilerThread0" daemon [_thread_blocked, id=28592, stack(0x000000063dc00000,0x000000063dd00000)]
  0x000001fb1f7c7800 JavaThread "Attach Listener" daemon [_thread_blocked, id=26340, stack(0x000000063d700000,0x000000063dc00000)]
  0x000001fb1f7c7000 JavaThread "Signal Dispatcher" daemon [_thread_blocked, id=28176, stack(0x000000063d200000,0x000000063d700000)]
  0x000001fb1f7bc000 JavaThread "Finalizer" daemon [_thread_blocked, id=27744, stack(0x000000063cd00000,0x000000063d200000)]
  0x000001fb1f7bb000 JavaThread "Reference Handler" daemon [_thread_blocked, id=16376, stack(0x000000063c800000,0x000000063cd00000)]
  0x000001fb26a43800 JavaThread "main" [_thread_blocked, id=28428, stack(0x0000000639600000,0x0000000639700000)]

Other Threads:
  0x000001fb1e200000 VMThread "VM Thread" [stack: 0x000000063c700000,0x000000063c800000] [id=26592]
  0x000001fb1f813000 WatcherThread [stack: 0x000000063ef00000,0x000000063f000000] [id=188]
  0x000001fb218fe800 GCTaskThread "GC Thread#0" [stack: 0x000000063ae00000,0x000000063af00000] [id=25160]
  0x000001fb1efda800 GCTaskThread "GC Thread#1" [stack: 0x000000063af00000,0x000000063b000000] [id=20296]
  0x000001fb1efd7800 GCTaskThread "GC Thread#2" [stack: 0x000000063b000000,0x000000063b100000] [id=23860]
  0x000001fb1efdc000 GCTaskThread "GC Thread#3" [stack: 0x000000063b100000,0x000000063b200000] [id=23204]
  0x000001fb1efd8000 GCTaskThread "GC Thread#4" [stack: 0x000000063b200000,0x000000063b300000] [id=11300]
  0x000001fb1efd7000 GCTaskThread "GC Thread#5" [stack: 0x000000063b300000,0x000000063b400000] [id=12000]
  0x000001fb1efd9000 GCTaskThread "GC Thread#6" [stack: 0x000000063b400000,0x000000063b500000] [id=27464]
  0x000001fb1efd9800 GCTaskThread "GC Thread#7" [stack: 0x000000063b500000,0x000000063b600000] [id=27428]
  0x000001fb1efda000 GCTaskThread "GC Thread#8" [stack: 0x000000063b600000,0x000000063b700000] [id=27844]
  0x000001fb1efdc800 GCTaskThread "GC Thread#9" [stack: 0x000000063b700000,0x000000063b800000] [id=13872]
  0x000001fb22aad000 ConcurrentGCThread "G1 Main Marker" [stack: 0x000000063c300000,0x000000063c400000] [id=25800]
  0x000001fb1efdb800 ConcurrentGCThread "G1 Marker#0" [stack: 0x000000063c400000,0x000000063c500000] [id=4248]
  0x000001fb1efdd000 ConcurrentGCThread "G1 Marker#1" [stack: 0x000000063c500000,0x000000063c600000] [id=4872]
  0x000001fb1efd6800 ConcurrentGCThread "G1 Marker#2" [stack: 0x000000063c600000,0x000000063c700000] [id=26360]
  0x000001fb21289000 ConcurrentGCThread "G1 Refine#0" [stack: 0x000000063c100000,0x000000063c200000] [id=21924]
  0x000001fb21288800 ConcurrentGCThread "G1 Refine#1" [stack: 0x000000063c000000,0x000000063c100000] [id=26604]
  0x000001fb224c4800 ConcurrentGCThread "G1 Refine#2" [stack: 0x000000063bf00000,0x000000063c000000] [id=26628]
  0x000001fb22a20800 ConcurrentGCThread "G1 Refine#3" [stack: 0x000000063be00000,0x000000063bf00000] [id=24624]
  0x000001fb22a20000 ConcurrentGCThread "G1 Refine#4" [stack: 0x000000063bd00000,0x000000063be00000] [id=4112]
  0x000001fb22a1f800 ConcurrentGCThread "G1 Refine#5" [stack: 0x000000063bc00000,0x000000063bd00000] [id=15928]
  0x000001fb26842800 ConcurrentGCThread "G1 Refine#6" [stack: 0x000000063bb00000,0x000000063bc00000] [id=17436]
  0x000001fb22994000 ConcurrentGCThread "G1 Refine#7" [stack: 0x000000063ba00000,0x000000063bb00000] [id=16884]
  0x000001fb22993800 ConcurrentGCThread "G1 Refine#8" [stack: 0x000000063b900000,0x000000063ba00000] [id=25004]
  0x000001fb21b2e000 ConcurrentGCThread "G1 Refine#9" [stack: 0x000000063b800000,0x000000063b900000] [id=9468]
  0x000001fb26252800 ConcurrentGCThread "G1 Young RemSet Sampling" [stack: 0x000000063c200000,0x000000063c300000] [id=14108]

Threads with active compile tasks:

VM state:not at safepoint (normal execution)

VM Mutex/Monitor currently owned by a thread: None

Heap address: 0x0000000700000000, size: 3072 MB, Compressed Oops mode: Zero based, Oop shift amount: 3
Narrow klass base: 0x0000000000000000, Narrow klass shift: 3
Compressed class space size: 1073741824 Address: 0x00000007c0000000

Heap:
 garbage-first heap   total 189440K, used 85871K [0x0000000700000000, 0x00000007001005c8, 0x00000007c0000000)
  region size 1024K, 5 young (5120K), 1 survivors (1024K)
 Metaspace       used 85206K, capacity 90261K, committed 92364K, reserved 1128448K
  class space    used 11946K, capacity 12831K, committed 13312K, reserved 1048576K
Heap Regions: E=young(eden), S=young(survivor), O=old, HS=humongous(starts), HC=humongous(continues), CS=collection set, F=free, A=archive, TS=gc time stamp, AC=allocation context, TAMS=top-at-mark-start (previous, next)
|   0|0x0000000700000000, 0x0000000700100000, 0x0000000700100000|100%|HS|  |TS  0|AC  0|TAMS 0x0000000700000000, 0x0000000700000000|
|   1|0x0000000700100000, 0x0000000700200000, 0x0000000700200000|100%|HC|  |TS  0|AC  0|TAMS 0x0000000700100000, 0x0000000700100000|
|   2|0x0000000700200000, 0x0000000700300000, 0x0000000700300000|100%|HS|  |TS  0|AC  0|TAMS 0x0000000700200000, 0x0000000700200000|
|   3|0x0000000700300000, 0x00000007003fb220, 0x0000000700400000| 98%| O|  |TS  0|AC  0|TAMS 0x0000000700300000, 0x0000000700300000|
|   4|0x0000000700400000, 0x00000007004fc7d8, 0x0000000700500000| 98%| O|  |TS  0|AC  0|TAMS 0x0000000700400000, 0x0000000700400000|
|   5|0x0000000700500000, 0x00000007005fc390, 0x0000000700600000| 98%| O|  |TS  0|AC  0|TAMS 0x0000000700500000, 0x0000000700500000|
|   6|0x0000000700600000, 0x00000007006fffb8, 0x0000000700700000| 99%| O|  |TS  0|AC  0|TAMS 0x0000000700600000, 0x0000000700600000|
|   7|0x0000000700700000, 0x00000007007ffff8, 0x0000000700800000| 99%| O|  |TS  0|AC  0|TAMS 0x0000000700700000, 0x0000000700700000|
|   8|0x0000000700800000, 0x0000000700900000, 0x0000000700900000|100%| O|  |TS  0|AC  0|TAMS 0x0000000700800000, 0x0000000700800000|
|   9|0x0000000700900000, 0x0000000700a00000, 0x0000000700a00000|100%| O|  |TS  0|AC  0|TAMS 0x0000000700900000, 0x0000000700900000|
|  10|0x0000000700a00000, 0x0000000700b00000, 0x0000000700b00000|100%| O|  |TS  0|AC  0|TAMS 0x0000000700a00000, 0x0000000700a00000|
|  11|0x0000000700b00000, 0x0000000700c00000, 0x0000000700c00000|100%| O|  |TS  0|AC  0|TAMS 0x0000000700b00000, 0x0000000700b00000|
|  12|0x0000000700c00000, 0x0000000700cf8818, 0x0000000700d00000| 97%| O|  |TS  0|AC  0|TAMS 0x0000000700c00000, 0x0000000700c00000|
|  13|0x0000000700d00000, 0x0000000700dfed68, 0x0000000700e00000| 99%| O|  |TS  0|AC  0|TAMS 0x0000000700d00000, 0x0000000700d00000|
|  14|0x0000000700e00000, 0x0000000700effeb0, 0x0000000700f00000| 99%| O|  |TS  0|AC  0|TAMS 0x0000000700e00000, 0x0000000700e00000|
|  15|0x0000000700f00000, 0x0000000700ffca00, 0x0000000701000000| 98%| O|  |TS  0|AC  0|TAMS 0x0000000700f00000, 0x0000000700f00000|
|  16|0x0000000701000000, 0x00000007010f9880, 0x0000000701100000| 97%| O|  |TS  0|AC  0|TAMS 0x0000000701000000, 0x0000000701000000|
|  17|0x0000000701100000, 0x00000007011fffe0, 0x0000000701200000| 99%| O|  |TS  0|AC  0|TAMS 0x0000000701100000, 0x0000000701100000|
|  18|0x0000000701200000, 0x0000000701300000, 0x0000000701300000|100%| O|  |TS  0|AC  0|TAMS 0x0000000701200000, 0x0000000701200000|
|  19|0x0000000701300000, 0x00000007013fffe0, 0x0000000701400000| 99%| O|  |TS  0|AC  0|TAMS 0x0000000701300000, 0x0000000701300000|
|  20|0x0000000701400000, 0x00000007014ff928, 0x0000000701500000| 99%| O|  |TS  0|AC  0|TAMS 0x0000000701400000, 0x0000000701400000|
|  21|0x0000000701500000, 0x0000000701600000, 0x0000000701600000|100%|HS|  |TS  0|AC  0|TAMS 0x0000000701500000, 0x0000000701500000|
|  22|0x0000000701600000, 0x0000000701700000, 0x0000000701700000|100%| O|  |TS  0|AC  0|TAMS 0x0000000701600000, 0x0000000701600000|
|  23|0x0000000701700000, 0x00000007017fffe8, 0x0000000701800000| 99%| O|  |TS  0|AC  0|TAMS 0x0000000701700000, 0x0000000701700000|
|  24|0x0000000701800000, 0x00000007018fffe0, 0x0000000701900000| 99%| O|  |TS  0|AC  0|TAMS 0x0000000701800000, 0x0000000701800000|
|  25|0x0000000701900000, 0x00000007019fffd8, 0x0000000701a00000| 99%| O|  |TS  0|AC  0|TAMS 0x0000000701900000, 0x0000000701900000|
|  26|0x0000000701a00000, 0x0000000701afffe8, 0x0000000701b00000| 99%| O|  |TS  0|AC  0|TAMS 0x0000000701a00000, 0x0000000701a00000|
|  27|0x0000000701b00000, 0x0000000701c00000, 0x0000000701c00000|100%| O|  |TS  0|AC  0|TAMS 0x0000000701b00000, 0x0000000701b00000|
|  28|0x0000000701c00000, 0x0000000701cffe68, 0x0000000701d00000| 99%| O|  |TS  0|AC  0|TAMS 0x0000000701c00000, 0x0000000701c00000|
|  29|0x0000000701d00000, 0x0000000701dffff0, 0x0000000701e00000| 99%| O|  |TS  0|AC  0|TAMS 0x0000000701d00000, 0x0000000701d00000|
|  30|0x0000000701e00000, 0x0000000701efffc0, 0x0000000701f00000| 99%| O|  |TS  0|AC  0|TAMS 0x0000000701e00000, 0x0000000701e00000|
|  31|0x0000000701f00000, 0x0000000701fffff8, 0x0000000702000000| 99%| O|  |TS  0|AC  0|TAMS 0x0000000701f00000, 0x0000000701f00000|
|  32|0x0000000702000000, 0x00000007020f97c8, 0x0000000702100000| 97%| O|  |TS  0|AC  0|TAMS 0x0000000702000000, 0x0000000702000000|
|  33|0x0000000702100000, 0x00000007021f3788, 0x0000000702200000| 95%| O|  |TS  0|AC  0|TAMS 0x0000000702100000, 0x0000000702100000|
|  34|0x0000000702200000, 0x00000007022f6a40, 0x0000000702300000| 96%| O|  |TS  0|AC  0|TAMS 0x0000000702200000, 0x0000000702200000|
|  35|0x0000000702300000, 0x00000007023ffff8, 0x0000000702400000| 99%| O|  |TS  0|AC  0|TAMS 0x0000000702300000, 0x0000000702300000|
|  36|0x0000000702400000, 0x0000000702500000, 0x0000000702500000|100%| O|  |TS  0|AC  0|TAMS 0x0000000702400000, 0x0000000702400000|
|  37|0x0000000702500000, 0x00000007025ff360, 0x0000000702600000| 99%| O|  |TS  0|AC  0|TAMS 0x0000000702500000, 0x0000000702500000|
|  38|0x0000000702600000, 0x00000007026fffe0, 0x0000000702700000| 99%| O|  |TS  0|AC  0|TAMS 0x0000000702600000, 0x0000000702600000|
|  39|0x0000000702700000, 0x00000007027fffd8, 0x0000000702800000| 99%| O|  |TS  0|AC  0|TAMS 0x0000000702700000, 0x0000000702700000|
|  40|0x0000000702800000, 0x00000007028ffff8, 0x0000000702900000| 99%| O|  |TS  0|AC  0|TAMS 0x0000000702800000, 0x0000000702800000|
|  41|0x0000000702900000, 0x0000000702a00000, 0x0000000702a00000|100%|HS|  |TS  0|AC  0|TAMS 0x0000000702900000, 0x0000000702900000|
|  42|0x0000000702a00000, 0x0000000702b00000, 0x0000000702b00000|100%|HC|  |TS  0|AC  0|TAMS 0x0000000702a00000, 0x0000000702a00000|
|  43|0x0000000702b00000, 0x0000000702c00000, 0x0000000702c00000|100%|HC|  |TS  0|AC  0|TAMS 0x0000000702b00000, 0x0000000702b00000|
|  44|0x0000000702c00000, 0x0000000702d00000, 0x0000000702d00000|100%|HC|  |TS  0|AC  0|TAMS 0x0000000702c00000, 0x0000000702c00000|
|  45|0x0000000702d00000, 0x0000000702e00000, 0x0000000702e00000|100%|HC|  |TS  0|AC  0|TAMS 0x0000000702d00000, 0x0000000702d00000|
|  46|0x0000000702e00000, 0x0000000702f00000, 0x0000000702f00000|100%|HC|  |TS  0|AC  0|TAMS 0x0000000702e00000, 0x0000000702e00000|
|  47|0x0000000702f00000, 0x0000000703000000, 0x0000000703000000|100%|HC|  |TS  0|AC  0|TAMS 0x0000000702f00000, 0x0000000702f00000|
|  48|0x0000000703000000, 0x0000000703100000, 0x0000000703100000|100%|HC|  |TS  0|AC  0|TAMS 0x0000000703000000, 0x0000000703000000|
|  49|0x0000000703100000, 0x00000007031fffe8, 0x0000000703200000| 99%| O|  |TS  0|AC  0|TAMS 0x0000000703100000, 0x0000000703100000|
|  50|0x0000000703200000, 0x00000007032fffe0, 0x0000000703300000| 99%| O|  |TS  0|AC  0|TAMS 0x0000000703200000, 0x0000000703200000|
|  51|0x0000000703300000, 0x00000007033fff90, 0x0000000703400000| 99%| O|  |TS  0|AC  0|TAMS 0x0000000703300000, 0x0000000703300000|
|  52|0x0000000703400000, 0x00000007034ffff0, 0x0000000703500000| 99%| O|  |TS  0|AC  0|TAMS 0x0000000703400000, 0x0000000703400000|
|  53|0x0000000703500000, 0x00000007035ffff0, 0x0000000703600000| 99%| O|  |TS  0|AC  0|TAMS 0x0000000703500000, 0x0000000703500000|
|  54|0x0000000703600000, 0x00000007036fff20, 0x0000000703700000| 99%| O|  |TS  0|AC  0|TAMS 0x0000000703600000, 0x0000000703600000|
|  55|0x0000000703700000, 0x0000000703800000, 0x0000000703800000|100%|HS|  |TS  0|AC  0|TAMS 0x0000000703700000, 0x0000000703700000|
|  56|0x0000000703800000, 0x0000000703900000, 0x0000000703900000|100%|HC|  |TS  0|AC  0|TAMS 0x0000000703800000, 0x0000000703800000|
|  57|0x0000000703900000, 0x0000000703a00000, 0x0000000703a00000|100%| O|  |TS  0|AC  0|TAMS 0x0000000703900000, 0x0000000703900000|
|  58|0x0000000703a00000, 0x0000000703b00000, 0x0000000703b00000|100%| O|  |TS  0|AC  0|TAMS 0x0000000703a00000, 0x0000000703a00000|
|  59|0x0000000703b00000, 0x0000000703c00000, 0x0000000703c00000|100%| O|  |TS  0|AC  0|TAMS 0x0000000703b00000, 0x0000000703b00000|
|  60|0x0000000703c00000, 0x0000000703cffff8, 0x0000000703d00000| 99%| O|  |TS  0|AC  0|TAMS 0x0000000703c00000, 0x0000000703c00000|
|  61|0x0000000703d00000, 0x0000000703dffff8, 0x0000000703e00000| 99%| O|  |TS  0|AC  0|TAMS 0x0000000703d00000, 0x0000000703d00000|
|  62|0x0000000703e00000, 0x0000000703efffd8, 0x0000000703f00000| 99%| O|  |TS  0|AC  0|TAMS 0x0000000703e00000, 0x0000000703e00000|
|  63|0x0000000703f00000, 0x0000000704000000, 0x0000000704000000|100%| O|  |TS  0|AC  0|TAMS 0x0000000703f00000, 0x0000000703f00000|
|  64|0x0000000704000000, 0x00000007040ffe38, 0x0000000704100000| 99%| O|  |TS  0|AC  0|TAMS 0x0000000704000000, 0x0000000704000000|
|  65|0x0000000704100000, 0x0000000704200000, 0x0000000704200000|100%|HS|  |TS  0|AC  0|TAMS 0x0000000704100000, 0x0000000704100000|
|  66|0x0000000704200000, 0x0000000704300000, 0x0000000704300000|100%| O|  |TS  0|AC  0|TAMS 0x0000000704200000, 0x0000000704200000|
|  67|0x0000000704300000, 0x00000007043fffe8, 0x0000000704400000| 99%| O|  |TS  0|AC  0|TAMS 0x0000000704300000, 0x0000000704300000|
|  68|0x0000000704400000, 0x00000007044fffd8, 0x0000000704500000| 99%| O|  |TS  0|AC  0|TAMS 0x0000000704400000, 0x0000000704400000|
|  69|0x0000000704500000, 0x0000000704600000, 0x0000000704600000|100%|HS|  |TS  0|AC  0|TAMS 0x0000000704500000, 0x0000000704500000|
|  70|0x0000000704600000, 0x00000007046ffff0, 0x0000000704700000| 99%| O|  |TS  0|AC  0|TAMS 0x0000000704600000, 0x0000000704600000|
|  71|0x0000000704700000, 0x00000007047fffe0, 0x0000000704800000| 99%| O|  |TS  0|AC  0|TAMS 0x0000000704700000, 0x0000000704700000|
|  72|0x0000000704800000, 0x00000007048ffc48, 0x0000000704900000| 99%| O|  |TS  0|AC  0|TAMS 0x0000000704800000, 0x0000000704800000|
|  73|0x0000000704900000, 0x00000007049ffff0, 0x0000000704a00000| 99%| O|  |TS  0|AC  0|TAMS 0x0000000704900000, 0x0000000704900000|
|  74|0x0000000704a00000, 0x0000000704affff8, 0x0000000704b00000| 99%| O|  |TS  0|AC  0|TAMS 0x0000000704a00000, 0x0000000704a00000|
|  75|0x0000000704b00000, 0x0000000704c00000, 0x0000000704c00000|100%| O|  |TS  0|AC  0|TAMS 0x0000000704b00000, 0x0000000704b00000|
|  76|0x0000000704c00000, 0x0000000704c606a8, 0x0000000704d00000| 37%| O|  |TS  0|AC  0|TAMS 0x0000000704c00000, 0x0000000704c00000|
|  77|0x0000000704d00000, 0x0000000704e00000, 0x0000000704e00000|100%|HS|  |TS  0|AC  0|TAMS 0x0000000704d00000, 0x0000000704d00000|
|  78|0x0000000704e00000, 0x0000000704f00000, 0x0000000704f00000|100%|HC|  |TS  0|AC  0|TAMS 0x0000000704e00000, 0x0000000704e00000|
|  79|0x0000000704f00000, 0x0000000705000000, 0x0000000705000000|100%|HC|  |TS  0|AC  0|TAMS 0x0000000704f00000, 0x0000000704f00000|
|  80|0x0000000705000000, 0x0000000705100000, 0x0000000705100000|100%|HC|  |TS  0|AC  0|TAMS 0x0000000705000000, 0x0000000705000000|
|  81|0x0000000705100000, 0x0000000705100000, 0x0000000705200000|  0%| F|  |TS  0|AC  0|TAMS 0x0000000705100000, 0x0000000705100000|
|  82|0x0000000705200000, 0x0000000705200000, 0x0000000705300000|  0%| F|  |TS  0|AC  0|TAMS 0x0000000705200000, 0x0000000705200000|
|  83|0x0000000705300000, 0x0000000705300000, 0x0000000705400000|  0%| F|  |TS  0|AC  0|TAMS 0x0000000705300000, 0x0000000705300000|
|  84|0x0000000705400000, 0x0000000705400000, 0x0000000705500000|  0%| F|  |TS  0|AC  0|TAMS 0x0000000705400000, 0x0000000705400000|
|  85|0x0000000705500000, 0x0000000705500000, 0x0000000705600000|  0%| F|  |TS  0|AC  0|TAMS 0x0000000705500000, 0x0000000705500000|
|  86|0x0000000705600000, 0x0000000705600000, 0x0000000705700000|  0%| F|  |TS  0|AC  0|TAMS 0x0000000705600000, 0x0000000705600000|
|  87|0x0000000705700000, 0x0000000705700000, 0x0000000705800000|  0%| F|  |TS  0|AC  0|TAMS 0x0000000705700000, 0x0000000705700000|
|  88|0x0000000705800000, 0x0000000705800000, 0x0000000705900000|  0%| F|  |TS  0|AC  0|TAMS 0x0000000705800000, 0x0000000705800000|
|  89|0x0000000705900000, 0x0000000705900000, 0x0000000705a00000|  0%| F|  |TS  0|AC  0|TAMS 0x0000000705900000, 0x0000000705900000|
|  90|0x0000000705a00000, 0x0000000705a00000, 0x0000000705b00000|  0%| F|  |TS  0|AC  0|TAMS 0x0000000705a00000, 0x0000000705a00000|
|  91|0x0000000705b00000, 0x0000000705b00000, 0x0000000705c00000|  0%| F|  |TS  0|AC  0|TAMS 0x0000000705b00000, 0x0000000705b00000|
|  92|0x0000000705c00000, 0x0000000705c00000, 0x0000000705d00000|  0%| F|  |TS  0|AC  0|TAMS 0x0000000705c00000, 0x0000000705c00000|
|  93|0x0000000705d00000, 0x0000000705d00000, 0x0000000705e00000|  0%| F|  |TS  0|AC  0|TAMS 0x0000000705d00000, 0x0000000705d00000|
|  94|0x0000000705e00000, 0x0000000705e00000, 0x0000000705f00000|  0%| F|  |TS  0|AC  0|TAMS 0x0000000705e00000, 0x0000000705e00000|
|  95|0x0000000705f00000, 0x0000000705f00000, 0x0000000706000000|  0%| F|  |TS  0|AC  0|TAMS 0x0000000705f00000, 0x0000000705f00000|
|  96|0x0000000706000000, 0x0000000706000000, 0x0000000706100000|  0%| F|  |TS  0|AC  0|TAMS 0x0000000706000000, 0x0000000706000000|
|  97|0x0000000706100000, 0x0000000706100000, 0x0000000706200000|  0%| F|  |TS  0|AC  0|TAMS 0x0000000706100000, 0x0000000706100000|
|  98|0x0000000706200000, 0x0000000706200000, 0x0000000706300000|  0%| F|  |TS  0|AC  0|TAMS 0x0000000706200000, 0x0000000706200000|
|  99|0x0000000706300000, 0x0000000706300000, 0x0000000706400000|  0%| F|  |TS  0|AC  0|TAMS 0x0000000706300000, 0x0000000706300000|
| 100|0x0000000706400000, 0x0000000706400000, 0x0000000706500000|  0%| F|  |TS  0|AC  0|TAMS 0x0000000706400000, 0x0000000706400000|
| 101|0x0000000706500000, 0x0000000706500000, 0x0000000706600000|  0%| F|  |TS  0|AC  0|TAMS 0x0000000706500000, 0x0000000706500000|
| 102|0x0000000706600000, 0x0000000706600000, 0x0000000706700000|  0%| F|  |TS  0|AC  0|TAMS 0x0000000706600000, 0x0000000706600000|
| 103|0x0000000706700000, 0x0000000706700000, 0x0000000706800000|  0%| F|  |TS  0|AC  0|TAMS 0x0000000706700000, 0x0000000706700000|
| 104|0x0000000706800000, 0x0000000706800000, 0x0000000706900000|  0%| F|  |TS  0|AC  0|TAMS 0x0000000706800000, 0x0000000706800000|
| 105|0x0000000706900000, 0x0000000706900000, 0x0000000706a00000|  0%| F|  |TS  0|AC  0|TAMS 0x0000000706900000, 0x0000000706900000|
| 106|0x0000000706a00000, 0x0000000706a00000, 0x0000000706b00000|  0%| F|  |TS  0|AC  0|TAMS 0x0000000706a00000, 0x0000000706a00000|
| 107|0x0000000706b00000, 0x0000000706b00000, 0x0000000706c00000|  0%| F|  |TS  0|AC  0|TAMS 0x0000000706b00000, 0x0000000706b00000|
| 108|0x0000000706c00000, 0x0000000706c00000, 0x0000000706d00000|  0%| F|  |TS  0|AC  0|TAMS 0x0000000706c00000, 0x0000000706c00000|
| 109|0x0000000706d00000, 0x0000000706d00000, 0x0000000706e00000|  0%| F|  |TS  0|AC  0|TAMS 0x0000000706d00000, 0x0000000706d00000|
| 110|0x0000000706e00000, 0x0000000706e00000, 0x0000000706f00000|  0%| F|  |TS  0|AC  0|TAMS 0x0000000706e00000, 0x0000000706e00000|
| 111|0x0000000706f00000, 0x0000000706f00000, 0x0000000707000000|  0%| F|  |TS  0|AC  0|TAMS 0x0000000706f00000, 0x0000000706f00000|
| 112|0x0000000707000000, 0x0000000707000000, 0x0000000707100000|  0%| F|  |TS  0|AC  0|TAMS 0x0000000707000000, 0x0000000707000000|
| 113|0x0000000707100000, 0x0000000707100000, 0x0000000707200000|  0%| F|  |TS  0|AC  0|TAMS 0x0000000707100000, 0x0000000707100000|
| 114|0x0000000707200000, 0x0000000707200000, 0x0000000707300000|  0%| F|  |TS  0|AC  0|TAMS 0x0000000707200000, 0x0000000707200000|
| 115|0x0000000707300000, 0x0000000707300000, 0x0000000707400000|  0%| F|  |TS  0|AC  0|TAMS 0x0000000707300000, 0x0000000707300000|
| 116|0x0000000707400000, 0x0000000707400000, 0x0000000707500000|  0%| F|  |TS  0|AC  0|TAMS 0x0000000707400000, 0x0000000707400000|
| 117|0x0000000707500000, 0x0000000707500000, 0x0000000707600000|  0%| F|  |TS  0|AC  0|TAMS 0x0000000707500000, 0x0000000707500000|
| 118|0x0000000707600000, 0x0000000707600000, 0x0000000707700000|  0%| F|  |TS  0|AC  0|TAMS 0x0000000707600000, 0x0000000707600000|
| 119|0x0000000707700000, 0x0000000707700000, 0x0000000707800000|  0%| F|  |TS  0|AC  0|TAMS 0x0000000707700000, 0x0000000707700000|
| 120|0x0000000707800000, 0x0000000707800000, 0x0000000707900000|  0%| F|  |TS  0|AC  0|TAMS 0x0000000707800000, 0x0000000707800000|
| 121|0x0000000707900000, 0x0000000707900000, 0x0000000707a00000|  0%| F|  |TS  0|AC  0|TAMS 0x0000000707900000, 0x0000000707900000|
| 122|0x0000000707a00000, 0x0000000707a00000, 0x0000000707b00000|  0%| F|  |TS  0|AC  0|TAMS 0x0000000707a00000, 0x0000000707a00000|
| 123|0x0000000707b00000, 0x0000000707b00000, 0x0000000707c00000|  0%| F|  |TS  0|AC  0|TAMS 0x0000000707b00000, 0x0000000707b00000|
| 124|0x0000000707c00000, 0x0000000707cb87e0, 0x0000000707d00000| 72%| S|CS|TS  1|AC  0|TAMS 0x0000000707c00000, 0x0000000707c00000|
| 125|0x0000000707d00000, 0x0000000707d00000, 0x0000000707e00000|  0%| F|  |TS  1|AC  0|TAMS 0x0000000707d00000, 0x0000000707d00000|
| 126|0x0000000707e00000, 0x0000000707e00000, 0x0000000707f00000|  0%| F|  |TS  1|AC  0|TAMS 0x0000000707e00000, 0x0000000707e00000|
| 127|0x0000000707f00000, 0x0000000707f00000, 0x0000000708000000|  0%| F|  |TS  1|AC  0|TAMS 0x0000000707f00000, 0x0000000707f00000|
| 128|0x0000000708000000, 0x0000000708000000, 0x0000000708100000|  0%| F|  |TS  1|AC  0|TAMS 0x0000000708000000, 0x0000000708000000|
| 129|0x0000000708100000, 0x0000000708100000, 0x0000000708200000|  0%| F|  |TS  1|AC  0|TAMS 0x0000000708100000, 0x0000000708100000|
| 130|0x0000000708200000, 0x0000000708200000, 0x0000000708300000|  0%| F|  |TS  1|AC  0|TAMS 0x0000000708200000, 0x0000000708200000|
| 131|0x0000000708300000, 0x0000000708300000, 0x0000000708400000|  0%| F|  |TS  1|AC  0|TAMS 0x0000000708300000, 0x0000000708300000|
| 132|0x0000000708400000, 0x0000000708400000, 0x0000000708500000|  0%| F|  |TS  1|AC  0|TAMS 0x0000000708400000, 0x0000000708400000|
| 133|0x0000000708500000, 0x0000000708500000, 0x0000000708600000|  0%| F|  |TS  1|AC  0|TAMS 0x0000000708500000, 0x0000000708500000|
| 134|0x0000000708600000, 0x0000000708600000, 0x0000000708700000|  0%| F|  |TS  1|AC  0|TAMS 0x0000000708600000, 0x0000000708600000|
| 135|0x0000000708700000, 0x0000000708700000, 0x0000000708800000|  0%| F|  |TS  1|AC  0|TAMS 0x0000000708700000, 0x0000000708700000|
| 136|0x0000000708800000, 0x0000000708800000, 0x0000000708900000|  0%| F|  |TS  1|AC  0|TAMS 0x0000000708800000, 0x0000000708800000|
| 137|0x0000000708900000, 0x0000000708900000, 0x0000000708a00000|  0%| F|  |TS  1|AC  0|TAMS 0x0000000708900000, 0x0000000708900000|
| 138|0x0000000708a00000, 0x0000000708a00000, 0x0000000708b00000|  0%| F|  |TS  1|AC  0|TAMS 0x0000000708a00000, 0x0000000708a00000|
| 139|0x0000000708b00000, 0x0000000708b00000, 0x0000000708c00000|  0%| F|  |TS  1|AC  0|TAMS 0x0000000708b00000, 0x0000000708b00000|
| 140|0x0000000708c00000, 0x0000000708c00000, 0x0000000708d00000|  0%| F|  |TS  1|AC  0|TAMS 0x0000000708c00000, 0x0000000708c00000|
| 141|0x0000000708d00000, 0x0000000708d00000, 0x0000000708e00000|  0%| F|  |TS  1|AC  0|TAMS 0x0000000708d00000, 0x0000000708d00000|
| 142|0x0000000708e00000, 0x0000000708e00000, 0x0000000708f00000|  0%| F|  |TS  1|AC  0|TAMS 0x0000000708e00000, 0x0000000708e00000|
| 143|0x0000000708f00000, 0x0000000708f00000, 0x0000000709000000|  0%| F|  |TS  1|AC  0|TAMS 0x0000000708f00000, 0x0000000708f00000|
| 144|0x0000000709000000, 0x0000000709000000, 0x0000000709100000|  0%| F|  |TS  1|AC  0|TAMS 0x0000000709000000, 0x0000000709000000|
| 145|0x0000000709100000, 0x0000000709100000, 0x0000000709200000|  0%| F|  |TS  1|AC  0|TAMS 0x0000000709100000, 0x0000000709100000|
| 146|0x0000000709200000, 0x0000000709200000, 0x0000000709300000|  0%| F|  |TS  1|AC  0|TAMS 0x0000000709200000, 0x0000000709200000|
| 147|0x0000000709300000, 0x0000000709300000, 0x0000000709400000|  0%| F|  |TS  1|AC  0|TAMS 0x0000000709300000, 0x0000000709300000|
| 148|0x0000000709400000, 0x0000000709400000, 0x0000000709500000|  0%| F|  |TS  1|AC  0|TAMS 0x0000000709400000, 0x0000000709400000|
| 149|0x0000000709500000, 0x0000000709500000, 0x0000000709600000|  0%| F|  |TS  1|AC  0|TAMS 0x0000000709500000, 0x0000000709500000|
| 150|0x0000000709600000, 0x0000000709600000, 0x0000000709700000|  0%| F|  |TS  1|AC  0|TAMS 0x0000000709600000, 0x0000000709600000|
| 151|0x0000000709700000, 0x0000000709700000, 0x0000000709800000|  0%| F|  |TS  1|AC  0|TAMS 0x0000000709700000, 0x0000000709700000|
| 152|0x0000000709800000, 0x0000000709800000, 0x0000000709900000|  0%| F|  |TS  1|AC  0|TAMS 0x0000000709800000, 0x0000000709800000|
| 153|0x0000000709900000, 0x0000000709900000, 0x0000000709a00000|  0%| F|  |TS  1|AC  0|TAMS 0x0000000709900000, 0x0000000709900000|
| 154|0x0000000709a00000, 0x0000000709a00000, 0x0000000709b00000|  0%| F|  |TS  1|AC  0|TAMS 0x0000000709a00000, 0x0000000709a00000|
| 155|0x0000000709b00000, 0x0000000709b00000, 0x0000000709c00000|  0%| F|  |TS  1|AC  0|TAMS 0x0000000709b00000, 0x0000000709b00000|
| 156|0x0000000709c00000, 0x0000000709c00000, 0x0000000709d00000|  0%| F|  |TS  1|AC  0|TAMS 0x0000000709c00000, 0x0000000709c00000|
| 157|0x0000000709d00000, 0x0000000709d00000, 0x0000000709e00000|  0%| F|  |TS  1|AC  0|TAMS 0x0000000709d00000, 0x0000000709d00000|
| 158|0x0000000709e00000, 0x0000000709e00000, 0x0000000709f00000|  0%| F|  |TS  1|AC  0|TAMS 0x0000000709e00000, 0x0000000709e00000|
| 159|0x0000000709f00000, 0x0000000709f00000, 0x000000070a000000|  0%| F|  |TS  1|AC  0|TAMS 0x0000000709f00000, 0x0000000709f00000|
| 160|0x000000070a000000, 0x000000070a000000, 0x000000070a100000|  0%| F|  |TS  1|AC  0|TAMS 0x000000070a000000, 0x000000070a000000|
| 161|0x000000070a100000, 0x000000070a100000, 0x000000070a200000|  0%| F|  |TS  1|AC  0|TAMS 0x000000070a100000, 0x000000070a100000|
| 162|0x000000070a200000, 0x000000070a200000, 0x000000070a300000|  0%| F|  |TS  1|AC  0|TAMS 0x000000070a200000, 0x000000070a200000|
| 163|0x000000070a300000, 0x000000070a300000, 0x000000070a400000|  0%| F|  |TS  1|AC  0|TAMS 0x000000070a300000, 0x000000070a300000|
| 164|0x000000070a400000, 0x000000070a400000, 0x000000070a500000|  0%| F|  |TS  1|AC  0|TAMS 0x000000070a400000, 0x000000070a400000|
| 165|0x000000070a500000, 0x000000070a500000, 0x000000070a600000|  0%| F|  |TS  1|AC  0|TAMS 0x000000070a500000, 0x000000070a500000|
| 166|0x000000070a600000, 0x000000070a600000, 0x000000070a700000|  0%| F|  |TS  1|AC  0|TAMS 0x000000070a600000, 0x000000070a600000|
| 167|0x000000070a700000, 0x000000070a700000, 0x000000070a800000|  0%| F|  |TS  1|AC  0|TAMS 0x000000070a700000, 0x000000070a700000|
| 168|0x000000070a800000, 0x000000070a800000, 0x000000070a900000|  0%| F|  |TS  1|AC  0|TAMS 0x000000070a800000, 0x000000070a800000|
| 169|0x000000070a900000, 0x000000070a900000, 0x000000070aa00000|  0%| F|  |TS  1|AC  0|TAMS 0x000000070a900000, 0x000000070a900000|
| 170|0x000000070aa00000, 0x000000070aa00000, 0x000000070ab00000|  0%| F|  |TS  1|AC  0|TAMS 0x000000070aa00000, 0x000000070aa00000|
| 171|0x000000070ab00000, 0x000000070ab00000, 0x000000070ac00000|  0%| F|  |TS  1|AC  0|TAMS 0x000000070ab00000, 0x000000070ab00000|
| 172|0x000000070ac00000, 0x000000070ac00000, 0x000000070ad00000|  0%| F|  |TS  1|AC  0|TAMS 0x000000070ac00000, 0x000000070ac00000|
| 173|0x000000070ad00000, 0x000000070ad00000, 0x000000070ae00000|  0%| F|  |TS  1|AC  0|TAMS 0x000000070ad00000, 0x000000070ad00000|
| 174|0x000000070ae00000, 0x000000070ae00000, 0x000000070af00000|  0%| F|  |TS  1|AC  0|TAMS 0x000000070ae00000, 0x000000070ae00000|
| 175|0x000000070af00000, 0x000000070af00000, 0x000000070b000000|  0%| F|  |TS  1|AC  0|TAMS 0x000000070af00000, 0x000000070af00000|
| 176|0x000000070b000000, 0x000000070b000000, 0x000000070b100000|  0%| F|  |TS  1|AC  0|TAMS 0x000000070b000000, 0x000000070b000000|
| 177|0x000000070b100000, 0x000000070b100000, 0x000000070b200000|  0%| F|  |TS  1|AC  0|TAMS 0x000000070b100000, 0x000000070b100000|
| 178|0x000000070b200000, 0x000000070b200000, 0x000000070b300000|  0%| F|  |TS  1|AC  0|TAMS 0x000000070b200000, 0x000000070b200000|
| 179|0x000000070b300000, 0x000000070b300000, 0x000000070b400000|  0%| F|  |TS  1|AC  0|TAMS 0x000000070b300000, 0x000000070b300000|
| 180|0x000000070b400000, 0x000000070b400000, 0x000000070b500000|  0%| F|  |TS  1|AC  0|TAMS 0x000000070b400000, 0x000000070b400000|
| 181|0x000000070b500000, 0x000000070b591788, 0x000000070b600000| 56%| E|  |TS  1|AC  0|TAMS 0x000000070b500000, 0x000000070b500000|
| 182|0x000000070b600000, 0x000000070b700000, 0x000000070b700000|100%| E|CS|TS  1|AC  0|TAMS 0x000000070b600000, 0x000000070b600000|
| 183|0x000000070b700000, 0x000000070b800000, 0x000000070b800000|100%| E|CS|TS  1|AC  0|TAMS 0x000000070b700000, 0x000000070b700000|
| 184|0x000000070b800000, 0x000000070b900000, 0x000000070b900000|100%| E|CS|TS  1|AC  0|TAMS 0x000000070b800000, 0x000000070b800000|

Card table byte_map: [0x000001fb24260000,0x000001fb24860000] byte_map_base: 0x000001fb20a60000

Marking Bits (Prev, Next): (CMBitMap*) 0x000001fb225340d8, (CMBitMap*) 0x000001fb225340a0
 Prev Bits: [0x000001fb3f6b0000, 0x000001fb426b0000)
 Next Bits: [0x000001fb3c6b0000, 0x000001fb3f6b0000)

Polling page: 0x000001fb1b850000

CodeHeap 'non-profiled nmethods': size=120000Kb used=17939Kb max_used=17939Kb free=102061Kb
 bounds [0x000001fb35180000, 0x000001fb36310000, 0x000001fb3c6b0000]
CodeHeap 'profiled nmethods': size=120000Kb used=36948Kb max_used=38407Kb free=83051Kb
 bounds [0x000001fb2dc50000, 0x000001fb30280000, 0x000001fb35180000]
CodeHeap 'non-nmethods': size=5760Kb used=1865Kb max_used=1927Kb free=3894Kb
 bounds [0x000001fb2d6b0000, 0x000001fb2d920000, 0x000001fb2dc50000]
 total_blobs=28713 nmethods=15102 adapters=1247
 compilation: enabled

Compilation events (10 events):
Event: 3589.644 Thread 0x000001fb1f5fa000 19723       3       com.jidesoft.editor.margin.CodeFoldingMargin::paintFolding (512 bytes)
Event: 3589.648 Thread 0x000001fb1f5fa000 nmethod 19723 0x000001fb2fcc8e90 code [0x000001fb2fcc9440, 0x000001fb2fcce030]
Event: 3589.648 Thread 0x000001fb1f5fa000 19724       3       ui.utils.lnf.m::paintFoldingEnd (96 bytes)
Event: 3589.649 Thread 0x000001fb1f5fa000 nmethod 19724 0x000001fb2fac8010 code [0x000001fb2fac8200, 0x000001fb2fac8800]
Event: 3589.649 Thread 0x000001fb1f5fa000 19725       3       ui.utils.lnf.m::paintFoldingLine (64 bytes)
Event: 3589.649 Thread 0x000001fb1f5fa000 nmethod 19725 0x000001fb2fad1a90 code [0x000001fb2fad1ce0, 0x000001fb2fad2410]
Event: 3590.063 Thread 0x000001fb1f5fa000 19726   !   3       ui.views.R.gl::aau (33 bytes)
Event: 3590.065 Thread 0x000001fb1f5fa000 nmethod 19726 0x000001fb2fad5790 code [0x000001fb2fad5980, 0x000001fb2fad5f60]
Event: 3590.065 Thread 0x000001fb1f5fa000 19727       3       de.concept.nlview.Nlview::command (11 bytes)
Event: 3590.065 Thread 0x000001fb1f5fa000 nmethod 19727 0x000001fb2fa2e410 code [0x000001fb2fa2e5c0, 0x000001fb2fa2e7f0]

GC Heap History (10 events):
Event: 3565.796 GC heap before
{Heap before GC invocations=102 (full 2):
 garbage-first heap   total 189440K, used 152514K [0x0000000700000000, 0x00000007001005c8, 0x00000007c0000000)
  region size 1024K, 60 young (61440K), 5 survivors (5120K)
 Metaspace       used 84762K, capacity 89749K, committed 91724K, reserved 1128448K
  class space    used 11884K, capacity 12761K, committed 13184K, reserved 1048576K
}
Event: 3565.802 GC heap after
{Heap after GC invocations=103 (full 2):
 garbage-first heap   total 189440K, used 96114K [0x0000000700000000, 0x00000007001005c8, 0x00000007c0000000)
  region size 1024K, 4 young (4096K), 4 survivors (4096K)
 Metaspace       used 84762K, capacity 89749K, committed 91724K, reserved 1128448K
  class space    used 11884K, capacity 12761K, committed 13184K, reserved 1048576K
}
Event: 3567.396 GC heap before
{Heap before GC invocations=104 (full 2):
 garbage-first heap   total 189440K, used 153458K [0x0000000700000000, 0x00000007001005c8, 0x00000007c0000000)
  region size 1024K, 60 young (61440K), 4 survivors (4096K)
 Metaspace       used 84787K, capacity 89755K, committed 91724K, reserved 1128448K
  class space    used 11886K, capacity 12762K, committed 13184K, reserved 1048576K
}
Event: 3567.401 GC heap after
{Heap after GC invocations=105 (full 2):
 garbage-first heap   total 189440K, used 96112K [0x0000000700000000, 0x00000007001005c8, 0x00000007c0000000)
  region size 1024K, 4 young (4096K), 4 survivors (4096K)
 Metaspace       used 84787K, capacity 89755K, committed 91724K, reserved 1128448K
  class space    used 11886K, capacity 12762K, committed 13184K, reserved 1048576K
}
Event: 3567.752 GC heap before
{Heap before GC invocations=105 (full 2):
 garbage-first heap   total 189440K, used 153456K [0x0000000700000000, 0x00000007001005c8, 0x00000007c0000000)
  region size 1024K, 60 young (61440K), 4 survivors (4096K)
 Metaspace       used 84819K, capacity 89755K, committed 91724K, reserved 1128448K
  class space    used 11886K, capacity 12762K, committed 13184K, reserved 1048576K
}
Event: 3567.758 GC heap after
{Heap after GC invocations=106 (full 2):
 garbage-first heap   total 189440K, used 96130K [0x0000000700000000, 0x00000007001005c8, 0x00000007c0000000)
  region size 1024K, 4 young (4096K), 4 survivors (4096K)
 Metaspace       used 84819K, capacity 89755K, committed 91724K, reserved 1128448K
  class space    used 11886K, capacity 12762K, committed 13184K, reserved 1048576K
}
Event: 3588.954 GC heap before
{Heap before GC invocations=107 (full 2):
 garbage-first heap   total 189440K, used 153474K [0x0000000700000000, 0x00000007001005c8, 0x00000007c0000000)
  region size 1024K, 60 young (61440K), 4 survivors (4096K)
 Metaspace       used 85134K, capacity 90133K, committed 92108K, reserved 1128448K
  class space    used 11940K, capacity 12831K, committed 13312K, reserved 1048576K
}
Event: 3588.960 GC heap after
{Heap after GC invocations=108 (full 2):
 garbage-first heap   total 189440K, used 96348K [0x0000000700000000, 0x00000007001005c8, 0x00000007c0000000)
  region size 1024K, 5 young (5120K), 5 survivors (5120K)
 Metaspace       used 85134K, capacity 90133K, committed 92108K, reserved 1128448K
  class space    used 11940K, capacity 12831K, committed 13312K, reserved 1048576K
}
Event: 3589.100 GC heap before
{Heap before GC invocations=108 (full 2):
 garbage-first heap   total 189440K, used 99420K [0x0000000700000000, 0x00000007001005c8, 0x00000007c0000000)
  region size 1024K, 9 young (9216K), 5 survivors (5120K)
 Metaspace       used 85163K, capacity 90133K, committed 92108K, reserved 1128448K
  class space    used 11945K, capacity 12831K, committed 13312K, reserved 1048576K
}
Event: 3589.429 GC heap after
{Heap after GC invocations=109 (full 3):
 garbage-first heap   total 189440K, used 82061K [0x0000000700000000, 0x00000007001005c8, 0x00000007c0000000)
  region size 1024K, 0 young (0K), 0 survivors (0K)
 Metaspace       used 85163K, capacity 90133K, committed 92108K, reserved 1128448K
  class space    used 11945K, capacity 12831K, committed 13312K, reserved 1048576K
}

Deoptimization events (10 events):
Event: 3588.967 Thread 0x000001fb45bfd800 Uncommon trap: reason=unstable_if action=reinterpret pc=0x000001fb35957690 method=com.jidesoft.swing.JideTabbedPane.getIconForTab(I)Ljavax/swing/Icon; @ 52 c2
Event: 3588.967 Thread 0x000001fb45bfd800 Uncommon trap: reason=unstable_if action=reinterpret pc=0x000001fb35d09854 method=com.jidesoft.swing.JideTabbedPane.getIconForTab(I)Ljavax/swing/Icon; @ 52 c2
Event: 3588.978 Thread 0x000001fb45bfd800 Uncommon trap: reason=unstable_if action=reinterpret pc=0x000001fb360c8350 method=java.awt.Rectangle.union(Ljava/awt/Rectangle;)Ljava/awt/Rectangle; @ 122 c2
Event: 3588.978 Thread 0x000001fb45bfd800 Uncommon trap: reason=unstable_if action=reinterpret pc=0x000001fb358f5e54 method=java.awt.Rectangle.union(Ljava/awt/Rectangle;)Ljava/awt/Rectangle; @ 122 c2
Event: 3588.978 Thread 0x000001fb45bfd800 Uncommon trap: reason=unstable_if action=reinterpret pc=0x000001fb360c9b7c method=java.awt.Rectangle.union(Ljava/awt/Rectangle;)Ljava/awt/Rectangle; @ 122 c2
Event: 3588.978 Thread 0x000001fb45bfd800 Uncommon trap: reason=unstable_if action=reinterpret pc=0x000001fb358f49dc method=java.awt.Rectangle.union(Ljava/awt/Rectangle;)Ljava/awt/Rectangle; @ 122 c2
Event: 3588.978 Thread 0x000001fb45bfd800 Uncommon trap: reason=unstable_if action=reinterpret pc=0x000001fb35c26004 method=ui.b.c.Q.getPreferredSize()Ljava/awt/Dimension; @ 59 c2
Event: 3589.068 Thread 0x000001fb45bfd800 Uncommon trap: reason=unstable_if action=reinterpret pc=0x000001fb35f90c60 method=java.awt.EventQueue.removeSourceEvents(Ljava/lang/Object;Z)V @ 99 c2
Event: 3589.071 Thread 0x000001fb45bfd800 Uncommon trap: reason=unstable_if action=reinterpret pc=0x000001fb3536eb08 method=javax.swing.event.EventListenerList.remove(Ljava/lang/Class;Ljava/util/EventListener;)V @ 1 c2
Event: 3589.088 Thread 0x000001fb45bfd800 Uncommon trap: reason=unstable_if action=reinterpret pc=0x000001fb35377908 method=java.awt.Component.removePropertyChangeListener(Ljava/beans/PropertyChangeListener;)V @ 8 c2

Classes redefined (0 events):
No events

Internal exceptions (10 events):
Event: 3578.895 Thread 0x000001fb49620000 Exception <a 'sun/nio/fs/WindowsException'{0x00000007088126e0}> (0x00000007088126e0) thrown at [t:/workspace/hotspot/src/share/vm/prims/jni.cpp, line 604]
Event: 3578.895 Thread 0x000001fb49620000 Exception <a 'sun/nio/fs/WindowsException'{0x0000000708812710}> (0x0000000708812710) thrown at [t:/workspace/hotspot/src/share/vm/prims/jni.cpp, line 604]
Event: 3578.895 Thread 0x000001fb49620000 Exception <a 'sun/nio/fs/WindowsException'{0x0000000708812740}> (0x0000000708812740) thrown at [t:/workspace/hotspot/src/share/vm/prims/jni.cpp, line 604]
Event: 3578.895 Thread 0x000001fb49620000 Exception <a 'sun/nio/fs/WindowsException'{0x0000000708812770}> (0x0000000708812770) thrown at [t:/workspace/hotspot/src/share/vm/prims/jni.cpp, line 604]
Event: 3588.941 Thread 0x000001fb49623000 Exception <a 'java/lang/NoSuchMethodError'{0x0000000708234f78}: java.lang.invoke.DirectMethodHandle$Holder.invokeSpecial(Ljava/lang/Object;Ljava/lang/Object;IILjava/lang/Object;JJ)Ljava/lang/Object;> (0x0000000708234f78) thrown at [t:/workspace/hotspot/sr
Event: 3588.941 Thread 0x000001fb49623000 Exception <a 'java/lang/NoSuchMethodError'{0x0000000708238138}: java.lang.invoke.DelegatingMethodHandle$Holder.reinvoke_L(Ljava/lang/Object;IILjava/lang/Object;JJ)Ljava/lang/Object;> (0x0000000708238138) thrown at [t:/workspace/hotspot/src/share/vm/interp
Event: 3588.947 Thread 0x000001fb49623000 Exception <a 'java/lang/NoSuchMethodError'{0x0000000708252e98}: method resolution failed> (0x0000000708252e98) thrown at [t:/workspace/hotspot/src/share/vm/prims/methodHandles.cpp, line 1256]
Event: 3588.947 Thread 0x000001fb49623000 Exception <a 'java/lang/InterruptedException'{0x00000007082585a0}: sleep interrupted> (0x00000007082585a0) thrown at [t:/workspace/hotspot/src/share/vm/prims/jvm.cpp, line 2984]
Event: 3589.071 Thread 0x000001fb45bfd800 Implicit null exception at 0x000001fb3536e43f to 0x000001fb3536eaf9
Event: 3589.081 Thread 0x000001fb45bfd800 Implicit null exception at 0x000001fb353774de to 0x000001fb353778f1

Events (10 events):
Event: 3589.555 Thread 0x000001fb49620000 Thread added: 0x000001fb49620000
Event: 3589.556 Thread 0x000001fb49627800 Thread added: 0x000001fb49627800
Event: 3589.558 Executing VM operation: RevokeBias
Event: 3589.567 Executing VM operation: RevokeBias done
Event: 3589.567 Executing VM operation: RevokeBias
Event: 3589.568 Executing VM operation: RevokeBias done
Event: 3589.568 Thread 0x000001fb49627800 Thread exited: 0x000001fb49627800
Event: 3589.568 Thread 0x000001fb49620000 Thread exited: 0x000001fb49620000
Event: 3589.938 Thread 0x000001fb49621000 Thread added: 0x000001fb49621000
Event: 3589.953 Thread 0x000001fb49621000 Thread exited: 0x000001fb49621000


Dynamic libraries:
0x00007ff7a6120000 - 0x00007ff7a6150000 	C:\Xilinx\Vivado\2019.1\bin\unwrapped\win64.o\vivado.exe
0x00007ff8649d0000 - 0x00007ff864be6000 	C:\WINDOWS\SYSTEM32\ntdll.dll
0x00007ff863d90000 - 0x00007ff863e54000 	C:\WINDOWS\System32\KERNEL32.DLL
0x00007ff861ed0000 - 0x00007ff862276000 	C:\WINDOWS\System32\KERNELBASE.dll
0x00007ff861db0000 - 0x00007ff861ec1000 	C:\WINDOWS\System32\ucrtbase.dll
0x00007ff85a9f0000 - 0x00007ff85aa7d000 	C:\WINDOWS\SYSTEM32\MSVCP140.dll
0x00007ff85a9b0000 - 0x00007ff85a9c4000 	C:\Xilinx\Vivado\2019.1\lib\win64.o\librdi_commonmain.dll
0x00007fffa4430000 - 0x00007fffa5312000 	C:\Xilinx\Vivado\2019.1\lib\win64.o\librdi_common.dll
0x00007ff85a990000 - 0x00007ff85a9a4000 	C:\Xilinx\Vivado\2019.1\lib\win64.o\libboost_signals.dll
0x00007ff864240000 - 0x00007ff8643ed000 	C:\WINDOWS\System32\USER32.dll
0x00007ff861d80000 - 0x00007ff861da6000 	C:\WINDOWS\System32\win32u.dll
0x00007ff863d50000 - 0x00007ff863d79000 	C:\WINDOWS\System32\GDI32.dll
0x00007ff862600000 - 0x00007ff862718000 	C:\WINDOWS\System32\gdi32full.dll
0x00007ff862300000 - 0x00007ff86239a000 	C:\WINDOWS\System32\msvcp_win.dll
0x00007ff85ca10000 - 0x00007ff85ca2b000 	C:\WINDOWS\SYSTEM32\VCRUNTIME140.dll
0x00007ff8628b0000 - 0x00007ff862962000 	C:\WINDOWS\System32\ADVAPI32.dll
0x00007ff862720000 - 0x00007ff8627c7000 	C:\WINDOWS\System32\msvcrt.dll
0x00007ff862ac0000 - 0x00007ff862b68000 	C:\WINDOWS\System32\sechost.dll
0x00007ff862510000 - 0x00007ff862538000 	C:\WINDOWS\System32\bcrypt.dll
0x00007ff85ca40000 - 0x00007ff85ca4c000 	C:\WINDOWS\SYSTEM32\VCRUNTIME140_1.dll
0x00007ff862b70000 - 0x00007ff862c85000 	C:\WINDOWS\System32\RPCRT4.dll
0x00007ff862f60000 - 0x00007ff8637bd000 	C:\WINDOWS\System32\SHELL32.dll
0x00007ff85a960000 - 0x00007ff85a986000 	C:\Xilinx\Vivado\2019.1\lib\win64.o\libboost_filesystem.dll
0x00007ff85c9f0000 - 0x00007ff85c9fa000 	C:\Xilinx\Vivado\2019.1\lib\win64.o\librdi_commonversion.dll
0x0000000056280000 - 0x00000000563ab000 	C:\Xilinx\Vivado\2019.1\lib\win64.o\tcl85t.dll
0x00007ffff0500000 - 0x00007ffff0621000 	C:\Xilinx\Vivado\2019.1\lib\win64.o\librdi_commonxillic.dll
0x00007ff862ee0000 - 0x00007ff862f51000 	C:\WINDOWS\System32\WS2_32.dll
0x00007fffa40c0000 - 0x00007fffa442e000 	C:\Xilinx\Vivado\2019.1\lib\win64.o\libCOIN-all.dll
0x00007ff85a320000 - 0x00007ff85a334000 	C:\Xilinx\Vivado\2019.1\lib\win64.o\libboost_date_time.dll
0x00007ff819eb0000 - 0x00007ff819f2f000 	C:\Xilinx\Vivado\2019.1\lib\win64.o\libboost_program_options.dll
0x00007ffff03e0000 - 0x00007ffff04f4000 	C:\Xilinx\Vivado\2019.1\lib\win64.o\libboost_regex.dll
0x00007ff85ac60000 - 0x00007ff85ac6b000 	C:\Xilinx\Vivado\2019.1\lib\win64.o\libboost_system.dll
0x00007ff85a2f0000 - 0x00007ff85a311000 	C:\Xilinx\Vivado\2019.1\lib\win64.o\libboost_thread.dll
0x00007ff85a950000 - 0x00007ff85a95f000 	C:\Xilinx\Vivado\2019.1\lib\win64.o\libboost_xilinx.dll
0x00007ffff0350000 - 0x00007ffff03d2000 	C:\Xilinx\Vivado\2019.1\lib\win64.o\libhdlpsolve.dll
0x00007fffde1a0000 - 0x00007fffde245000 	C:\Xilinx\Vivado\2019.1\lib\win64.o\libhdxml.dll
0x00007ff84a850000 - 0x00007ff84a87e000 	C:\Xilinx\Vivado\2019.1\lib\win64.o\libisl_sysinfo.dll
0x00007ff85a2d0000 - 0x00007ff85a2ea000 	C:\Xilinx\Vivado\2019.1\lib\win64.o\pthreadVC2.dll
0x00007ffff2a80000 - 0x00007ffff2ae5000 	C:\Xilinx\Vivado\2019.1\lib\win64.o\liblmx6.0.dll
0x00007fff9f3d0000 - 0x00007fff9ff7f400 	C:\Xilinx\Vivado\2019.1\lib\win64.o\libisl_iostreams.dll
0x00007ff851b70000 - 0x00007ff851b8c000 	C:\Xilinx\Vivado\2019.1\lib\win64.o\librdiconfig.dll
0x00007ff821fe0000 - 0x00007ff822001000 	C:\Xilinx\Vivado\2019.1\lib\win64.o\librdizlib.dll
0x00007ff856b70000 - 0x00007ff856b89000 	C:\WINDOWS\SYSTEM32\NETAPI32.dll
0x0000000012000000 - 0x0000000012270000 	C:\Xilinx\Vivado\2019.1\lib\win64.o\xerces-c_3_1.dll
0x00007ff828650000 - 0x00007ff828b44000 	C:\WINDOWS\SYSTEM32\WININET.dll
0x00007ff85af90000 - 0x00007ff85b0c7000 	C:\WINDOWS\SYSTEM32\WINHTTP.dll
0x00007ff83c810000 - 0x00007ff83ca00000 	C:\WINDOWS\SYSTEM32\urlmon.dll
0x00007ff83c5f0000 - 0x00007ff83c5f9000 	C:\WINDOWS\SYSTEM32\WSOCK32.dll
0x00007ff819e50000 - 0x00007ff819e81000 	C:\WINDOWS\SYSTEM32\VCOMP140.DLL
0x00007fff9e530000 - 0x00007fff9f3c1000 	C:\Xilinx\Vivado\2019.1\lib\win64.o\gurobi65.dll
0x00007fffa3de0000 - 0x00007fffa40b8000 	C:\Xilinx\Vivado\2019.1\lib\win64.o\libXil_lmgr11.dll
0x00007ff8637c0000 - 0x00007ff8638b9000 	C:\WINDOWS\System32\COMDLG32.dll
0x00007ff8638c0000 - 0x00007ff863c48000 	C:\WINDOWS\System32\combase.dll
0x00007ff863c50000 - 0x00007ff863d43000 	C:\WINDOWS\System32\shcore.dll
0x00007ff862a60000 - 0x00007ff862abe000 	C:\WINDOWS\System32\SHLWAPI.dll
0x00007ff85a160000 - 0x00007ff85a16d000 	C:\Xilinx\Vivado\2019.1\lib\win64.o\libboost_chrono.dll
0x00007ff8627d0000 - 0x00007ff8628a7000 	C:\WINDOWS\System32\OLEAUT32.dll
0x00007ff862d40000 - 0x00007ff862edf000 	C:\WINDOWS\System32\ole32.dll
0x00007ff81ce90000 - 0x00007ff81ceb5000 	C:\Xilinx\Vivado\2019.1\lib\win64.o\libisl_iosutils.dll
0x00007ff822020000 - 0x00007ff82203b000 	C:\Xilinx\Vivado\2019.1\lib\win64.o\libboost_iostreams.dll
0x00007ff861d10000 - 0x00007ff861d7b000 	C:\WINDOWS\System32\WINTRUST.dll
0x00007ff8623a0000 - 0x00007ff862506000 	C:\WINDOWS\System32\CRYPT32.dll
0x00007ff856410000 - 0x00007ff856438000 	C:\WINDOWS\SYSTEM32\srvcli.dll
0x00007ff8607c0000 - 0x00007ff8607cc000 	C:\WINDOWS\SYSTEM32\netutils.dll
0x00007ff83b4e0000 - 0x00007ff83b79c000 	C:\WINDOWS\SYSTEM32\iertutil.dll
0x00007ff82e960000 - 0x00007ff82ea13000 	C:\WINDOWS\WinSxS\amd64_microsoft.windows.common-controls_6595b64144ccf1df_5.82.22621.2506_none_b43bab19638c9595\COMCTL32.dll
0x00007ff85aef0000 - 0x00007ff85af0f000 	C:\WINDOWS\SYSTEM32\dhcpcsvc.DLL
0x00007ff8644d0000 - 0x00007ff864501000 	C:\WINDOWS\System32\IMM32.DLL
0x00007ff861480000 - 0x00007ff861492000 	C:\WINDOWS\SYSTEM32\MSASN1.dll
0x00007ff860d50000 - 0x00007ff860d68000 	C:\WINDOWS\SYSTEM32\kernel.appcore.dll
0x00007fff9e010000 - 0x00007fff9e527000 	C:\Xilinx\Vivado\2019.1\lib\win64.o\librdi_commontasks.dll
0x00007ff85a6f0000 - 0x00007ff85a6fa000 	C:\WINDOWS\SYSTEM32\VERSION.dll
0x0000000055850000 - 0x0000000056275000 	C:\Xilinx\Vivado\2019.1\tps\win64\jre9.0.4\bin\server\jvm.dll
0x00007ff863e60000 - 0x00007ff863e68000 	C:\WINDOWS\System32\PSAPI.DLL
0x00007fff9dd80000 - 0x00007fff9e006000 	C:\Xilinx\Vivado\2019.1\lib\win64.o\librdi_sio.dll
0x00007ff85a110000 - 0x00007ff85a144000 	C:\WINDOWS\SYSTEM32\WINMM.dll
0x00007fffdc900000 - 0x00007fffdc9ef000 	C:\WINDOWS\SYSTEM32\MSVCR120.dll
0x00007ff860810000 - 0x00007ff86083d000 	C:\WINDOWS\SYSTEM32\IPHLPAPI.DLL
0x00007ff8611d0000 - 0x00007ff861239000 	C:\WINDOWS\SYSTEM32\MSWSOCK.DLL
0x00007ff85fc70000 - 0x00007ff860568000 	C:\WINDOWS\SYSTEM32\windows.storage.dll
0x00007ff85fb30000 - 0x00007ff85fc6e000 	C:\WINDOWS\SYSTEM32\wintypes.dll
0x00007fff9b8c0000 - 0x00007fff9dd7c000 	C:\Xilinx\Vivado\2019.1\lib\win64.o\librdi_tcltasks.dll
0x00007fff9b4b0000 - 0x00007fff9b8b8000 	C:\Xilinx\Vivado\2019.1\lib\win64.o\librdi_bitstream.dll
0x00007ffff0770000 - 0x00007ffff07e8000 	C:\Xilinx\Vivado\2019.1\lib\win64.o\librdi_boarddep.dll
0x00007fffa3c40000 - 0x00007fffa3dd1000 	C:\Xilinx\Vivado\2019.1\lib\win64.o\librdi_board.dll
0x00007fffa39a0000 - 0x00007fffa3a8b000 	C:\Xilinx\Vivado\2019.1\lib\win64.o\librdi_chipscope.dll
0x00007fff9b2f0000 - 0x00007fff9b4ad000 	C:\Xilinx\Vivado\2019.1\lib\win64.o\librdi_chipscopeimpl.dll
0x00007fff997a0000 - 0x00007fff998f6000 	C:\Xilinx\Vivado\2019.1\lib\win64.o\librdi_containers.dll
0x00007fff97200000 - 0x00007fff978da000 	C:\Xilinx\Vivado\2019.1\lib\win64.o\librdi_coregenipxact.dll
0x00007fff99900000 - 0x00007fff9b2ea000 	C:\Xilinx\Vivado\2019.1\lib\win64.o\librdi_constraints.dll
0x00007fff978e0000 - 0x00007fff99791000 	C:\Xilinx\Vivado\2019.1\lib\win64.o\librdi_coregen.dll
0x00007fff931b0000 - 0x00007fff971f3000 	C:\Xilinx\Vivado\2019.1\lib\win64.o\librdi_designutils.dll
0x00007fff80a60000 - 0x00007fff80d7e000 	C:\Xilinx\Vivado\2019.1\lib\win64.o\librdi_dlyest.dll
0x00007fffa3b70000 - 0x00007fffa3c34000 	C:\Xilinx\Vivado\2019.1\lib\win64.o\librdi_dsp.dll
0x00007fff804c0000 - 0x00007fff80a5a000 	C:\Xilinx\Vivado\2019.1\lib\win64.o\librdi_drc.dll
0x00007fff80d80000 - 0x00007fff931ac000 	C:\Xilinx\Vivado\2019.1\lib\win64.o\librdi_device.dll
0x00007fff7fe70000 - 0x00007fff804bd000 	C:\Xilinx\Vivado\2019.1\lib\win64.o\librdi_filemgmt.dll
0x00007fff7fb80000 - 0x00007fff7fe63000 	C:\Xilinx\Vivado\2019.1\lib\win64.o\librdi_guitools.dll
0x00007fffd9ab0000 - 0x00007fffd9b15000 	C:\Xilinx\Vivado\2019.1\lib\win64.o\librdi_hdf.dll
0x00007fff7dfa0000 - 0x00007fff7e5b5000 	C:\Xilinx\Vivado\2019.1\lib\win64.o\librdi_memdata.dll
0x00007fff7e5c0000 - 0x00007fff7fb80000 	C:\Xilinx\Vivado\2019.1\lib\win64.o\librdi_implflow.dll
0x00007fffd97e0000 - 0x00007fffd9853000 	C:\Xilinx\Vivado\2019.1\lib\win64.o\librdi_memoryarray.dll
0x00007fff7ac00000 - 0x00007fff7b2a2000 	C:\Xilinx\Vivado\2019.1\lib\win64.o\librdi_netlist.dll
0x00007ff819ac0000 - 0x00007ff819b0b000 	C:\Xilinx\Vivado\2019.1\lib\win64.o\librdi_pfi.dll
0x00007fff77b20000 - 0x00007fff77e2f000 	C:\Xilinx\Vivado\2019.1\lib\win64.o\librdi_platform.dll
0x00007fff77e30000 - 0x00007fff7857a000 	C:\Xilinx\Vivado\2019.1\lib\win64.o\librdi_power.dll
0x00007fff78580000 - 0x00007fff7abf6000 	C:\Xilinx\Vivado\2019.1\lib\win64.o\librdi_place.dll
0x00007fff775a0000 - 0x00007fff77b1f000 	C:\Xilinx\Vivado\2019.1\lib\win64.o\librdi_project.dll
0x00007fff76e90000 - 0x00007fff77599000 	C:\Xilinx\Vivado\2019.1\lib\win64.o\librdi_psta.dll
0x00007fff76780000 - 0x00007fff76e86000 	C:\Xilinx\Vivado\2019.1\lib\win64.o\librdi_rsb.dll
0x00007fff76380000 - 0x00007fff76771000 	C:\Xilinx\Vivado\2019.1\lib\win64.o\librdi_runs.dll
0x00007fff7b2b0000 - 0x00007fff7df96000 	C:\Xilinx\Vivado\2019.1\lib\win64.o\librdi_mig.dll
0x00007fffa38a0000 - 0x00007fffa399a000 	C:\Xilinx\Vivado\2019.1\lib\win64.o\librdi_runsbase.dll
0x00007fff76120000 - 0x00007fff76376000 	C:\Xilinx\Vivado\2019.1\lib\win64.o\librdi_simdata.dll
0x00007fff75300000 - 0x00007fff76111000 	C:\Xilinx\Vivado\2019.1\lib\win64.o\librdi_timing.dll
0x00007fff75180000 - 0x00007fff752f2000 	C:\Xilinx\Vivado\2019.1\lib\win64.o\librdi_advchipscopeimpl.dll
0x00007fffde370000 - 0x00007fffde3bc000 	C:\Xilinx\Vivado\2019.1\lib\win64.o\libboost_serialization.dll
0x00007fff74fe0000 - 0x00007fff7517f000 	C:\Xilinx\Vivado\2019.1\lib\win64.o\librdi_hip_devdesign.dll
0x00007fff74f10000 - 0x00007fff74fd2000 	C:\Xilinx\Vivado\2019.1\lib\win64.o\librdi_ipconfig_readwrite.dll
0x00007fffdda80000 - 0x00007fffddac3000 	C:\Xilinx\Vivado\2019.1\lib\win64.o\librdi_noc_frameworks.dll
0x00007fff73fd0000 - 0x00007fff743b5000 	C:\Xilinx\Vivado\2019.1\lib\win64.o\librdi_hip_config.dll
0x00007fff743c0000 - 0x00007fff74f07000 	C:\Xilinx\Vivado\2019.1\lib\win64.o\libverific.dll
0x00007fff73a80000 - 0x00007fff73fce000 	C:\Xilinx\Vivado\2019.1\lib\win64.o\librdi_xdm.dll
0x00007fff739e0000 - 0x00007fff73a7e000 	C:\Xilinx\Vivado\2019.1\lib\win64.o\libise.dll
0x00007ff815ee0000 - 0x00007ff815f20000 	C:\Xilinx\Vivado\2019.1\lib\win64.o\librdi_wavedata_SimpleApi.dll
0x00007fff733e0000 - 0x00007fff739dc000 	C:\Xilinx\Vivado\2019.1\lib\win64.o\librdi_wavedata.dll
0x00007fffea030000 - 0x00007fffea06f000 	C:\Xilinx\Vivado\2019.1\lib\win64.o\librdi_schedmon.dll
0x00007fff72250000 - 0x00007fff733dd000 	C:\Xilinx\Vivado\2019.1\lib\win64.o\librdi_route.dll

VM Arguments:
jvm_args: -Dsun.java2d.pmoffscreen=false -Dsun.java2d.xrender=false -Dsun.java2d.d3d=false -Dsun.awt.nopixfmt=true -Dsun.java2d.dpiaware=true -Dsun.java2d.uiScale.enabled=false -Xverify:none -Dswing.aatext=true -XX:-UsePerfData -Djdk.map.althashing.threshold=512 -XX:StringTableSize=4072 --add-opens=java.base/java.nio=ALL-UNNAMED --add-opens=java.desktop/sun.swing=ALL-UNNAMED --add-opens=java.desktop/javax.swing=ALL-UNNAMED --add-opens=java.desktop/javax.swing.tree=ALL-UNNAMED --add-opens=java.desktop/javax.swing.plaf.basic=ALL-UNNAMED --add-opens=java.desktop/javax.swing.plaf.synth=ALL-UNNAMED --add-opens=java.desktop/com.sun.awt=ALL-UNNAMED -XX:NewSize=60m -XX:MaxNewSize=60m -Xms128m -Xmx3072m -Xss5m 
java_command: <unknown>
java_class_path (initial): C:/Xilinx/Vivado/2019.1\lib\classes\Nlview.jar;C:/Xilinx/Vivado/2019.1\lib\classes\alloy.jar;C:/Xilinx/Vivado/2019.1\lib\classes\batik-anim.jar;C:/Xilinx/Vivado/2019.1\lib\classes\batik-awt-util.jar;C:/Xilinx/Vivado/2019.1\lib\classes\batik-bridge.jar;C:/Xilinx/Vivado/2019.1\lib\classes\batik-codec.jar;C:/Xilinx/Vivado/2019.1\lib\classes\batik-css.jar;C:/Xilinx/Vivado/2019.1\lib\classes\batik-dom.jar;C:/Xilinx/Vivado/2019.1\lib\classes\batik-ext.jar;C:/Xilinx/Vivado/2019.1\lib\classes\batik-gui-util.jar;C:/Xilinx/Vivado/2019.1\lib\classes\batik-gvt.jar;C:/Xilinx/Vivado/2019.1\lib\classes\batik-parser.jar;C:/Xilinx/Vivado/2019.1\lib\classes\batik-script.jar;C:/Xilinx/Vivado/2019.1\lib\classes\batik-svg-dom.jar;C:/Xilinx/Vivado/2019.1\lib\classes\batik-swing.jar;C:/Xilinx/Vivado/2019.1\lib\classes\batik-transcoder.jar;C:/Xilinx/Vivado/2019.1\lib\classes\batik-util.jar;C:/Xilinx/Vivado/2019.1\lib\classes\batik-xml.jar;C:/Xilinx/Vivado/2019.1\lib\classes\com.google.gson_2.7.0.v20170129-0911.jar;C:/Xilinx/Vivado/2019.1\lib\classes\com.google.guava_21.0.0.v20170206-1425.jar;C:/Xilinx/Vivado/2019.1\lib\classes\com.google.inject_3.0.0.v201605172100.jar;C:/Xilinx/Vivado/2019.1\lib\classes\com.sigasi.hdt.annotations.runtime_4.3.0.201903071210.jar;C:/Xilinx/Vivado/2019.1\lib\classes\com.sigasi.hdt.blockdiagram.model_4.3.0.201903071210.jar;C:/Xilinx/Vivado/2019.1\lib\classes\com.sigasi.hdt.connection_4.3.0.201903071210.jar;C:/Xilinx/Vivado/2019.1\lib\classes\com.sigasi.hdt.dependencies.model_4.3.0.201903071210.jar;C:/Xilinx/Vivado/2019.1\lib\classes\com.sigasi.hdt.epl_4.3.0.201903071210.jar;C:/Xilinx/Vivado/2019.1\lib\classes\com.sigasi.hdt.graphics.model_4.3.0.201903071210.jar;C:/Xilinx/Vivado/2019.1\lib\classes\com.sigasi.hdt.project_4.3.0.201903071210.jar;C:/Xilinx/Vivado/2019.1\lib\classes\com.sigasi.hdt.readonlyfilesystem_4.3.0.201903071210.jar;C:/Xilinx/Vivado/2019.1\lib\classes\com.sigasi.hdt.shared.ide_4.3.0.201903071210.jar;C:/Xilinx/Vivado
Launcher Type: generic

Logging:
Log output configuration:
#0: stdout all=warning uptime,level,tags
#1: stderr all=off uptime,level,tags

Environment Variables:
PATH=C:/Xilinx/Vivado/2019.1/bin;C:/Xilinx/Vivado/2019.1/lib/win64.o;C:/Xilinx/Vivado/2019.1/tps/win64/jre9.0.4/bin/server;C:/Xilinx/Vivado/2019.1/tps/win64/jre9.0.4/bin;C:/Xilinx/SDK/2019.1/bin;C:/Xilinx/Vivado/2019.1/ids_lite/ISE/bin/nt64;C:/Xilinx/Vivado/2019.1/ids_lite/ISE/lib/nt64;C:\Windows\system32;C:\Windows;C:\Windows\System32\Wbem;C:\Windows\System32\WindowsPowerShell\v1.0\;C:\Windows\System32\OpenSSH\;C:\Program Files (x86)\NVIDIA Corporation\PhysX\Common;C:\Program Files\NVIDIA Corporation\NVIDIA NvDLISR;C:\Program Files\Microsoft SQL Server\Client SDK\ODBC\110\Tools\Binn\;C:\Program Files (x86)\Microsoft SQL Server\120\Tools\Binn\;C:\Program Files\Microsoft SQL Server\120\Tools\Binn\;C:\Program Files\Microsoft SQL Server\120\DTS\Binn\;C:\Program Files (x86)\Windows Kits\8.1\Windows Performance Toolkit\;C:\Program Files\nodejs\;C:\Program Files\dotnet\;C:\Program Files\PuTTY\;C:\Program Files\MATLAB\MATLAB Runtime\R2023a\runtime\win64;C:\Program Files\MATLAB\R2023a\runtime\win64;C:\Program Files\MATLAB\R2023a\bin;C:\Program Files\Git\cmd;C:\Users\olaol\AppData\Local\Programs\Python\Python312\Scripts;C:\Users\olaol\AppData\Local\Programs\Microsoft VS Code\bin;C:\Users\olaol\AppData\Local\GitHubDesktop\bin;C:\Program Files (x86)\WinSCP\;C:\altera\13.0sp1\modelsim_ase\win32aloem;C:/Xilinx/Vivado/2019.1\tps\mingw\6.2.0\win64.o\nt\bin;C:/Xilinx/Vivado/2019.1\tps\mingw\6.2.0\win64.o\nt\libexec\gcc\x86_64-w64-mingw32\6.2.0;C:/Xilinx/Vivado/2019.1\tps\win64\python-2.7.5;C:/Xilinx/Vivado/2019.1\tps\win64\python-2.7.5\lib;C:/Xilinx/Vivado/2019.1\tps\win64\python-2.7.5\Lib\lib-tk;C:/Xilinx/Vivado/2019.1\tps\win64\python-2.7.5\lib\site-packages
USERNAME=olaol
OS=Windows_NT
PROCESSOR_IDENTIFIER=Intel64 Family 6 Model 165 Stepping 2, GenuineIntel



---------------  S Y S T E M  ---------------

OS: Windows 10 , 64 bit Build 22621 (10.0.22621.3235)

CPU:total 12 (initial active 12) (6 cores per cpu, 2 threads per core) family 6 model 165 stepping 2, cmov, cx8, fxsr, mmx, sse, sse2, sse3, ssse3, sse4.1, sse4.2, popcnt, avx, avx2, aes, clmul, erms, 3dnowpref, lzcnt, ht, tsc, tscinvbit, bmi1, bmi2, adx, fma

Memory: 4k page, physical 16533184k(5423384k free), swap 27198816k(5525836k free)

vm_info: Java HotSpot(TM) 64-Bit Server VM (9.0.4+11) for windows-amd64 JRE (9.0.4+11), built on Dec 20 2017 02:18:54 by "mach5one" with MS VC++ 12.0 (VS2013)

END.
