#
# A fatal error has been detected by the Java Runtime Environment:
#
#  EXCEPTION_ACCESS_VIOLATION (0xc0000005) at pc=0x00007ffdef053d75, pid=19624, tid=24204
#
# JRE version: Java(TM) SE Runtime Environment (9.0+11) (build 9.0.4+11)
# Java VM: Java HotSpot(TM) 64-Bit Server VM (9.0.4+11, mixed mode, tiered, compressed oops, g1 gc, windows-amd64)
# Problematic frame:
# C  [librdi_board.dll+0x23d75]
#
# No core dump will be written. Minidumps are not enabled by default on client versions of Windows
#
# If you would like to submit a bug report, please visit:
#   http://bugreport.java.com/bugreport/crash.jsp
# The crash happened outside the Java Virtual Machine in native code.
# See problematic frame for where to report the bug.
#

---------------  S U M M A R Y ------------

Command Line: -Dsun.java2d.pmoffscreen=false -Dsun.java2d.xrender=false -Dsun.java2d.d3d=false -Dsun.awt.nopixfmt=true -Dsun.java2d.dpiaware=true -Dsun.java2d.uiScale.enabled=false -Xverify:none -Dswing.aatext=true -XX:-UsePerfData -Djdk.map.althashing.threshold=512 -XX:StringTableSize=4072 --add-opens=java.base/java.nio=ALL-UNNAMED --add-opens=java.desktop/sun.swing=ALL-UNNAMED --add-opens=java.desktop/javax.swing=ALL-UNNAMED --add-opens=java.desktop/javax.swing.tree=ALL-UNNAMED --add-opens=java.desktop/javax.swing.plaf.basic=ALL-UNNAMED --add-opens=java.desktop/javax.swing.plaf.synth=ALL-UNNAMED --add-opens=java.desktop/com.sun.awt=ALL-UNNAMED -XX:NewSize=60m -XX:MaxNewSize=60m -Xms128m -Xmx3072m -Xss5m 

Host: Intel(R) Core(TM) i7-10750H CPU @ 2.60GHz, 12 cores, 15G,  Windows 10 , 64 bit Build 22621 (10.0.22621.3235)
Time: Thu Mar 28 12:33:31 2024 Eastern Daylight Time elapsed time: 309 seconds (0d 0h 5m 9s)

---------------  T H R E A D  ---------------

Current thread (0x000001e274ab5800):  JavaThread "Change Settings" [_thread_in_native, id=24204, stack(0x0000006daed00000,0x0000006daf200000)]

Stack: [0x0000006daed00000,0x0000006daf200000],  sp=0x0000006daf1fec70,  free space=5115k
Native frames: (J=compiled Java code, j=interpreted, Vv=VM code, C=native code)
C  [librdi_board.dll+0x23d75]
C  [librdi_board.dll+0x2bed3]
C  0x00007ffdb2f55849
C  0x00007ffdb2f6bcef
C  0x000001e25702921c

Java frames: (J=compiled Java code, j=interpreted, Vv=VM code)
j  ui.frmwork.prjcmdsi.ProjectCmds_setBoard(J)V+0
j  ui.a.D.a(Lui/project/r;Lui/data/a;)V+8
j  ui.b.K.bA.M()V+34
j  ui.b.c.bH.construct()Ljava/lang/Object;+13
J 18871 c1 ui.frmwork.y.run()V (129 bytes) @ 0x000001e259fa2794 [0x000001e259fa2420+0x0000000000000374]
J 18860 c1 java.lang.Thread.run()V java.base@9.0.4 (17 bytes) @ 0x000001e259f93f7c [0x000001e259f93e40+0x000000000000013c]
v  ~StubRoutines::call_stub

siginfo: EXCEPTION_ACCESS_VIOLATION (0xc0000005), reading address 0xffffffffffffffff


Register to memory mapping:

RIP=0x00007ffdef053d75 librdi_board.dll
RAX=0x006e00790073005f is an unknown value
RBX=0x0000006daf1fee20 is pointing into the stack for thread: 0x000001e274ab5800
RCX=0x0000006daf1fee20 is pointing into the stack for thread: 0x000001e274ab5800
RDX=0x006e00790073005f is an unknown value
RSP=0x0000006daf1fec70 is pointing into the stack for thread: 0x000001e274ab5800
RBP=0x0000006daf1fede0 is pointing into the stack for thread: 0x000001e274ab5800
RSI=0x0000000702250508 is an oop
[Ljava.lang.Object; 
{0x0000000702250508} - klass: 'java/lang/Object'[]
 - length: 10
RDI=0x000001e25701b040 is at code_begin+832 in an Interpreter codelet
invoke return entry points  [0x000001e25701ad00, 0x000001e25701b6e0]  2528 bytes
R8 =0x0000000000000000 is an unknown value
R9 =0xffffffffffffffff is an unknown value
R10=0x0000006daf1fed20 is pointing into the stack for thread: 0x000001e274ab5800
R11=0x0000010800000000 is an unknown value
R12=0x0000000000000000 is an unknown value
R13={method} {0x000001e2722f2608} 'ProjectCmds_setBoard' '(J)V' in 'ui/frmwork/prjcmdsi'
R14=0x0000006daf1fefe8 is pointing into the stack for thread: 0x000001e274ab5800
R15=0x000001e274ab5800 is a thread


Registers:
RAX=0x006e00790073005f, RBX=0x0000006daf1fee20, RCX=0x0000006daf1fee20, RDX=0x006e00790073005f
RSP=0x0000006daf1fec70, RBP=0x0000006daf1fede0, RSI=0x0000000702250508, RDI=0x000001e25701b040
R8 =0x0000000000000000, R9 =0xffffffffffffffff, R10=0x0000006daf1fed20, R11=0x0000010800000000
R12=0x0000000000000000, R13=0x000001e2722f2600, R14=0x0000006daf1fefe8, R15=0x000001e274ab5800
RIP=0x00007ffdef053d75, EFLAGS=0x0000000000010202

Top of Stack: (sp=0x0000006daf1fec70)
0x0000006daf1fec70:   0000000000000000 0000006daf1fed18
0x0000006daf1fec80:   00000000000014dd 0000000000000009
0x0000006daf1fec90:   0000006daf1fefe8 00007ffdef05bed3
0x0000006daf1feca0:   0000006daf1fee20 0000000702250508
0x0000006daf1fecb0:   000001e25701b040 0000000702250508
0x0000006daf1fecc0:   ffffffff00000000 0000000000000000
0x0000006daf1fecd0:   000001e276e31b40 00007ffdb2f55849
0x0000006daf1fece0:   0000006daf1fed10 000001e276e31b40
0x0000006daf1fecf0:   000001e277ddaa20 0000000000000000
0x0000006daf1fed00:   0000000000000001 fffffffffffffffe
0x0000006daf1fed10:   00007ffdb3157a70 00007ffdb31579e8
0x0000006daf1fed20:   0000000000000000 0000000000000000
0x0000006daf1fed30:   0000006daf1fed20 0000006daf1fed28
0x0000006daf1fed40:   0000000000000000 0000000000000000
0x0000006daf1fed50:   0000006daf1fed40 0000006daf1fed48
0x0000006daf1fed60:   0000000000000000 0000006daf1fed60 

Instructions: (pc=0x00007ffdef053d75)
0x00007ffdef053d55:   cc cc cc cc cc cc cc cc cc cc cc 48 89 5c 24 08
0x00007ffdef053d65:   48 89 74 24 10 48 89 7c 24 18 41 56 48 83 ec 20
0x00007ffdef053d75:   48 8b 42 10 49 8b f9 4d 8b f0 48 8b f2 48 8b d9
0x00007ffdef053d85:   49 3b c0 73 0e 48 8d 0d 3f 80 0e 00 ff 15 b1 33 



---------------  P R O C E S S  ---------------

Java Threads: ( => current thread )
=>0x000001e274ab5800 JavaThread "Change Settings" [_thread_in_native, id=24204, stack(0x0000006daed00000,0x0000006daf200000)]
  0x000001e274ab1800 JavaThread "SyntheticaAnimation 50" daemon [_thread_blocked, id=22688, stack(0x0000006dac700000,0x0000006dacc00000)]
  0x000001e274aac800 JavaThread "Update Runs Swing Worker" [_thread_blocked, id=23108, stack(0x0000006dafc00000,0x0000006db0100000)]
  0x000001e24ec75000 JavaThread "hw_ila_monitor" [_thread_blocked, id=1948, stack(0x0000006dae800000,0x0000006daed00000)]
  0x000001e24ec73000 JavaThread "Refresh Filesets Swing Worker" [_thread_blocked, id=24912, stack(0x0000006dab300000,0x0000006dab800000)]
  0x000001e24ec71800 JavaThread "SyntheticaAnimation 70" daemon [_thread_blocked, id=28596, stack(0x0000006dae300000,0x0000006dae800000)]
  0x000001e24ec74800 JavaThread "SyntheticaAnimation 25" daemon [_thread_blocked, id=27668, stack(0x0000006dade00000,0x0000006dae300000)]
  0x000001e24ec70800 JavaThread "SyntheticaAnimation 50" daemon [_thread_blocked, id=21892, stack(0x0000006dad900000,0x0000006dade00000)]
  0x000001e24ec6f000 JavaThread "Monitor HEventQueue" [_thread_blocked, id=12868, stack(0x0000006dad400000,0x0000006dad900000)]
  0x000001e24ec73800 JavaThread "SyntheticaCleanerThread" daemon [_thread_blocked, id=22244, stack(0x0000006dacc00000,0x0000006dad100000)]
  0x000001e24ec76000 JavaThread "Batik CleanerThread" daemon [_thread_blocked, id=5712, stack(0x0000006dab800000,0x0000006dabd00000)]
  0x000001e271011000 JavaThread "AWT-EventQueue-1" [_thread_blocked, id=1440, stack(0x0000006dac200000,0x0000006dac700000)]
  0x000001e273634800 JavaThread "AWT-Shutdown" [_thread_blocked, id=26652, stack(0x0000006dabd00000,0x0000006dac200000)]
  0x000001e273186800 JavaThread "Process Messages" [_thread_blocked, id=28112, stack(0x0000006daa400000,0x0000006daa900000)]
  0x000001e270f0e800 JavaThread "Thread-1" [_thread_in_native, id=12996, stack(0x0000006da4600000,0x0000006da5a00000)]
  0x000001e271016000 JavaThread "TimerQueue" daemon [_thread_blocked, id=10604, stack(0x0000006daae00000,0x0000006dab300000)]
  0x000001e270bb5000 JavaThread "AWT-Windows" daemon [_thread_in_native, id=28484, stack(0x0000006daa900000,0x0000006daae00000)]
  0x000001e270684800 JavaThread "Java2D Disposer" daemon [_thread_blocked, id=1360, stack(0x0000006da9f00000,0x0000006daa400000)]
  0x000001e270579800 JavaThread "Service Thread" daemon [_thread_blocked, id=18036, stack(0x0000006da9900000,0x0000006da9e00000)]
  0x000001e24d233000 JavaThread "Common-Cleaner" daemon [_thread_blocked, id=28252, stack(0x0000006da9400000,0x0000006da9900000)]
  0x000001e24ec70000 JavaThread "Sweeper thread" daemon [_thread_blocked, id=18312, stack(0x0000006da8f00000,0x0000006da9400000)]
  0x000001e24f10a000 JavaThread "C1 CompilerThread3" daemon [_thread_blocked, id=16588, stack(0x0000006da8e00000,0x0000006da8f00000)]
  0x000001e24ac62800 JavaThread "C2 CompilerThread2" daemon [_thread_blocked, id=24772, stack(0x0000006da8d00000,0x0000006da8e00000)]
  0x000001e24ac5d800 JavaThread "C2 CompilerThread1" daemon [_thread_blocked, id=23396, stack(0x0000006da8c00000,0x0000006da8d00000)]
  0x000001e24ac5d000 JavaThread "C2 CompilerThread0" daemon [_thread_blocked, id=9396, stack(0x0000006da8b00000,0x0000006da8c00000)]
  0x000001e24f5fe800 JavaThread "Attach Listener" daemon [_thread_blocked, id=27916, stack(0x0000006da8600000,0x0000006da8b00000)]
  0x000001e24ec63800 JavaThread "Signal Dispatcher" daemon [_thread_blocked, id=25464, stack(0x0000006da8100000,0x0000006da8600000)]
  0x000001e24ec61800 JavaThread "Finalizer" daemon [_thread_blocked, id=10304, stack(0x0000006da7c00000,0x0000006da8100000)]
  0x000001e24ec5c000 JavaThread "Reference Handler" daemon [_thread_blocked, id=26476, stack(0x0000006da7700000,0x0000006da7c00000)]
  0x000001e24facd800 JavaThread "main" [_thread_blocked, id=5148, stack(0x0000006da4500000,0x0000006da4600000)]

Other Threads:
  0x000001e24ec53000 VMThread "VM Thread" [stack: 0x0000006da7600000,0x0000006da7700000] [id=27280]
  0x000001e270568000 WatcherThread [stack: 0x0000006da9e00000,0x0000006da9f00000] [id=21940]
  0x000001e24faba800 GCTaskThread "GC Thread#0" [stack: 0x0000006da5d00000,0x0000006da5e00000] [id=27924]
  0x000001e24d0d4800 GCTaskThread "GC Thread#1" [stack: 0x0000006da5e00000,0x0000006da5f00000] [id=6824]
  0x000001e24d0d6800 GCTaskThread "GC Thread#2" [stack: 0x0000006da5f00000,0x0000006da6000000] [id=22704]
  0x000001e24d0d5800 GCTaskThread "GC Thread#3" [stack: 0x0000006da6000000,0x0000006da6100000] [id=2960]
  0x000001e24d0d5000 GCTaskThread "GC Thread#4" [stack: 0x0000006da6100000,0x0000006da6200000] [id=25288]
  0x000001e24d0d2800 GCTaskThread "GC Thread#5" [stack: 0x0000006da6200000,0x0000006da6300000] [id=3940]
  0x000001e24d0d7000 GCTaskThread "GC Thread#6" [stack: 0x0000006da6300000,0x0000006da6400000] [id=21932]
  0x000001e24d0d7800 GCTaskThread "GC Thread#7" [stack: 0x0000006da6400000,0x0000006da6500000] [id=27820]
  0x000001e24d0d8000 GCTaskThread "GC Thread#8" [stack: 0x0000006da6500000,0x0000006da6600000] [id=24420]
  0x000001e24d0d1800 GCTaskThread "GC Thread#9" [stack: 0x0000006da6600000,0x0000006da6700000] [id=14656]
  0x000001e24e73d800 ConcurrentGCThread "G1 Main Marker" [stack: 0x0000006da7200000,0x0000006da7300000] [id=27904]
  0x000001e24d0d2000 ConcurrentGCThread "G1 Marker#0" [stack: 0x0000006da7300000,0x0000006da7400000] [id=21960]
  0x000001e24d0d3000 ConcurrentGCThread "G1 Marker#1" [stack: 0x0000006da7400000,0x0000006da7500000] [id=4864]
  0x000001e24d0d4000 ConcurrentGCThread "G1 Marker#2" [stack: 0x0000006da7500000,0x0000006da7600000] [id=18616]
  0x000001e24e5ef000 ConcurrentGCThread "G1 Refine#0" [stack: 0x0000006da7000000,0x0000006da7100000] [id=23468]
  0x000001e24e5f2000 ConcurrentGCThread "G1 Refine#1" [stack: 0x0000006da6f00000,0x0000006da7000000] [id=27240]
  0x000001e249da3800 ConcurrentGCThread "G1 Refine#2" [stack: 0x0000006da6e00000,0x0000006da6f00000] [id=17796]
  0x000001e24ee65800 ConcurrentGCThread "G1 Refine#3" [stack: 0x0000006da6d00000,0x0000006da6e00000] [id=26276]
  0x000001e24ee64800 ConcurrentGCThread "G1 Refine#4" [stack: 0x0000006da6c00000,0x0000006da6d00000] [id=17004]
  0x000001e24ee61000 ConcurrentGCThread "G1 Refine#5" [stack: 0x0000006da6b00000,0x0000006da6c00000] [id=28356]
  0x000001e24d0dd800 ConcurrentGCThread "G1 Refine#6" [stack: 0x0000006da6a00000,0x0000006da6b00000] [id=27476]
  0x000001e24eaf2000 ConcurrentGCThread "G1 Refine#7" [stack: 0x0000006da6900000,0x0000006da6a00000] [id=11936]
  0x000001e24eaf1800 ConcurrentGCThread "G1 Refine#8" [stack: 0x0000006da6800000,0x0000006da6900000] [id=9140]
  0x000001e24ad60000 ConcurrentGCThread "G1 Refine#9" [stack: 0x0000006da6700000,0x0000006da6800000] [id=26424]
  0x000001e249da8800 ConcurrentGCThread "G1 Young RemSet Sampling" [stack: 0x0000006da7100000,0x0000006da7200000] [id=25064]

Threads with active compile tasks:

VM state:not at safepoint (normal execution)

VM Mutex/Monitor currently owned by a thread: None

Heap address: 0x0000000700000000, size: 3072 MB, Compressed Oops mode: Zero based, Oop shift amount: 3
Narrow klass base: 0x0000000000000000, Narrow klass shift: 3
Compressed class space size: 1073741824 Address: 0x00000007c0000000

Heap:
 garbage-first heap   total 250880K, used 117371K [0x0000000700000000, 0x00000007001007a8, 0x00000007c0000000)
  region size 1024K, 29 young (29696K), 5 survivors (5120K)
 Metaspace       used 89046K, capacity 95045K, committed 95308K, reserved 1130496K
  class space    used 13124K, capacity 14153K, committed 14208K, reserved 1048576K
Heap Regions: E=young(eden), S=young(survivor), O=old, HS=humongous(starts), HC=humongous(continues), CS=collection set, F=free, A=archive, TS=gc time stamp, AC=allocation context, TAMS=top-at-mark-start (previous, next)
|   0|0x0000000700000000, 0x0000000700100000, 0x0000000700100000|100%|HS|  |TS  0|AC  0|TAMS 0x0000000700000000, 0x0000000700000000|
|   1|0x0000000700100000, 0x0000000700200000, 0x0000000700200000|100%|HC|  |TS  0|AC  0|TAMS 0x0000000700100000, 0x0000000700100000|
|   2|0x0000000700200000, 0x0000000700300000, 0x0000000700300000|100%|HS|  |TS  0|AC  0|TAMS 0x0000000700200000, 0x0000000700200000|
|   3|0x0000000700300000, 0x00000007003fed18, 0x0000000700400000| 99%| O|  |TS  0|AC  0|TAMS 0x0000000700300000, 0x0000000700300000|
|   4|0x0000000700400000, 0x00000007004fe028, 0x0000000700500000| 99%| O|  |TS  0|AC  0|TAMS 0x0000000700400000, 0x0000000700400000|
|   5|0x0000000700500000, 0x00000007005ffff8, 0x0000000700600000| 99%| O|  |TS  0|AC  0|TAMS 0x0000000700500000, 0x0000000700500000|
|   6|0x0000000700600000, 0x00000007006ffff0, 0x0000000700700000| 99%| O|  |TS  0|AC  0|TAMS 0x0000000700600000, 0x0000000700600000|
|   7|0x0000000700700000, 0x00000007007ffff0, 0x0000000700800000| 99%| O|  |TS  0|AC  0|TAMS 0x0000000700700000, 0x0000000700700000|
|   8|0x0000000700800000, 0x00000007008ffff8, 0x0000000700900000| 99%| O|  |TS  0|AC  0|TAMS 0x0000000700800000, 0x0000000700800000|
|   9|0x0000000700900000, 0x00000007009f8868, 0x0000000700a00000| 97%| O|  |TS  0|AC  0|TAMS 0x0000000700900000, 0x0000000700900000|
|  10|0x0000000700a00000, 0x0000000700afffd8, 0x0000000700b00000| 99%| O|  |TS  0|AC  0|TAMS 0x0000000700a00000, 0x0000000700a00000|
|  11|0x0000000700b00000, 0x0000000700bffff8, 0x0000000700c00000| 99%| O|  |TS  0|AC  0|TAMS 0x0000000700b00000, 0x0000000700b00000|
|  12|0x0000000700c00000, 0x0000000700cfffe8, 0x0000000700d00000| 99%| O|  |TS  0|AC  0|TAMS 0x0000000700c00000, 0x0000000700c00000|
|  13|0x0000000700d00000, 0x0000000700df1b98, 0x0000000700e00000| 94%| O|  |TS  0|AC  0|TAMS 0x0000000700d00000, 0x0000000700d00000|
|  14|0x0000000700e00000, 0x0000000700effd98, 0x0000000700f00000| 99%| O|  |TS  0|AC  0|TAMS 0x0000000700e00000, 0x0000000700e00000|
|  15|0x0000000700f00000, 0x0000000700fd3680, 0x0000000701000000| 82%| O|  |TS  0|AC  0|TAMS 0x0000000700f00000, 0x0000000700f00000|
|  16|0x0000000701000000, 0x00000007010fe8f8, 0x0000000701100000| 99%| O|  |TS  0|AC  0|TAMS 0x0000000701000000, 0x0000000701000000|
|  17|0x0000000701100000, 0x00000007011fa238, 0x0000000701200000| 97%| O|  |TS  0|AC  0|TAMS 0x0000000701100000, 0x0000000701100000|
|  18|0x0000000701200000, 0x0000000701300000, 0x0000000701300000|100%| O|  |TS  0|AC  0|TAMS 0x0000000701200000, 0x0000000701200000|
|  19|0x0000000701300000, 0x00000007013fffe8, 0x0000000701400000| 99%| O|  |TS  0|AC  0|TAMS 0x0000000701300000, 0x0000000701300000|
|  20|0x0000000701400000, 0x00000007014fffe8, 0x0000000701500000| 99%| O|  |TS  0|AC  0|TAMS 0x0000000701400000, 0x0000000701400000|
|  21|0x0000000701500000, 0x0000000701600000, 0x0000000701600000|100%|HS|  |TS  0|AC  0|TAMS 0x0000000701500000, 0x0000000701500000|
|  22|0x0000000701600000, 0x00000007016ffff8, 0x0000000701700000| 99%| O|  |TS  0|AC  0|TAMS 0x0000000701600000, 0x0000000701600000|
|  23|0x0000000701700000, 0x00000007017ffdb8, 0x0000000701800000| 99%| O|  |TS  0|AC  0|TAMS 0x0000000701700000, 0x0000000701700000|
|  24|0x0000000701800000, 0x00000007018fff88, 0x0000000701900000| 99%| O|  |TS  0|AC  0|TAMS 0x0000000701800000, 0x0000000701800000|
|  25|0x0000000701900000, 0x00000007019fffe0, 0x0000000701a00000| 99%| O|  |TS  0|AC  0|TAMS 0x0000000701900000, 0x0000000701900000|
|  26|0x0000000701a00000, 0x0000000701b00000, 0x0000000701b00000|100%| O|  |TS  0|AC  0|TAMS 0x0000000701a00000, 0x0000000701a00000|
|  27|0x0000000701b00000, 0x0000000701bfffe0, 0x0000000701c00000| 99%| O|  |TS  0|AC  0|TAMS 0x0000000701b00000, 0x0000000701b00000|
|  28|0x0000000701c00000, 0x0000000701cffff8, 0x0000000701d00000| 99%| O|  |TS  0|AC  0|TAMS 0x0000000701c00000, 0x0000000701c00000|
|  29|0x0000000701d00000, 0x0000000701dfffe0, 0x0000000701e00000| 99%| O|  |TS  0|AC  0|TAMS 0x0000000701d00000, 0x0000000701d00000|
|  30|0x0000000701e00000, 0x0000000701efffd0, 0x0000000701f00000| 99%| O|  |TS  0|AC  0|TAMS 0x0000000701e00000, 0x0000000701e00000|
|  31|0x0000000701f00000, 0x0000000701fffff0, 0x0000000702000000| 99%| O|  |TS  0|AC  0|TAMS 0x0000000701f00000, 0x0000000701f00000|
|  32|0x0000000702000000, 0x00000007020ffff8, 0x0000000702100000| 99%| O|  |TS  0|AC  0|TAMS 0x0000000702000000, 0x0000000702000000|
|  33|0x0000000702100000, 0x00000007021fffb8, 0x0000000702200000| 99%| O|  |TS  0|AC  0|TAMS 0x0000000702100000, 0x0000000702100000|
|  34|0x0000000702200000, 0x0000000702300000, 0x0000000702300000|100%| O|  |TS  0|AC  0|TAMS 0x0000000702200000, 0x0000000702200000|
|  35|0x0000000702300000, 0x0000000702400000, 0x0000000702400000|100%| O|  |TS  0|AC  0|TAMS 0x0000000702300000, 0x0000000702300000|
|  36|0x0000000702400000, 0x00000007024ffb88, 0x0000000702500000| 99%| O|  |TS  0|AC  0|TAMS 0x0000000702400000, 0x0000000702400000|
|  37|0x0000000702500000, 0x00000007025fffc0, 0x0000000702600000| 99%| O|  |TS  0|AC  0|TAMS 0x0000000702500000, 0x0000000702500000|
|  38|0x0000000702600000, 0x0000000702700000, 0x0000000702700000|100%| O|  |TS  0|AC  0|TAMS 0x0000000702600000, 0x0000000702600000|
|  39|0x0000000702700000, 0x00000007027fffc0, 0x0000000702800000| 99%| O|  |TS  0|AC  0|TAMS 0x0000000702700000, 0x0000000702700000|
|  40|0x0000000702800000, 0x00000007028ffff0, 0x0000000702900000| 99%| O|  |TS  0|AC  0|TAMS 0x0000000702800000, 0x0000000702800000|
|  41|0x0000000702900000, 0x00000007029ffff0, 0x0000000702a00000| 99%| O|  |TS  0|AC  0|TAMS 0x0000000702900000, 0x0000000702900000|
|  42|0x0000000702a00000, 0x0000000702afff50, 0x0000000702b00000| 99%| O|  |TS  0|AC  0|TAMS 0x0000000702a00000, 0x0000000702a00000|
|  43|0x0000000702b00000, 0x0000000702bfff80, 0x0000000702c00000| 99%| O|  |TS  0|AC  0|TAMS 0x0000000702b00000, 0x0000000702b00000|
|  44|0x0000000702c00000, 0x0000000702d00000, 0x0000000702d00000|100%| O|  |TS  0|AC  0|TAMS 0x0000000702c00000, 0x0000000702c00000|
|  45|0x0000000702d00000, 0x0000000702dfffe0, 0x0000000702e00000| 99%| O|  |TS  0|AC  0|TAMS 0x0000000702d00000, 0x0000000702d00000|
|  46|0x0000000702e00000, 0x0000000702efffb8, 0x0000000702f00000| 99%| O|  |TS  0|AC  0|TAMS 0x0000000702e00000, 0x0000000702e00000|
|  47|0x0000000702f00000, 0x0000000702ffffd8, 0x0000000703000000| 99%| O|  |TS  0|AC  0|TAMS 0x0000000702f00000, 0x0000000702f00000|
|  48|0x0000000703000000, 0x00000007030ffff8, 0x0000000703100000| 99%| O|  |TS  0|AC  0|TAMS 0x0000000703000000, 0x0000000703000000|
|  49|0x0000000703100000, 0x00000007031fffe8, 0x0000000703200000| 99%| O|  |TS  0|AC  0|TAMS 0x0000000703100000, 0x0000000703100000|
|  50|0x0000000703200000, 0x00000007032ffff8, 0x0000000703300000| 99%| O|  |TS  0|AC  0|TAMS 0x0000000703200000, 0x0000000703200000|
|  51|0x0000000703300000, 0x00000007033ffff0, 0x0000000703400000| 99%| O|  |TS  0|AC  0|TAMS 0x0000000703300000, 0x0000000703300000|
|  52|0x0000000703400000, 0x00000007034fffe8, 0x0000000703500000| 99%| O|  |TS  0|AC  0|TAMS 0x0000000703400000, 0x0000000703400000|
|  53|0x0000000703500000, 0x00000007035ff2c8, 0x0000000703600000| 99%| O|  |TS  0|AC  0|TAMS 0x0000000703500000, 0x0000000703500000|
|  54|0x0000000703600000, 0x00000007036ffff8, 0x0000000703700000| 99%| O|  |TS  0|AC  0|TAMS 0x0000000703600000, 0x0000000703600000|
|  55|0x0000000703700000, 0x00000007037fecb0, 0x0000000703800000| 99%| O|  |TS  0|AC  0|TAMS 0x0000000703700000, 0x0000000703700000|
|  56|0x0000000703800000, 0x00000007038ffff0, 0x0000000703900000| 99%| O|  |TS  0|AC  0|TAMS 0x0000000703800000, 0x0000000703800000|
|  57|0x0000000703900000, 0x00000007039fffd8, 0x0000000703a00000| 99%| O|  |TS  0|AC  0|TAMS 0x0000000703900000, 0x0000000703900000|
|  58|0x0000000703a00000, 0x0000000703affff8, 0x0000000703b00000| 99%| O|  |TS  0|AC  0|TAMS 0x0000000703a00000, 0x0000000703a00000|
|  59|0x0000000703b00000, 0x0000000703bffff0, 0x0000000703c00000| 99%| O|  |TS  0|AC  0|TAMS 0x0000000703b00000, 0x0000000703b00000|
|  60|0x0000000703c00000, 0x0000000703cffff8, 0x0000000703d00000| 99%| O|  |TS  0|AC  0|TAMS 0x0000000703c00000, 0x0000000703c00000|
|  61|0x0000000703d00000, 0x0000000703dffff0, 0x0000000703e00000| 99%| O|  |TS  0|AC  0|TAMS 0x0000000703d00000, 0x0000000703d00000|
|  62|0x0000000703e00000, 0x0000000703efffd8, 0x0000000703f00000| 99%| O|  |TS  0|AC  0|TAMS 0x0000000703e00000, 0x0000000703e00000|
|  63|0x0000000703f00000, 0x0000000704000000, 0x0000000704000000|100%| O|  |TS  0|AC  0|TAMS 0x0000000703f00000, 0x0000000703f00000|
|  64|0x0000000704000000, 0x00000007040ffff8, 0x0000000704100000| 99%| O|  |TS  0|AC  0|TAMS 0x0000000704000000, 0x0000000704000000|
|  65|0x0000000704100000, 0x00000007041fffd0, 0x0000000704200000| 99%| O|  |TS  0|AC  0|TAMS 0x0000000704100000, 0x0000000704100000|
|  66|0x0000000704200000, 0x00000007042fffe0, 0x0000000704300000| 99%| O|  |TS  0|AC  0|TAMS 0x0000000704200000, 0x0000000704200000|
|  67|0x0000000704300000, 0x00000007043fffe8, 0x0000000704400000| 99%| O|  |TS  0|AC  0|TAMS 0x0000000704300000, 0x0000000704300000|
|  68|0x0000000704400000, 0x00000007044fffe8, 0x0000000704500000| 99%| O|  |TS  0|AC  0|TAMS 0x0000000704400000, 0x0000000704400000|
|  69|0x0000000704500000, 0x00000007045ff1d8, 0x0000000704600000| 99%| O|  |TS  0|AC  0|TAMS 0x0000000704500000, 0x0000000704500000|
|  70|0x0000000704600000, 0x00000007046ffff0, 0x0000000704700000| 99%| O|  |TS  0|AC  0|TAMS 0x0000000704600000, 0x0000000704600000|
|  71|0x0000000704700000, 0x00000007047ffef0, 0x0000000704800000| 99%| O|  |TS  0|AC  0|TAMS 0x0000000704700000, 0x0000000704700000|
|  72|0x0000000704800000, 0x00000007048fff28, 0x0000000704900000| 99%| O|  |TS  0|AC  0|TAMS 0x0000000704800000, 0x0000000704800000|
|  73|0x0000000704900000, 0x00000007049ffff8, 0x0000000704a00000| 99%| O|  |TS  0|AC  0|TAMS 0x0000000704900000, 0x0000000704900000|
|  74|0x0000000704a00000, 0x0000000704afffe8, 0x0000000704b00000| 99%| O|  |TS  0|AC  0|TAMS 0x0000000704a00000, 0x0000000704a00000|
|  75|0x0000000704b00000, 0x0000000704bb5db8, 0x0000000704c00000| 71%| O|  |TS  0|AC  0|TAMS 0x0000000704b00000, 0x0000000704b00000|
|  76|0x0000000704c00000, 0x0000000704c00000, 0x0000000704d00000|  0%| F|  |TS  0|AC  0|TAMS 0x0000000704c00000, 0x0000000704c00000|
|  77|0x0000000704d00000, 0x0000000704d00000, 0x0000000704e00000|  0%| F|  |TS  0|AC  0|TAMS 0x0000000704d00000, 0x0000000704d00000|
|  78|0x0000000704e00000, 0x0000000704e00000, 0x0000000704f00000|  0%| F|  |TS  0|AC  0|TAMS 0x0000000704e00000, 0x0000000704e00000|
|  79|0x0000000704f00000, 0x0000000705000000, 0x0000000705000000|100%|HS|  |TS  0|AC  0|TAMS 0x0000000704f00000, 0x0000000704f00000|
|  80|0x0000000705000000, 0x0000000705100000, 0x0000000705100000|100%|HC|  |TS  0|AC  0|TAMS 0x0000000705000000, 0x0000000705000000|
|  81|0x0000000705100000, 0x0000000705200000, 0x0000000705200000|100%|HC|  |TS  0|AC  0|TAMS 0x0000000705100000, 0x0000000705100000|
|  82|0x0000000705200000, 0x0000000705300000, 0x0000000705300000|100%|HC|  |TS  0|AC  0|TAMS 0x0000000705200000, 0x0000000705200000|
|  83|0x0000000705300000, 0x0000000705400000, 0x0000000705400000|100%|HS|  |TS  0|AC  0|TAMS 0x0000000705300000, 0x0000000705300000|
|  84|0x0000000705400000, 0x0000000705500000, 0x0000000705500000|100%|HC|  |TS  0|AC  0|TAMS 0x0000000705400000, 0x0000000705400000|
|  85|0x0000000705500000, 0x0000000705600000, 0x0000000705600000|100%|HC|  |TS  0|AC  0|TAMS 0x0000000705500000, 0x0000000705500000|
|  86|0x0000000705600000, 0x0000000705700000, 0x0000000705700000|100%|HC|  |TS  0|AC  0|TAMS 0x0000000705600000, 0x0000000705600000|
|  87|0x0000000705700000, 0x0000000705800000, 0x0000000705800000|100%|HC|  |TS  0|AC  0|TAMS 0x0000000705700000, 0x0000000705700000|
|  88|0x0000000705800000, 0x0000000705900000, 0x0000000705900000|100%|HC|  |TS  0|AC  0|TAMS 0x0000000705800000, 0x0000000705800000|
|  89|0x0000000705900000, 0x0000000705a00000, 0x0000000705a00000|100%|HC|  |TS  0|AC  0|TAMS 0x0000000705900000, 0x0000000705900000|
|  90|0x0000000705a00000, 0x0000000705b00000, 0x0000000705b00000|100%|HC|  |TS  0|AC  0|TAMS 0x0000000705a00000, 0x0000000705a00000|
|  91|0x0000000705b00000, 0x0000000705b00000, 0x0000000705c00000|  0%| F|  |TS  0|AC  0|TAMS 0x0000000705b00000, 0x0000000705b00000|
|  92|0x0000000705c00000, 0x0000000705c00000, 0x0000000705d00000|  0%| F|  |TS  0|AC  0|TAMS 0x0000000705c00000, 0x0000000705c00000|
|  93|0x0000000705d00000, 0x0000000705d00000, 0x0000000705e00000|  0%| F|  |TS  0|AC  0|TAMS 0x0000000705d00000, 0x0000000705d00000|
|  94|0x0000000705e00000, 0x0000000705e00000, 0x0000000705f00000|  0%| F|  |TS  0|AC  0|TAMS 0x0000000705e00000, 0x0000000705e00000|
|  95|0x0000000705f00000, 0x0000000705f00000, 0x0000000706000000|  0%| F|  |TS  0|AC  0|TAMS 0x0000000705f00000, 0x0000000705f00000|
|  96|0x0000000706000000, 0x0000000706000000, 0x0000000706100000|  0%| F|  |TS  0|AC  0|TAMS 0x0000000706000000, 0x0000000706000000|
|  97|0x0000000706100000, 0x0000000706100000, 0x0000000706200000|  0%| F|  |TS  0|AC  0|TAMS 0x0000000706100000, 0x0000000706100000|
|  98|0x0000000706200000, 0x0000000706200000, 0x0000000706300000|  0%| F|  |TS  0|AC  0|TAMS 0x0000000706200000, 0x0000000706200000|
|  99|0x0000000706300000, 0x0000000706300000, 0x0000000706400000|  0%| F|  |TS  0|AC  0|TAMS 0x0000000706300000, 0x0000000706300000|
| 100|0x0000000706400000, 0x0000000706400000, 0x0000000706500000|  0%| F|  |TS  0|AC  0|TAMS 0x0000000706400000, 0x0000000706400000|
| 101|0x0000000706500000, 0x0000000706500000, 0x0000000706600000|  0%| F|  |TS  0|AC  0|TAMS 0x0000000706500000, 0x0000000706500000|
| 102|0x0000000706600000, 0x0000000706600000, 0x0000000706700000|  0%| F|  |TS  0|AC  0|TAMS 0x0000000706600000, 0x0000000706600000|
| 103|0x0000000706700000, 0x0000000706700000, 0x0000000706800000|  0%| F|  |TS  0|AC  0|TAMS 0x0000000706700000, 0x0000000706700000|
| 104|0x0000000706800000, 0x0000000706800000, 0x0000000706900000|  0%| F|  |TS  0|AC  0|TAMS 0x0000000706800000, 0x0000000706800000|
| 105|0x0000000706900000, 0x0000000706900000, 0x0000000706a00000|  0%| F|  |TS  0|AC  0|TAMS 0x0000000706900000, 0x0000000706900000|
| 106|0x0000000706a00000, 0x0000000706a00000, 0x0000000706b00000|  0%| F|  |TS  0|AC  0|TAMS 0x0000000706a00000, 0x0000000706a00000|
| 107|0x0000000706b00000, 0x0000000706b00000, 0x0000000706c00000|  0%| F|  |TS  0|AC  0|TAMS 0x0000000706b00000, 0x0000000706b00000|
| 108|0x0000000706c00000, 0x0000000706c00000, 0x0000000706d00000|  0%| F|  |TS  0|AC  0|TAMS 0x0000000706c00000, 0x0000000706c00000|
| 109|0x0000000706d00000, 0x0000000706d00000, 0x0000000706e00000|  0%| F|  |TS  0|AC  0|TAMS 0x0000000706d00000, 0x0000000706d00000|
| 110|0x0000000706e00000, 0x0000000706e00000, 0x0000000706f00000|  0%| F|  |TS  0|AC  0|TAMS 0x0000000706e00000, 0x0000000706e00000|
| 111|0x0000000706f00000, 0x0000000706f00000, 0x0000000707000000|  0%| F|  |TS  0|AC  0|TAMS 0x0000000706f00000, 0x0000000706f00000|
| 112|0x0000000707000000, 0x0000000707000000, 0x0000000707100000|  0%| F|  |TS  0|AC  0|TAMS 0x0000000707000000, 0x0000000707000000|
| 113|0x0000000707100000, 0x0000000707100000, 0x0000000707200000|  0%| F|  |TS  0|AC  0|TAMS 0x0000000707100000, 0x0000000707100000|
| 114|0x0000000707200000, 0x0000000707200000, 0x0000000707300000|  0%| F|  |TS  0|AC  0|TAMS 0x0000000707200000, 0x0000000707200000|
| 115|0x0000000707300000, 0x0000000707300000, 0x0000000707400000|  0%| F|  |TS  0|AC  0|TAMS 0x0000000707300000, 0x0000000707300000|
| 116|0x0000000707400000, 0x0000000707400000, 0x0000000707500000|  0%| F|  |TS  0|AC  0|TAMS 0x0000000707400000, 0x0000000707400000|
| 117|0x0000000707500000, 0x0000000707500000, 0x0000000707600000|  0%| F|  |TS  0|AC  0|TAMS 0x0000000707500000, 0x0000000707500000|
| 118|0x0000000707600000, 0x0000000707600000, 0x0000000707700000|  0%| F|  |TS  0|AC  0|TAMS 0x0000000707600000, 0x0000000707600000|
| 119|0x0000000707700000, 0x0000000707700000, 0x0000000707800000|  0%| F|  |TS  0|AC  0|TAMS 0x0000000707700000, 0x0000000707700000|
| 120|0x0000000707800000, 0x0000000707800000, 0x0000000707900000|  0%| F|  |TS  0|AC  0|TAMS 0x0000000707800000, 0x0000000707800000|
| 121|0x0000000707900000, 0x0000000707900000, 0x0000000707a00000|  0%| F|  |TS  0|AC  0|TAMS 0x0000000707900000, 0x0000000707900000|
| 122|0x0000000707a00000, 0x0000000707a00000, 0x0000000707b00000|  0%| F|  |TS  0|AC  0|TAMS 0x0000000707a00000, 0x0000000707a00000|
| 123|0x0000000707b00000, 0x0000000707b00000, 0x0000000707c00000|  0%| F|  |TS  0|AC  0|TAMS 0x0000000707b00000, 0x0000000707b00000|
| 124|0x0000000707c00000, 0x0000000707c00000, 0x0000000707d00000|  0%| F|  |TS  0|AC  0|TAMS 0x0000000707c00000, 0x0000000707c00000|
| 125|0x0000000707d00000, 0x0000000707d00000, 0x0000000707e00000|  0%| F|  |TS  0|AC  0|TAMS 0x0000000707d00000, 0x0000000707d00000|
| 126|0x0000000707e00000, 0x0000000707e00000, 0x0000000707f00000|  0%| F|  |TS  0|AC  0|TAMS 0x0000000707e00000, 0x0000000707e00000|
| 127|0x0000000707f00000, 0x0000000707f00000, 0x0000000708000000|  0%| F|  |TS  0|AC  0|TAMS 0x0000000707f00000, 0x0000000707f00000|
| 128|0x0000000708000000, 0x0000000708000000, 0x0000000708100000|  0%| F|  |TS  0|AC  0|TAMS 0x0000000708000000, 0x0000000708000000|
| 129|0x0000000708100000, 0x0000000708100000, 0x0000000708200000|  0%| F|  |TS  0|AC  0|TAMS 0x0000000708100000, 0x0000000708100000|
| 130|0x0000000708200000, 0x0000000708200000, 0x0000000708300000|  0%| F|  |TS  0|AC  0|TAMS 0x0000000708200000, 0x0000000708200000|
| 131|0x0000000708300000, 0x0000000708300000, 0x0000000708400000|  0%| F|  |TS  0|AC  0|TAMS 0x0000000708300000, 0x0000000708300000|
| 132|0x0000000708400000, 0x0000000708400000, 0x0000000708500000|  0%| F|  |TS  0|AC  0|TAMS 0x0000000708400000, 0x0000000708400000|
| 133|0x0000000708500000, 0x0000000708500000, 0x0000000708600000|  0%| F|  |TS  0|AC  0|TAMS 0x0000000708500000, 0x0000000708500000|
| 134|0x0000000708600000, 0x0000000708600000, 0x0000000708700000|  0%| F|  |TS  0|AC  0|TAMS 0x0000000708600000, 0x0000000708600000|
| 135|0x0000000708700000, 0x0000000708700000, 0x0000000708800000|  0%| F|  |TS  0|AC  0|TAMS 0x0000000708700000, 0x0000000708700000|
| 136|0x0000000708800000, 0x0000000708800000, 0x0000000708900000|  0%| F|  |TS  0|AC  0|TAMS 0x0000000708800000, 0x0000000708800000|
| 137|0x0000000708900000, 0x0000000708900000, 0x0000000708a00000|  0%| F|  |TS  0|AC  0|TAMS 0x0000000708900000, 0x0000000708900000|
| 138|0x0000000708a00000, 0x0000000708a00000, 0x0000000708b00000|  0%| F|  |TS  0|AC  0|TAMS 0x0000000708a00000, 0x0000000708a00000|
| 139|0x0000000708b00000, 0x0000000708b39ea0, 0x0000000708c00000| 22%| S|CS|TS 19|AC  0|TAMS 0x0000000708b00000, 0x0000000708b00000|
| 140|0x0000000708c00000, 0x0000000708d00000, 0x0000000708d00000|100%| S|CS|TS 19|AC  0|TAMS 0x0000000708c00000, 0x0000000708c00000|
| 141|0x0000000708d00000, 0x0000000708d00000, 0x0000000708e00000|  0%| F|  |TS 19|AC  0|TAMS 0x0000000708d00000, 0x0000000708d00000|
| 142|0x0000000708e00000, 0x0000000708f00000, 0x0000000708f00000|100%| S|CS|TS 19|AC  0|TAMS 0x0000000708e00000, 0x0000000708e00000|
| 143|0x0000000708f00000, 0x0000000708f00000, 0x0000000709000000|  0%| F|  |TS 19|AC  0|TAMS 0x0000000708f00000, 0x0000000708f00000|
| 144|0x0000000709000000, 0x0000000709100000, 0x0000000709100000|100%| S|CS|TS 19|AC  0|TAMS 0x0000000709000000, 0x0000000709000000|
| 145|0x0000000709100000, 0x0000000709100000, 0x0000000709200000|  0%| F|  |TS 19|AC  0|TAMS 0x0000000709100000, 0x0000000709100000|
| 146|0x0000000709200000, 0x0000000709300000, 0x0000000709300000|100%| S|CS|TS 19|AC  0|TAMS 0x0000000709200000, 0x0000000709200000|
| 147|0x0000000709300000, 0x0000000709300000, 0x0000000709400000|  0%| F|  |TS 19|AC  0|TAMS 0x0000000709300000, 0x0000000709300000|
| 148|0x0000000709400000, 0x0000000709400000, 0x0000000709500000|  0%| F|  |TS 19|AC  0|TAMS 0x0000000709400000, 0x0000000709400000|
| 149|0x0000000709500000, 0x0000000709500000, 0x0000000709600000|  0%| F|  |TS 19|AC  0|TAMS 0x0000000709500000, 0x0000000709500000|
| 150|0x0000000709600000, 0x0000000709600000, 0x0000000709700000|  0%| F|  |TS 19|AC  0|TAMS 0x0000000709600000, 0x0000000709600000|
| 151|0x0000000709700000, 0x0000000709700000, 0x0000000709800000|  0%| F|  |TS 19|AC  0|TAMS 0x0000000709700000, 0x0000000709700000|
| 152|0x0000000709800000, 0x0000000709800000, 0x0000000709900000|  0%| F|  |TS 19|AC  0|TAMS 0x0000000709800000, 0x0000000709800000|
| 153|0x0000000709900000, 0x0000000709900000, 0x0000000709a00000|  0%| F|  |TS 19|AC  0|TAMS 0x0000000709900000, 0x0000000709900000|
| 154|0x0000000709a00000, 0x0000000709a00000, 0x0000000709b00000|  0%| F|  |TS 19|AC  0|TAMS 0x0000000709a00000, 0x0000000709a00000|
| 155|0x0000000709b00000, 0x0000000709b00000, 0x0000000709c00000|  0%| F|  |TS 19|AC  0|TAMS 0x0000000709b00000, 0x0000000709b00000|
| 156|0x0000000709c00000, 0x0000000709c00000, 0x0000000709d00000|  0%| F|  |TS 19|AC  0|TAMS 0x0000000709c00000, 0x0000000709c00000|
| 157|0x0000000709d00000, 0x0000000709d00000, 0x0000000709e00000|  0%| F|  |TS 19|AC  0|TAMS 0x0000000709d00000, 0x0000000709d00000|
| 158|0x0000000709e00000, 0x0000000709e00000, 0x0000000709f00000|  0%| F|  |TS 19|AC  0|TAMS 0x0000000709e00000, 0x0000000709e00000|
| 159|0x0000000709f00000, 0x0000000709f00000, 0x000000070a000000|  0%| F|  |TS 19|AC  0|TAMS 0x0000000709f00000, 0x0000000709f00000|
| 160|0x000000070a000000, 0x000000070a000000, 0x000000070a100000|  0%| F|  |TS 19|AC  0|TAMS 0x000000070a000000, 0x000000070a000000|
| 161|0x000000070a100000, 0x000000070a100000, 0x000000070a200000|  0%| F|  |TS 19|AC  0|TAMS 0x000000070a100000, 0x000000070a100000|
| 162|0x000000070a200000, 0x000000070a200000, 0x000000070a300000|  0%| F|  |TS 19|AC  0|TAMS 0x000000070a200000, 0x000000070a200000|
| 163|0x000000070a300000, 0x000000070a300000, 0x000000070a400000|  0%| F|  |TS 19|AC  0|TAMS 0x000000070a300000, 0x000000070a300000|
| 164|0x000000070a400000, 0x000000070a400000, 0x000000070a500000|  0%| F|  |TS 19|AC  0|TAMS 0x000000070a400000, 0x000000070a400000|
| 165|0x000000070a500000, 0x000000070a500000, 0x000000070a600000|  0%| F|  |TS 19|AC  0|TAMS 0x000000070a500000, 0x000000070a500000|
| 166|0x000000070a600000, 0x000000070a600000, 0x000000070a700000|  0%| F|  |TS 19|AC  0|TAMS 0x000000070a600000, 0x000000070a600000|
| 167|0x000000070a700000, 0x000000070a700000, 0x000000070a800000|  0%| F|  |TS 19|AC  0|TAMS 0x000000070a700000, 0x000000070a700000|
| 168|0x000000070a800000, 0x000000070a800000, 0x000000070a900000|  0%| F|  |TS 19|AC  0|TAMS 0x000000070a800000, 0x000000070a800000|
| 169|0x000000070a900000, 0x000000070a900000, 0x000000070aa00000|  0%| F|  |TS 19|AC  0|TAMS 0x000000070a900000, 0x000000070a900000|
| 170|0x000000070aa00000, 0x000000070aa00000, 0x000000070ab00000|  0%| F|  |TS 19|AC  0|TAMS 0x000000070aa00000, 0x000000070aa00000|
| 171|0x000000070ab00000, 0x000000070ab00000, 0x000000070ac00000|  0%| F|  |TS 19|AC  0|TAMS 0x000000070ab00000, 0x000000070ab00000|
| 172|0x000000070ac00000, 0x000000070ac00000, 0x000000070ad00000|  0%| F|  |TS 19|AC  0|TAMS 0x000000070ac00000, 0x000000070ac00000|
| 173|0x000000070ad00000, 0x000000070ad00000, 0x000000070ae00000|  0%| F|  |TS 19|AC  0|TAMS 0x000000070ad00000, 0x000000070ad00000|
| 174|0x000000070ae00000, 0x000000070ae00000, 0x000000070af00000|  0%| F|  |TS 19|AC  0|TAMS 0x000000070ae00000, 0x000000070ae00000|
| 175|0x000000070af00000, 0x000000070af00000, 0x000000070b000000|  0%| F|  |TS 19|AC  0|TAMS 0x000000070af00000, 0x000000070af00000|
| 176|0x000000070b000000, 0x000000070b000000, 0x000000070b100000|  0%| F|  |TS 19|AC  0|TAMS 0x000000070b000000, 0x000000070b000000|
| 177|0x000000070b100000, 0x000000070b100000, 0x000000070b200000|  0%| F|  |TS 19|AC  0|TAMS 0x000000070b100000, 0x000000070b100000|
| 178|0x000000070b200000, 0x000000070b200000, 0x000000070b300000|  0%| F|  |TS 19|AC  0|TAMS 0x000000070b200000, 0x000000070b200000|
| 179|0x000000070b300000, 0x000000070b300000, 0x000000070b400000|  0%| F|  |TS 19|AC  0|TAMS 0x000000070b300000, 0x000000070b300000|
| 180|0x000000070b400000, 0x000000070b400000, 0x000000070b500000|  0%| F|  |TS 19|AC  0|TAMS 0x000000070b400000, 0x000000070b400000|
| 181|0x000000070b500000, 0x000000070b500000, 0x000000070b600000|  0%| F|  |TS 19|AC  0|TAMS 0x000000070b500000, 0x000000070b500000|
| 182|0x000000070b600000, 0x000000070b600000, 0x000000070b700000|  0%| F|  |TS 19|AC  0|TAMS 0x000000070b600000, 0x000000070b600000|
| 183|0x000000070b700000, 0x000000070b700000, 0x000000070b800000|  0%| F|  |TS 19|AC  0|TAMS 0x000000070b700000, 0x000000070b700000|
| 184|0x000000070b800000, 0x000000070b800000, 0x000000070b900000|  0%| F|  |TS 19|AC  0|TAMS 0x000000070b800000, 0x000000070b800000|
| 185|0x000000070b900000, 0x000000070b900000, 0x000000070ba00000|  0%| F|  |TS 19|AC  0|TAMS 0x000000070b900000, 0x000000070b900000|
| 186|0x000000070ba00000, 0x000000070ba00000, 0x000000070bb00000|  0%| F|  |TS 19|AC  0|TAMS 0x000000070ba00000, 0x000000070ba00000|
| 187|0x000000070bb00000, 0x000000070bb00000, 0x000000070bc00000|  0%| F|  |TS 19|AC  0|TAMS 0x000000070bb00000, 0x000000070bb00000|
| 188|0x000000070bc00000, 0x000000070bc00000, 0x000000070bd00000|  0%| F|  |TS 19|AC  0|TAMS 0x000000070bc00000, 0x000000070bc00000|
| 189|0x000000070bd00000, 0x000000070bd00000, 0x000000070be00000|  0%| F|  |TS 19|AC  0|TAMS 0x000000070bd00000, 0x000000070bd00000|
| 190|0x000000070be00000, 0x000000070be00000, 0x000000070bf00000|  0%| F|  |TS 19|AC  0|TAMS 0x000000070be00000, 0x000000070be00000|
| 191|0x000000070bf00000, 0x000000070bf00000, 0x000000070c000000|  0%| F|  |TS 19|AC  0|TAMS 0x000000070bf00000, 0x000000070bf00000|
| 192|0x000000070c000000, 0x000000070c000000, 0x000000070c100000|  0%| F|  |TS 19|AC  0|TAMS 0x000000070c000000, 0x000000070c000000|
| 193|0x000000070c100000, 0x000000070c100000, 0x000000070c200000|  0%| F|  |TS 19|AC  0|TAMS 0x000000070c100000, 0x000000070c100000|
| 194|0x000000070c200000, 0x000000070c200000, 0x000000070c300000|  0%| F|  |TS 19|AC  0|TAMS 0x000000070c200000, 0x000000070c200000|
| 195|0x000000070c300000, 0x000000070c300000, 0x000000070c400000|  0%| F|  |TS 19|AC  0|TAMS 0x000000070c300000, 0x000000070c300000|
| 196|0x000000070c400000, 0x000000070c400000, 0x000000070c500000|  0%| F|  |TS 19|AC  0|TAMS 0x000000070c400000, 0x000000070c400000|
| 197|0x000000070c500000, 0x000000070c500000, 0x000000070c600000|  0%| F|  |TS 19|AC  0|TAMS 0x000000070c500000, 0x000000070c500000|
| 198|0x000000070c600000, 0x000000070c600000, 0x000000070c700000|  0%| F|  |TS 19|AC  0|TAMS 0x000000070c600000, 0x000000070c600000|
| 199|0x000000070c700000, 0x000000070c700000, 0x000000070c800000|  0%| F|  |TS 19|AC  0|TAMS 0x000000070c700000, 0x000000070c700000|
| 200|0x000000070c800000, 0x000000070c800000, 0x000000070c900000|  0%| F|  |TS 19|AC  0|TAMS 0x000000070c800000, 0x000000070c800000|
| 201|0x000000070c900000, 0x000000070c900000, 0x000000070ca00000|  0%| F|  |TS 19|AC  0|TAMS 0x000000070c900000, 0x000000070c900000|
| 202|0x000000070ca00000, 0x000000070ca00000, 0x000000070cb00000|  0%| F|  |TS 19|AC  0|TAMS 0x000000070ca00000, 0x000000070ca00000|
| 203|0x000000070cb00000, 0x000000070cb00000, 0x000000070cc00000|  0%| F|  |TS 19|AC  0|TAMS 0x000000070cb00000, 0x000000070cb00000|
| 204|0x000000070cc00000, 0x000000070cc00000, 0x000000070cd00000|  0%| F|  |TS 19|AC  0|TAMS 0x000000070cc00000, 0x000000070cc00000|
| 205|0x000000070cd00000, 0x000000070cd00000, 0x000000070ce00000|  0%| F|  |TS 19|AC  0|TAMS 0x000000070cd00000, 0x000000070cd00000|
| 206|0x000000070ce00000, 0x000000070ce00000, 0x000000070cf00000|  0%| F|  |TS 19|AC  0|TAMS 0x000000070ce00000, 0x000000070ce00000|
| 207|0x000000070cf00000, 0x000000070cf00000, 0x000000070d000000|  0%| F|  |TS 19|AC  0|TAMS 0x000000070cf00000, 0x000000070cf00000|
| 208|0x000000070d000000, 0x000000070d000000, 0x000000070d100000|  0%| F|  |TS 19|AC  0|TAMS 0x000000070d000000, 0x000000070d000000|
| 209|0x000000070d100000, 0x000000070d100000, 0x000000070d200000|  0%| F|  |TS 19|AC  0|TAMS 0x000000070d100000, 0x000000070d100000|
| 210|0x000000070d200000, 0x000000070d200000, 0x000000070d300000|  0%| F|  |TS 19|AC  0|TAMS 0x000000070d200000, 0x000000070d200000|
| 211|0x000000070d300000, 0x000000070d300000, 0x000000070d400000|  0%| F|  |TS 19|AC  0|TAMS 0x000000070d300000, 0x000000070d300000|
| 212|0x000000070d400000, 0x000000070d400000, 0x000000070d500000|  0%| F|  |TS 19|AC  0|TAMS 0x000000070d400000, 0x000000070d400000|
| 213|0x000000070d500000, 0x000000070d500000, 0x000000070d600000|  0%| F|  |TS 19|AC  0|TAMS 0x000000070d500000, 0x000000070d500000|
| 214|0x000000070d600000, 0x000000070d600000, 0x000000070d700000|  0%| F|  |TS 19|AC  0|TAMS 0x000000070d600000, 0x000000070d600000|
| 215|0x000000070d700000, 0x000000070d700000, 0x000000070d800000|  0%| F|  |TS 19|AC  0|TAMS 0x000000070d700000, 0x000000070d700000|
| 216|0x000000070d800000, 0x000000070d800000, 0x000000070d900000|  0%| F|  |TS 19|AC  0|TAMS 0x000000070d800000, 0x000000070d800000|
| 217|0x000000070d900000, 0x000000070d900000, 0x000000070da00000|  0%| F|  |TS 19|AC  0|TAMS 0x000000070d900000, 0x000000070d900000|
| 218|0x000000070da00000, 0x000000070da00000, 0x000000070db00000|  0%| F|  |TS 19|AC  0|TAMS 0x000000070da00000, 0x000000070da00000|
| 219|0x000000070db00000, 0x000000070db00000, 0x000000070dc00000|  0%| F|  |TS 19|AC  0|TAMS 0x000000070db00000, 0x000000070db00000|
| 220|0x000000070dc00000, 0x000000070dc00000, 0x000000070dd00000|  0%| F|  |TS 19|AC  0|TAMS 0x000000070dc00000, 0x000000070dc00000|
| 221|0x000000070dd00000, 0x000000070dd069a0, 0x000000070de00000|  2%| E|  |TS 19|AC  0|TAMS 0x000000070dd00000, 0x000000070dd00000|
| 222|0x000000070de00000, 0x000000070df00000, 0x000000070df00000|100%| E|CS|TS 19|AC  0|TAMS 0x000000070de00000, 0x000000070de00000|
| 223|0x000000070df00000, 0x000000070e000000, 0x000000070e000000|100%| E|CS|TS 19|AC  0|TAMS 0x000000070df00000, 0x000000070df00000|
| 224|0x000000070e000000, 0x000000070e100000, 0x000000070e100000|100%| E|CS|TS 19|AC  0|TAMS 0x000000070e000000, 0x000000070e000000|
| 225|0x000000070e100000, 0x000000070e200000, 0x000000070e200000|100%| E|CS|TS 19|AC  0|TAMS 0x000000070e100000, 0x000000070e100000|
| 226|0x000000070e200000, 0x000000070e300000, 0x000000070e300000|100%| E|CS|TS 19|AC  0|TAMS 0x000000070e200000, 0x000000070e200000|
| 227|0x000000070e300000, 0x000000070e400000, 0x000000070e400000|100%| E|CS|TS 19|AC  0|TAMS 0x000000070e300000, 0x000000070e300000|
| 228|0x000000070e400000, 0x000000070e500000, 0x000000070e500000|100%| E|CS|TS 19|AC  0|TAMS 0x000000070e400000, 0x000000070e400000|
| 229|0x000000070e500000, 0x000000070e600000, 0x000000070e600000|100%| E|CS|TS 19|AC  0|TAMS 0x000000070e500000, 0x000000070e500000|
| 230|0x000000070e600000, 0x000000070e700000, 0x000000070e700000|100%| E|CS|TS 19|AC  0|TAMS 0x000000070e600000, 0x000000070e600000|
| 231|0x000000070e700000, 0x000000070e800000, 0x000000070e800000|100%| E|CS|TS 19|AC  0|TAMS 0x000000070e700000, 0x000000070e700000|
| 232|0x000000070e800000, 0x000000070e900000, 0x000000070e900000|100%| E|CS|TS 19|AC  0|TAMS 0x000000070e800000, 0x000000070e800000|
| 233|0x000000070e900000, 0x000000070ea00000, 0x000000070ea00000|100%| E|CS|TS 19|AC  0|TAMS 0x000000070e900000, 0x000000070e900000|
| 234|0x000000070ea00000, 0x000000070eb00000, 0x000000070eb00000|100%| E|CS|TS 19|AC  0|TAMS 0x000000070ea00000, 0x000000070ea00000|
| 235|0x000000070eb00000, 0x000000070ec00000, 0x000000070ec00000|100%| E|CS|TS 19|AC  0|TAMS 0x000000070eb00000, 0x000000070eb00000|
| 236|0x000000070ec00000, 0x000000070ed00000, 0x000000070ed00000|100%| E|CS|TS 19|AC  0|TAMS 0x000000070ec00000, 0x000000070ec00000|
| 237|0x000000070ed00000, 0x000000070ee00000, 0x000000070ee00000|100%| E|CS|TS 19|AC  0|TAMS 0x000000070ed00000, 0x000000070ed00000|
| 238|0x000000070ee00000, 0x000000070ef00000, 0x000000070ef00000|100%| E|CS|TS 19|AC  0|TAMS 0x000000070ee00000, 0x000000070ee00000|
| 239|0x000000070ef00000, 0x000000070f000000, 0x000000070f000000|100%| E|CS|TS 19|AC  0|TAMS 0x000000070ef00000, 0x000000070ef00000|
| 240|0x000000070f000000, 0x000000070f100000, 0x000000070f100000|100%| E|CS|TS 19|AC  0|TAMS 0x000000070f000000, 0x000000070f000000|
| 241|0x000000070f100000, 0x000000070f200000, 0x000000070f200000|100%| E|CS|TS 19|AC  0|TAMS 0x000000070f100000, 0x000000070f100000|
| 242|0x000000070f200000, 0x000000070f300000, 0x000000070f300000|100%| E|CS|TS 19|AC  0|TAMS 0x000000070f200000, 0x000000070f200000|
| 243|0x000000070f300000, 0x000000070f400000, 0x000000070f400000|100%| E|CS|TS 19|AC  0|TAMS 0x000000070f300000, 0x000000070f300000|
| 244|0x000000070f400000, 0x000000070f500000, 0x000000070f500000|100%| E|CS|TS 19|AC  0|TAMS 0x000000070f400000, 0x000000070f400000|

Card table byte_map: [0x000001e266c10000,0x000001e267210000] byte_map_base: 0x000001e263410000

Marking Bits (Prev, Next): (CMBitMap*) 0x000001e24e623a58, (CMBitMap*) 0x000001e24e623a20
 Prev Bits: [0x000001e26a810000, 0x000001e26d810000)
 Next Bits: [0x000001e267810000, 0x000001e26a810000)

Polling page: 0x000001e246c00000

CodeHeap 'non-profiled nmethods': size=120000Kb used=18629Kb max_used=18629Kb free=101370Kb
 bounds [0x000001e25eae0000, 0x000001e25fd20000, 0x000001e266010000]
CodeHeap 'profiled nmethods': size=120000Kb used=44498Kb max_used=44873Kb free=75501Kb
 bounds [0x000001e2575b0000, 0x000001e25a230000, 0x000001e25eae0000]
CodeHeap 'non-nmethods': size=5760Kb used=1840Kb max_used=1884Kb free=3920Kb
 bounds [0x000001e257010000, 0x000001e257280000, 0x000001e2575b0000]
 total_blobs=29357 nmethods=16631 adapters=1208
 compilation: enabled

Compilation events (10 events):
Event: 309.026 Thread 0x000001e24f10a000 nmethod 20552 0x000001e258ef1e90 code [0x000001e258ef2100, 0x000001e258ef2d60]
Event: 309.027 Thread 0x000001e24ac62800 nmethod 20553 0x000001e25fd13390 code [0x000001e25fd13520, 0x000001e25fd13678]
Event: 309.044 Thread 0x000001e24f10a000 20554       3       sun.java2d.pipe.DrawImage::scaleImage (186 bytes)
Event: 309.045 Thread 0x000001e24f10a000 nmethod 20554 0x000001e258a94290 code [0x000001e258a944c0, 0x000001e258a94df0]
Event: 309.045 Thread 0x000001e24f10a000 20555       3       ui.d.g::a (58 bytes)
Event: 309.045 Thread 0x000001e24f10a000 nmethod 20555 0x000001e2588aea90 code [0x000001e2588aec80, 0x000001e2588af1e0]
Event: 309.052 Thread 0x000001e24ac5d800 20556       4       java.awt.Font::deriveFont (64 bytes)
Event: 309.056 Thread 0x000001e24ac5d800 nmethod 20556 0x000001e25fd13810 code [0x000001e25fd139e0, 0x000001e25fd13c38]
Event: 309.067 Thread 0x000001e24f10a000 20557       3       de.javasoft.plaf.synthetica.painter.SplitPanePainter::getInstance (36 bytes)
Event: 309.067 Thread 0x000001e24f10a000 nmethod 20557 0x000001e2588deb90 code [0x000001e2588ded80, 0x000001e2588df250]

GC Heap History (10 events):
Event: 305.138 GC heap before
{Heap before GC invocations=91 (full 6):
 garbage-first heap   total 208896K, used 150650K [0x0000000700000000, 0x0000000700100660, 0x00000007c0000000)
  region size 1024K, 60 young (61440K), 2 survivors (2048K)
 Metaspace       used 88964K, capacity 94905K, committed 95052K, reserved 1130496K
  class space    used 13122K, capacity 14151K, committed 14208K, reserved 1048576K
}
Event: 305.140 GC heap after
{Heap after GC invocations=92 (full 6):
 garbage-first heap   total 208896K, used 91303K [0x0000000700000000, 0x0000000700100660, 0x00000007c0000000)
  region size 1024K, 2 young (2048K), 2 survivors (2048K)
 Metaspace       used 88964K, capacity 94905K, committed 95052K, reserved 1130496K
  class space    used 13122K, capacity 14151K, committed 14208K, reserved 1048576K
}
Event: 305.184 GC heap before
{Heap before GC invocations=92 (full 6):
 garbage-first heap   total 208896K, used 150695K [0x0000000700000000, 0x0000000700100660, 0x00000007c0000000)
  region size 1024K, 60 young (61440K), 2 survivors (2048K)
 Metaspace       used 88969K, capacity 94905K, committed 95052K, reserved 1130496K
  class space    used 13122K, capacity 14151K, committed 14208K, reserved 1048576K
}
Event: 305.186 GC heap after
{Heap after GC invocations=93 (full 6):
 garbage-first heap   total 208896K, used 91349K [0x0000000700000000, 0x0000000700100660, 0x00000007c0000000)
  region size 1024K, 2 young (2048K), 2 survivors (2048K)
 Metaspace       used 88969K, capacity 94905K, committed 95052K, reserved 1130496K
  class space    used 13122K, capacity 14151K, committed 14208K, reserved 1048576K
}
Event: 305.226 GC heap before
{Heap before GC invocations=93 (full 6):
 garbage-first heap   total 208896K, used 150741K [0x0000000700000000, 0x0000000700100660, 0x00000007c0000000)
  region size 1024K, 60 young (61440K), 2 survivors (2048K)
 Metaspace       used 88969K, capacity 94905K, committed 95052K, reserved 1130496K
  class space    used 13122K, capacity 14151K, committed 14208K, reserved 1048576K
}
Event: 305.228 GC heap after
{Heap after GC invocations=94 (full 6):
 garbage-first heap   total 208896K, used 91339K [0x0000000700000000, 0x0000000700100660, 0x00000007c0000000)
  region size 1024K, 2 young (2048K), 2 survivors (2048K)
 Metaspace       used 88969K, capacity 94905K, committed 95052K, reserved 1130496K
  class space    used 13122K, capacity 14151K, committed 14208K, reserved 1048576K
}
Event: 308.687 GC heap before
{Heap before GC invocations=94 (full 6):
 garbage-first heap   total 208896K, used 150731K [0x0000000700000000, 0x0000000700100660, 0x00000007c0000000)
  region size 1024K, 60 young (61440K), 2 survivors (2048K)
 Metaspace       used 89011K, capacity 94981K, committed 95052K, reserved 1130496K
  class space    used 13123K, capacity 14153K, committed 14208K, reserved 1048576K
}
Event: 308.690 GC heap after
{Heap after GC invocations=95 (full 6):
 garbage-first heap   total 208896K, used 91681K [0x0000000700000000, 0x0000000700100660, 0x00000007c0000000)
  region size 1024K, 3 young (3072K), 3 survivors (3072K)
 Metaspace       used 89011K, capacity 94981K, committed 95052K, reserved 1130496K
  class space    used 13123K, capacity 14153K, committed 14208K, reserved 1048576K
}
Event: 308.939 GC heap before
{Heap before GC invocations=95 (full 6):
 garbage-first heap   total 208896K, used 150049K [0x0000000700000000, 0x0000000700100660, 0x00000007c0000000)
  region size 1024K, 60 young (61440K), 3 survivors (3072K)
 Metaspace       used 89037K, capacity 94981K, committed 95052K, reserved 1130496K
  class space    used 13123K, capacity 14153K, committed 14208K, reserved 1048576K
}
Event: 308.943 GC heap after
{Heap after GC invocations=96 (full 6):
 garbage-first heap   total 250880K, used 93819K [0x0000000700000000, 0x00000007001007a8, 0x00000007c0000000)
  region size 1024K, 5 young (5120K), 5 survivors (5120K)
 Metaspace       used 89037K, capacity 94981K, committed 95052K, reserved 1130496K
  class space    used 13123K, capacity 14153K, committed 14208K, reserved 1048576K
}

Deoptimization events (10 events):
Event: 308.276 Thread 0x000001e271011000 Uncommon trap: reason=class_check action=maybe_recompile pc=0x000001e25fcb5624 method=com.jidesoft.grid.TreeTableModel.getChildCount(Ljava/lang/Object;)I @ 14 c2
Event: 308.276 Thread 0x000001e271011000 Uncommon trap: reason=class_check action=maybe_recompile pc=0x000001e25fcb5624 method=com.jidesoft.grid.TreeTableModel.getChildCount(Ljava/lang/Object;)I @ 14 c2
Event: 308.276 Thread 0x000001e271011000 Uncommon trap: reason=class_check action=maybe_recompile pc=0x000001e25fcb5624 method=com.jidesoft.grid.TreeTableModel.getChildCount(Ljava/lang/Object;)I @ 14 c2
Event: 308.327 Thread 0x000001e271011000 Uncommon trap: reason=class_check action=maybe_recompile pc=0x000001e25f4bbe1c method=com.jidesoft.grid.AbstractExpandable.getNumberOfVisibleExpandable()I @ 8 c2
Event: 308.327 Thread 0x000001e271011000 Uncommon trap: reason=class_check action=maybe_recompile pc=0x000001e25f4bbe1c method=com.jidesoft.grid.AbstractExpandable.getNumberOfVisibleExpandable()I @ 8 c2
Event: 308.327 Thread 0x000001e271011000 Uncommon trap: reason=class_check action=maybe_recompile pc=0x000001e25f4bbe1c method=com.jidesoft.grid.AbstractExpandable.getNumberOfVisibleExpandable()I @ 8 c2
Event: 308.327 Thread 0x000001e271011000 Uncommon trap: reason=class_check action=maybe_recompile pc=0x000001e25f4bbe1c method=com.jidesoft.grid.AbstractExpandable.getNumberOfVisibleExpandable()I @ 8 c2
Event: 308.331 Thread 0x000001e271011000 Uncommon trap: reason=array_check action=maybe_recompile pc=0x000001e25fcb9394 method=java.util.TimSort.binarySort([Ljava/lang/Object;IIILjava/util/Comparator;)V @ 215 c2
Event: 308.848 Thread 0x000001e271011000 Uncommon trap: reason=bimorphic_or_optimized_type_check action=maybe_recompile pc=0x000001e25f34bb24 method=java.util.HashMap.removeNode(ILjava/lang/Object;Ljava/lang/Object;ZZ)Ljava/util/HashMap$Node; @ 143 c2
Event: 309.018 Thread 0x000001e271011000 Uncommon trap: reason=unstable_if action=reinterpret pc=0x000001e25fa91924 method=sun.awt.GlobalCursorManager._updateCursor(Z)V @ 37 c2

Classes redefined (0 events):
No events

Internal exceptions (10 events):
Event: 298.396 Thread 0x000001e271011000 Exception <a 'java/lang/ClassNotFoundException'{0x000000070983efa0}: ui/utils/o/p/a/dCustomizer> (0x000000070983efa0) thrown at [t:/workspace/hotspot/src/share/vm/classfile/systemDictionary.cpp, line 218]
Event: 298.400 Thread 0x000001e271011000 Implicit null exception at 0x000001e25f1eee3a to 0x000001e25f1f0575
Event: 298.540 Thread 0x000001e271011000 Implicit null exception at 0x000001e25f5186d7 to 0x000001e25f519515
Event: 304.966 Thread 0x000001e271011000 Implicit null exception at 0x000001e25f2c2c7c to 0x000001e25f2ca481
Event: 308.765 Thread 0x000001e271011000 Exception <a 'java/io/FileNotFoundException'{0x000000070ab6d838}> (0x000000070ab6d838) thrown at [t:/workspace/hotspot/src/share/vm/prims/jni.cpp, line 604]
Event: 308.790 Thread 0x000001e271011000 Exception <a 'java/io/FileNotFoundException'{0x000000070a78b6c8}> (0x000000070a78b6c8) thrown at [t:/workspace/hotspot/src/share/vm/prims/jni.cpp, line 604]
Event: 308.812 Thread 0x000001e271011000 Exception <a 'java/io/FileNotFoundException'{0x000000070a5d0da8}> (0x000000070a5d0da8) thrown at [t:/workspace/hotspot/src/share/vm/prims/jni.cpp, line 604]
Event: 308.839 Thread 0x000001e271011000 Exception <a 'java/io/FileNotFoundException'{0x000000070a286df8}> (0x000000070a286df8) thrown at [t:/workspace/hotspot/src/share/vm/prims/jni.cpp, line 604]
Event: 308.839 Thread 0x000001e271011000 Exception <a 'java/io/FileNotFoundException'{0x000000070a28bfe0}> (0x000000070a28bfe0) thrown at [t:/workspace/hotspot/src/share/vm/prims/jni.cpp, line 604]
Event: 309.018 Thread 0x000001e271011000 Implicit null exception at 0x000001e25fa91183 to 0x000001e25fa91904

Events (10 events):
Event: 308.949 Executing VM operation: BulkRevokeBias
Event: 308.950 Executing VM operation: BulkRevokeBias done
Event: 308.998 Thread 0x000001e274ab5800 Thread added: 0x000001e274ab5800
Event: 309.000 Executing VM operation: RevokeBias
Event: 309.003 Executing VM operation: RevokeBias done
Event: 309.003 Executing VM operation: RevokeBias
Event: 309.003 Executing VM operation: RevokeBias done
Event: 309.018 Thread 0x000001e271011000 Uncommon trap: trap_request=0xffffff5d fr.pc=0x000001e25fa91924 relative=0x0000000000000864
Event: 309.018 Thread 0x000001e271011000 DEOPT PACKING pc=0x000001e25fa91924 sp=0x0000006dac6f7980
Event: 309.018 Thread 0x000001e271011000 DEOPT UNPACKING pc=0x000001e25705df29 sp=0x0000006dac6f7930 mode 2


Dynamic libraries:
0x00007ff74d0d0000 - 0x00007ff74d100000 	C:\Xilinx\Vivado\2019.1\bin\unwrapped\win64.o\vivado.exe
0x00007ffea0810000 - 0x00007ffea0a26000 	C:\WINDOWS\SYSTEM32\ntdll.dll
0x00007ffe9efe0000 - 0x00007ffe9f0a4000 	C:\WINDOWS\System32\KERNEL32.DLL
0x00007ffe9def0000 - 0x00007ffe9e296000 	C:\WINDOWS\System32\KERNELBASE.dll
0x00007ffe9e3c0000 - 0x00007ffe9e4d1000 	C:\WINDOWS\System32\ucrtbase.dll
0x00007ffe5af10000 - 0x00007ffe5af9d000 	C:\WINDOWS\SYSTEM32\MSVCP140.dll
0x00007ffe79060000 - 0x00007ffe79074000 	C:\Xilinx\Vivado\2019.1\lib\win64.o\librdi_commonmain.dll
0x00007ffe6c790000 - 0x00007ffe6c7a4000 	C:\Xilinx\Vivado\2019.1\lib\win64.o\libboost_signals.dll
0x00007ffe886f0000 - 0x00007ffe8870b000 	C:\WINDOWS\SYSTEM32\VCRUNTIME140.dll
0x00007ffde5ff0000 - 0x00007ffde6ed2000 	C:\Xilinx\Vivado\2019.1\lib\win64.o\librdi_common.dll
0x00007ffe957d0000 - 0x00007ffe957dc000 	C:\WINDOWS\SYSTEM32\VCRUNTIME140_1.dll
0x00007ffe9f830000 - 0x00007ffe9f9dd000 	C:\WINDOWS\System32\USER32.dll
0x00007ffe9dec0000 - 0x00007ffe9dee6000 	C:\WINDOWS\System32\win32u.dll
0x00007ffe9fdb0000 - 0x00007ffe9fdd9000 	C:\WINDOWS\System32\GDI32.dll
0x00007ffe9e2a0000 - 0x00007ffe9e3b8000 	C:\WINDOWS\System32\gdi32full.dll
0x00007ffe9dd80000 - 0x00007ffe9de1a000 	C:\WINDOWS\System32\msvcp_win.dll
0x00007ffe9fca0000 - 0x00007ffe9fd52000 	C:\WINDOWS\System32\ADVAPI32.dll
0x00007ffe9f0b0000 - 0x00007ffe9f157000 	C:\WINDOWS\System32\msvcrt.dll
0x00007ffe9f160000 - 0x00007ffe9f208000 	C:\WINDOWS\System32\sechost.dll
0x00007ffe9de90000 - 0x00007ffe9deb8000 	C:\WINDOWS\System32\bcrypt.dll
0x00007ffea06b0000 - 0x00007ffea07c5000 	C:\WINDOWS\System32\RPCRT4.dll
0x00007ffe59f10000 - 0x00007ffe59f36000 	C:\Xilinx\Vivado\2019.1\lib\win64.o\libboost_filesystem.dll
0x00007ffe9fde0000 - 0x00007ffea063d000 	C:\WINDOWS\System32\SHELL32.dll
0x00007ffe886b0000 - 0x00007ffe886ba000 	C:\Xilinx\Vivado\2019.1\lib\win64.o\librdi_commonversion.dll
0x00000000544f0000 - 0x000000005461b000 	C:\Xilinx\Vivado\2019.1\lib\win64.o\tcl85t.dll
0x00007ffe9ecc0000 - 0x00007ffe9ed31000 	C:\WINDOWS\System32\WS2_32.dll
0x00007ffe4fb30000 - 0x00007ffe4fc51000 	C:\Xilinx\Vivado\2019.1\lib\win64.o\librdi_commonxillic.dll
0x00007ffe2bcb0000 - 0x00007ffe2c01e000 	C:\Xilinx\Vivado\2019.1\lib\win64.o\libCOIN-all.dll
0x00007ffe66880000 - 0x00007ffe66894000 	C:\Xilinx\Vivado\2019.1\lib\win64.o\libboost_date_time.dll
0x00007ffe4f9c0000 - 0x00007ffe4fa3f000 	C:\Xilinx\Vivado\2019.1\lib\win64.o\libboost_program_options.dll
0x00007ffe3fda0000 - 0x00007ffe3feb4000 	C:\Xilinx\Vivado\2019.1\lib\win64.o\libboost_regex.dll
0x00007ffe87df0000 - 0x00007ffe87dfb000 	C:\Xilinx\Vivado\2019.1\lib\win64.o\libboost_system.dll
0x00007ffe59ee0000 - 0x00007ffe59f01000 	C:\Xilinx\Vivado\2019.1\lib\win64.o\libboost_thread.dll
0x00007ffe87c80000 - 0x00007ffe87c8f000 	C:\Xilinx\Vivado\2019.1\lib\win64.o\libboost_xilinx.dll
0x00007ffe44b70000 - 0x00007ffe44c15000 	C:\Xilinx\Vivado\2019.1\lib\win64.o\libhdxml.dll
0x00007ffe4f620000 - 0x00007ffe4f6a2000 	C:\Xilinx\Vivado\2019.1\lib\win64.o\libhdlpsolve.dll
0x00007ffe01940000 - 0x00007ffe024ef400 	C:\Xilinx\Vivado\2019.1\lib\win64.o\libisl_iostreams.dll
0x00007ffe58b60000 - 0x00007ffe58b8e000 	C:\Xilinx\Vivado\2019.1\lib\win64.o\libisl_sysinfo.dll
0x00007ffe4f200000 - 0x00007ffe4f265000 	C:\Xilinx\Vivado\2019.1\lib\win64.o\liblmx6.0.dll
0x00007ffe64ff0000 - 0x00007ffe6500a000 	C:\Xilinx\Vivado\2019.1\lib\win64.o\pthreadVC2.dll
0x00007ffe623a0000 - 0x00007ffe623bc000 	C:\Xilinx\Vivado\2019.1\lib\win64.o\librdiconfig.dll
0x00007ffe506b0000 - 0x00007ffe506d1000 	C:\Xilinx\Vivado\2019.1\lib\win64.o\librdizlib.dll
0x00007ffe86f60000 - 0x00007ffe86f79000 	C:\WINDOWS\SYSTEM32\NETAPI32.dll
0x00007ffe612e0000 - 0x00007ffe617d4000 	C:\WINDOWS\SYSTEM32\WININET.dll
0x00007ffe94f40000 - 0x00007ffe95077000 	C:\WINDOWS\SYSTEM32\WINHTTP.dll
0x00007ffe86b20000 - 0x00007ffe86d10000 	C:\WINDOWS\SYSTEM32\urlmon.dll
0x0000000012000000 - 0x0000000012270000 	C:\Xilinx\Vivado\2019.1\lib\win64.o\xerces-c_3_1.dll
0x00007ffe7a4c0000 - 0x00007ffe7a4c9000 	C:\WINDOWS\SYSTEM32\WSOCK32.dll
0x00007ffe4faf0000 - 0x00007ffe4fb21000 	C:\WINDOWS\SYSTEM32\VCOMP140.DLL
0x00007ffde5150000 - 0x00007ffde5fe1000 	C:\Xilinx\Vivado\2019.1\lib\win64.o\gurobi65.dll
0x00007ffe190a0000 - 0x00007ffe19378000 	C:\Xilinx\Vivado\2019.1\lib\win64.o\libXil_lmgr11.dll
0x00007ffe9faa0000 - 0x00007ffe9fb99000 	C:\WINDOWS\System32\COMDLG32.dll
0x00007ffe9e560000 - 0x00007ffe9e8e8000 	C:\WINDOWS\System32\combase.dll
0x00007ffe9fba0000 - 0x00007ffe9fc93000 	C:\WINDOWS\System32\shcore.dll
0x00007ffea0650000 - 0x00007ffea06ae000 	C:\WINDOWS\System32\SHLWAPI.dll
0x00007ffe9ebd0000 - 0x00007ffe9eca7000 	C:\WINDOWS\System32\OLEAUT32.dll
0x00007ffe9f690000 - 0x00007ffe9f82f000 	C:\WINDOWS\System32\ole32.dll
0x00007ffe9de20000 - 0x00007ffe9de8b000 	C:\WINDOWS\System32\WINTRUST.dll
0x00007ffe9dc10000 - 0x00007ffe9dd76000 	C:\WINDOWS\System32\CRYPT32.dll
0x00007ffe87960000 - 0x00007ffe8796d000 	C:\Xilinx\Vivado\2019.1\lib\win64.o\libboost_chrono.dll
0x00007ffe5ac90000 - 0x00007ffe5acab000 	C:\Xilinx\Vivado\2019.1\lib\win64.o\libboost_iostreams.dll
0x00007ffe4f180000 - 0x00007ffe4f1a5000 	C:\Xilinx\Vivado\2019.1\lib\win64.o\libisl_iosutils.dll
0x00007ffe86860000 - 0x00007ffe86b1c000 	C:\WINDOWS\SYSTEM32\iertutil.dll
0x00007ffe873a0000 - 0x00007ffe873c8000 	C:\WINDOWS\SYSTEM32\srvcli.dll
0x00007ffe9c5e0000 - 0x00007ffe9c5ec000 	C:\WINDOWS\SYSTEM32\netutils.dll
0x00007ffe68ff0000 - 0x00007ffe690a3000 	C:\WINDOWS\WinSxS\amd64_microsoft.windows.common-controls_6595b64144ccf1df_5.82.22621.2506_none_b43bab19638c9595\COMCTL32.dll
0x00007ffe93c50000 - 0x00007ffe93c6f000 	C:\WINDOWS\SYSTEM32\dhcpcsvc.DLL
0x00007ffe9fa60000 - 0x00007ffe9fa91000 	C:\WINDOWS\System32\IMM32.DLL
0x00007ffe9d3b0000 - 0x00007ffe9d3c2000 	C:\WINDOWS\SYSTEM32\MSASN1.dll
0x00007ffe9cc80000 - 0x00007ffe9cc98000 	C:\WINDOWS\SYSTEM32\kernel.appcore.dll
0x00007ffe178e0000 - 0x00007ffe17df7000 	C:\Xilinx\Vivado\2019.1\lib\win64.o\librdi_commontasks.dll
0x00007ffe935c0000 - 0x00007ffe935ca000 	C:\WINDOWS\SYSTEM32\VERSION.dll
0x00007ffe275b0000 - 0x00007ffe27836000 	C:\Xilinx\Vivado\2019.1\lib\win64.o\librdi_sio.dll
0x0000000053ac0000 - 0x00000000544e5000 	C:\Xilinx\Vivado\2019.1\tps\win64\jre9.0.4\bin\server\jvm.dll
0x00007ffe9c6d0000 - 0x00007ffe9c6fd000 	C:\WINDOWS\SYSTEM32\IPHLPAPI.DLL
0x00007ffe9e8f0000 - 0x00007ffe9e8f8000 	C:\WINDOWS\System32\PSAPI.DLL
0x00007ffe93940000 - 0x00007ffe93974000 	C:\WINDOWS\SYSTEM32\WINMM.dll
0x00007ffe2f9d0000 - 0x00007ffe2fabf000 	C:\WINDOWS\SYSTEM32\MSVCR120.dll
0x00007ffe9d100000 - 0x00007ffe9d169000 	C:\WINDOWS\SYSTEM32\MSWSOCK.DLL
0x00007ffe9bac0000 - 0x00007ffe9c3b8000 	C:\WINDOWS\SYSTEM32\windows.storage.dll
0x00007ffe9b980000 - 0x00007ffe9babe000 	C:\WINDOWS\SYSTEM32\wintypes.dll
0x00007ffddc360000 - 0x00007ffdde81c000 	C:\Xilinx\Vivado\2019.1\lib\win64.o\librdi_tcltasks.dll
0x00007ffe186a0000 - 0x00007ffe18aa8000 	C:\Xilinx\Vivado\2019.1\lib\win64.o\librdi_bitstream.dll
0x00007ffe47260000 - 0x00007ffe472d8000 	C:\Xilinx\Vivado\2019.1\lib\win64.o\librdi_boarddep.dll
0x00007ffe2f8e0000 - 0x00007ffe2f9cb000 	C:\Xilinx\Vivado\2019.1\lib\win64.o\librdi_chipscope.dll
0x00007ffdef030000 - 0x00007ffdef1c1000 	C:\Xilinx\Vivado\2019.1\lib\win64.o\librdi_board.dll
0x00007ffdeee70000 - 0x00007ffdef02d000 	C:\Xilinx\Vivado\2019.1\lib\win64.o\librdi_chipscopeimpl.dll
0x00007ffe17010000 - 0x00007ffe17166000 	C:\Xilinx\Vivado\2019.1\lib\win64.o\librdi_containers.dll
0x00007ffdedf70000 - 0x00007ffdee64a000 	C:\Xilinx\Vivado\2019.1\lib\win64.o\librdi_coregenipxact.dll
0x00007ffdda970000 - 0x00007ffddc35a000 	C:\Xilinx\Vivado\2019.1\lib\win64.o\librdi_constraints.dll
0x00007ffdee970000 - 0x00007ffdeec8e000 	C:\Xilinx\Vivado\2019.1\lib\win64.o\librdi_dlyest.dll
0x00007ffdd8ab0000 - 0x00007ffdda961000 	C:\Xilinx\Vivado\2019.1\lib\win64.o\librdi_coregen.dll
0x00007ffdd4a60000 - 0x00007ffdd8aa3000 	C:\Xilinx\Vivado\2019.1\lib\win64.o\librdi_designutils.dll
0x00007ffded9d0000 - 0x00007ffdedf6a000 	C:\Xilinx\Vivado\2019.1\lib\win64.o\librdi_drc.dll
0x00007ffdc2630000 - 0x00007ffdd4a5c000 	C:\Xilinx\Vivado\2019.1\lib\win64.o\librdi_device.dll
0x00007ffe44110000 - 0x00007ffe441d4000 	C:\Xilinx\Vivado\2019.1\lib\win64.o\librdi_dsp.dll
0x00007ffdea100000 - 0x00007ffdea74d000 	C:\Xilinx\Vivado\2019.1\lib\win64.o\librdi_filemgmt.dll
0x00007ffde97e0000 - 0x00007ffde9ac3000 	C:\Xilinx\Vivado\2019.1\lib\win64.o\librdi_guitools.dll
0x00007ffe47310000 - 0x00007ffe47375000 	C:\Xilinx\Vivado\2019.1\lib\win64.o\librdi_hdf.dll
0x00007ffdc1070000 - 0x00007ffdc2630000 	C:\Xilinx\Vivado\2019.1\lib\win64.o\librdi_implflow.dll
0x00007ffde8110000 - 0x00007ffde8725000 	C:\Xilinx\Vivado\2019.1\lib\win64.o\librdi_memdata.dll
0x00007ffe3fd20000 - 0x00007ffe3fd93000 	C:\Xilinx\Vivado\2019.1\lib\win64.o\librdi_memoryarray.dll
0x00007ffdbe380000 - 0x00007ffdc1066000 	C:\Xilinx\Vivado\2019.1\lib\win64.o\librdi_mig.dll
0x00007ffe45d40000 - 0x00007ffe45d8b000 	C:\Xilinx\Vivado\2019.1\lib\win64.o\librdi_pfi.dll
0x00007ffde4aa0000 - 0x00007ffde5142000 	C:\Xilinx\Vivado\2019.1\lib\win64.o\librdi_netlist.dll
0x00007ffdbbd00000 - 0x00007ffdbe376000 	C:\Xilinx\Vivado\2019.1\lib\win64.o\librdi_place.dll
0x00007ffde29c0000 - 0x00007ffde2ccf000 	C:\Xilinx\Vivado\2019.1\lib\win64.o\librdi_platform.dll
0x00007ffde2270000 - 0x00007ffde29ba000 	C:\Xilinx\Vivado\2019.1\lib\win64.o\librdi_power.dll
0x00007ffde1cf0000 - 0x00007ffde226f000 	C:\Xilinx\Vivado\2019.1\lib\win64.o\librdi_project.dll
0x00007ffde0120000 - 0x00007ffde0829000 	C:\Xilinx\Vivado\2019.1\lib\win64.o\librdi_psta.dll
0x00007ffddfa10000 - 0x00007ffde0116000 	C:\Xilinx\Vivado\2019.1\lib\win64.o\librdi_rsb.dll
0x00007ffe00cf0000 - 0x00007ffe00dea000 	C:\Xilinx\Vivado\2019.1\lib\win64.o\librdi_runsbase.dll
0x00007ffddefa0000 - 0x00007ffddf391000 	C:\Xilinx\Vivado\2019.1\lib\win64.o\librdi_runs.dll
0x00007ffde9580000 - 0x00007ffde97d6000 	C:\Xilinx\Vivado\2019.1\lib\win64.o\librdi_simdata.dll
0x00007ffdbaee0000 - 0x00007ffdbbcf1000 	C:\Xilinx\Vivado\2019.1\lib\win64.o\librdi_timing.dll
0x00007ffdee7f0000 - 0x00007ffdee962000 	C:\Xilinx\Vivado\2019.1\lib\win64.o\librdi_advchipscopeimpl.dll
0x00007ffe44020000 - 0x00007ffe4406c000 	C:\Xilinx\Vivado\2019.1\lib\win64.o\libboost_serialization.dll
0x00007ffdeba70000 - 0x00007ffdebc0f000 	C:\Xilinx\Vivado\2019.1\lib\win64.o\librdi_hip_devdesign.dll
0x00007ffe01440000 - 0x00007ffe01502000 	C:\Xilinx\Vivado\2019.1\lib\win64.o\librdi_ipconfig_readwrite.dll
0x00007ffe43f80000 - 0x00007ffe43fc3000 	C:\Xilinx\Vivado\2019.1\lib\win64.o\librdi_noc_frameworks.dll
0x00007ffe3f4a0000 - 0x00007ffe3f53e000 	C:\Xilinx\Vivado\2019.1\lib\win64.o\libise.dll
0x00007ffdba390000 - 0x00007ffdbaed7000 	C:\Xilinx\Vivado\2019.1\lib\win64.o\libverific.dll
0x00007ffdb9fa0000 - 0x00007ffdba385000 	C:\Xilinx\Vivado\2019.1\lib\win64.o\librdi_hip_config.dll
0x00007ffdb9a50000 - 0x00007ffdb9f9e000 	C:\Xilinx\Vivado\2019.1\lib\win64.o\librdi_xdm.dll
0x00007ffe4d790000 - 0x00007ffe4d7d0000 	C:\Xilinx\Vivado\2019.1\lib\win64.o\librdi_wavedata_SimpleApi.dll
0x00007ffdb9450000 - 0x00007ffdb9a4c000 	C:\Xilinx\Vivado\2019.1\lib\win64.o\librdi_wavedata.dll
0x00007ffe4ce90000 - 0x00007ffe4cecf000 	C:\Xilinx\Vivado\2019.1\lib\win64.o\librdi_schedmon.dll
0x00007ffdb82c0000 - 0x00007ffdb944d000 	C:\Xilinx\Vivado\2019.1\lib\win64.o\librdi_route.dll

VM Arguments:
jvm_args: -Dsun.java2d.pmoffscreen=false -Dsun.java2d.xrender=false -Dsun.java2d.d3d=false -Dsun.awt.nopixfmt=true -Dsun.java2d.dpiaware=true -Dsun.java2d.uiScale.enabled=false -Xverify:none -Dswing.aatext=true -XX:-UsePerfData -Djdk.map.althashing.threshold=512 -XX:StringTableSize=4072 --add-opens=java.base/java.nio=ALL-UNNAMED --add-opens=java.desktop/sun.swing=ALL-UNNAMED --add-opens=java.desktop/javax.swing=ALL-UNNAMED --add-opens=java.desktop/javax.swing.tree=ALL-UNNAMED --add-opens=java.desktop/javax.swing.plaf.basic=ALL-UNNAMED --add-opens=java.desktop/javax.swing.plaf.synth=ALL-UNNAMED --add-opens=java.desktop/com.sun.awt=ALL-UNNAMED -XX:NewSize=60m -XX:MaxNewSize=60m -Xms128m -Xmx3072m -Xss5m 
java_command: <unknown>
java_class_path (initial): C:/Xilinx/Vivado/2019.1\lib\classes\Nlview.jar;C:/Xilinx/Vivado/2019.1\lib\classes\alloy.jar;C:/Xilinx/Vivado/2019.1\lib\classes\batik-anim.jar;C:/Xilinx/Vivado/2019.1\lib\classes\batik-awt-util.jar;C:/Xilinx/Vivado/2019.1\lib\classes\batik-bridge.jar;C:/Xilinx/Vivado/2019.1\lib\classes\batik-codec.jar;C:/Xilinx/Vivado/2019.1\lib\classes\batik-css.jar;C:/Xilinx/Vivado/2019.1\lib\classes\batik-dom.jar;C:/Xilinx/Vivado/2019.1\lib\classes\batik-ext.jar;C:/Xilinx/Vivado/2019.1\lib\classes\batik-gui-util.jar;C:/Xilinx/Vivado/2019.1\lib\classes\batik-gvt.jar;C:/Xilinx/Vivado/2019.1\lib\classes\batik-parser.jar;C:/Xilinx/Vivado/2019.1\lib\classes\batik-script.jar;C:/Xilinx/Vivado/2019.1\lib\classes\batik-svg-dom.jar;C:/Xilinx/Vivado/2019.1\lib\classes\batik-swing.jar;C:/Xilinx/Vivado/2019.1\lib\classes\batik-transcoder.jar;C:/Xilinx/Vivado/2019.1\lib\classes\batik-util.jar;C:/Xilinx/Vivado/2019.1\lib\classes\batik-xml.jar;C:/Xilinx/Vivado/2019.1\lib\classes\com.google.gson_2.7.0.v20170129-0911.jar;C:/Xilinx/Vivado/2019.1\lib\classes\com.google.guava_21.0.0.v20170206-1425.jar;C:/Xilinx/Vivado/2019.1\lib\classes\com.google.inject_3.0.0.v201605172100.jar;C:/Xilinx/Vivado/2019.1\lib\classes\com.sigasi.hdt.annotations.runtime_4.3.0.201903071210.jar;C:/Xilinx/Vivado/2019.1\lib\classes\com.sigasi.hdt.blockdiagram.model_4.3.0.201903071210.jar;C:/Xilinx/Vivado/2019.1\lib\classes\com.sigasi.hdt.connection_4.3.0.201903071210.jar;C:/Xilinx/Vivado/2019.1\lib\classes\com.sigasi.hdt.dependencies.model_4.3.0.201903071210.jar;C:/Xilinx/Vivado/2019.1\lib\classes\com.sigasi.hdt.epl_4.3.0.201903071210.jar;C:/Xilinx/Vivado/2019.1\lib\classes\com.sigasi.hdt.graphics.model_4.3.0.201903071210.jar;C:/Xilinx/Vivado/2019.1\lib\classes\com.sigasi.hdt.project_4.3.0.201903071210.jar;C:/Xilinx/Vivado/2019.1\lib\classes\com.sigasi.hdt.readonlyfilesystem_4.3.0.201903071210.jar;C:/Xilinx/Vivado/2019.1\lib\classes\com.sigasi.hdt.shared.ide_4.3.0.201903071210.jar;C:/Xilinx/Vivado
Launcher Type: generic

Logging:
Log output configuration:
#0: stdout all=warning uptime,level,tags
#1: stderr all=off uptime,level,tags

Environment Variables:
PATH=C:/Xilinx/Vivado/2019.1/bin;C:/Xilinx/Vivado/2019.1/lib/win64.o;C:/Xilinx/Vivado/2019.1/tps/win64/jre9.0.4/bin/server;C:/Xilinx/Vivado/2019.1/tps/win64/jre9.0.4/bin;C:/Xilinx/SDK/2019.1/bin;C:/Xilinx/Vivado/2019.1/ids_lite/ISE/bin/nt64;C:/Xilinx/Vivado/2019.1/ids_lite/ISE/lib/nt64;C:\Windows\system32;C:\Windows;C:\Windows\System32\Wbem;C:\Windows\System32\WindowsPowerShell\v1.0\;C:\Windows\System32\OpenSSH\;C:\Program Files (x86)\NVIDIA Corporation\PhysX\Common;C:\Program Files\NVIDIA Corporation\NVIDIA NvDLISR;C:\Program Files\Microsoft SQL Server\Client SDK\ODBC\110\Tools\Binn\;C:\Program Files (x86)\Microsoft SQL Server\120\Tools\Binn\;C:\Program Files\Microsoft SQL Server\120\Tools\Binn\;C:\Program Files\Microsoft SQL Server\120\DTS\Binn\;C:\Program Files (x86)\Windows Kits\8.1\Windows Performance Toolkit\;C:\Program Files\nodejs\;C:\Program Files\dotnet\;C:\Program Files\PuTTY\;C:\Program Files\MATLAB\MATLAB Runtime\R2023a\runtime\win64;C:\Program Files\MATLAB\R2023a\runtime\win64;C:\Program Files\MATLAB\R2023a\bin;C:\Program Files\Git\cmd;C:\Users\olaol\AppData\Local\Programs\Microsoft VS Code\bin;C:\Program Files (x86)\WinSCP\;C:\altera\13.0sp1\modelsim_ase\win32aloem;C:/Xilinx/Vivado/2019.1\tps\mingw\6.2.0\win64.o\nt\bin;C:/Xilinx/Vivado/2019.1\tps\mingw\6.2.0\win64.o\nt\libexec\gcc\x86_64-w64-mingw32\6.2.0;C:/Xilinx/Vivado/2019.1\tps\win64\python-2.7.5;C:/Xilinx/Vivado/2019.1\tps\win64\python-2.7.5\lib;C:/Xilinx/Vivado/2019.1\tps\win64\python-2.7.5\Lib\lib-tk;C:/Xilinx/Vivado/2019.1\tps\win64\python-2.7.5\lib\site-packages
USERNAME=olaol
OS=Windows_NT
PROCESSOR_IDENTIFIER=Intel64 Family 6 Model 165 Stepping 2, GenuineIntel



---------------  S Y S T E M  ---------------

OS: Windows 10 , 64 bit Build 22621 (10.0.22621.3235)

CPU:total 12 (initial active 12) (6 cores per cpu, 2 threads per core) family 6 model 165 stepping 2, cmov, cx8, fxsr, mmx, sse, sse2, sse3, ssse3, sse4.1, sse4.2, popcnt, avx, avx2, aes, clmul, erms, 3dnowpref, lzcnt, ht, tsc, tscinvbit, bmi1, bmi2, adx, fma

Memory: 4k page, physical 16533184k(4121344k free), swap 24921792k(7607288k free)

vm_info: Java HotSpot(TM) 64-Bit Server VM (9.0.4+11) for windows-amd64 JRE (9.0.4+11), built on Dec 20 2017 02:18:54 by "mach5one" with MS VC++ 12.0 (VS2013)

END.
