#-----------------------------------------------------------
# Vivado v2019.1 (64-bit)
# SW Build 2552052 on Fri May 24 14:49:42 MDT 2019
# IP Build 2548770 on Fri May 24 18:01:18 MDT 2019
# Start of session at: Fri Mar 29 15:03:17 2024
# Process ID: 9256
# Current directory: C:/Temp/EE316/p5/xadc_example/Cora-Z7-07S-XADC-2018.2-1/vivado_proj
# Command line: vivado.exe -gui_launcher_event rodinguilauncherevent23844 C:\Temp\EE316\p5\xadc_example\Cora-Z7-07S-XADC-2018.2-1\vivado_proj\Cora-Z7-07S-XADC.xpr
# Log file: C:/Temp/EE316/p5/xadc_example/Cora-Z7-07S-XADC-2018.2-1/vivado_proj/vivado.log
# Journal file: C:/Temp/EE316/p5/xadc_example/Cora-Z7-07S-XADC-2018.2-1/vivado_proj\vivado.jou
#-----------------------------------------------------------
start_gui
open_project C:/Temp/EE316/p5/xadc_example/Cora-Z7-07S-XADC-2018.2-1/vivado_proj/Cora-Z7-07S-XADC.xpr
WARNING: [Board 49-91] Board repository path 'C:/Users/olaol/AppData/Roaming/Xilinx/Vivado/2019.1/xhub/board_store' does not exist, it will not be used to search board files.
Scanning sources...
Finished scanning sources
WARNING: [filemgmt 56-3] Board Part Repository Path: Could not find the directory 'C:/Users/olaol/AppData/Roaming/Xilinx/Vivado/2019.1/xhub/board_store'.
INFO: [IP_Flow 19-234] Refreshing IP repositories
INFO: [IP_Flow 19-1700] Loaded user IP repository 'c:/Temp/EE316/p5/xadc_example/Cora-Z7-07S-XADC-2018.2-1/vivado_proj/Cora-Z7-07S-XADC.ipdefs/repo_0'.
INFO: [IP_Flow 19-2313] Loaded Vivado IP repository 'C:/Xilinx/Vivado/2019.1/data/ip'.
open_project: Time (s): cpu = 00:00:06 ; elapsed = 00:00:10 . Memory (MB): peak = 774.762 ; gain = 132.484
update_compile_order -fileset sources_1
launch_sdk -workspace C:/Temp/EE316/p5/xadc_example/Cora-Z7-07S-XADC-2018.2-1/vivado_proj/Cora-Z7-07S-XADC.sdk -hwspec C:/Temp/EE316/p5/xadc_example/Cora-Z7-07S-XADC-2018.2-1/vivado_proj/Cora-Z7-07S-XADC.sdk/design_1_wrapper.hdf
INFO: [Vivado 12-393] Launching SDK...
INFO: [Vivado 12-417] Running xsdk -workspace C:/Temp/EE316/p5/xadc_example/Cora-Z7-07S-XADC-2018.2-1/vivado_proj/Cora-Z7-07S-XADC.sdk -hwspec C:/Temp/EE316/p5/xadc_example/Cora-Z7-07S-XADC-2018.2-1/vivado_proj/Cora-Z7-07S-XADC.sdk/design_1_wrapper.hdf
INFO: [Vivado 12-3157] SDK launch initiated. Please check console for any further messages.
exit
INFO: [Common 17-206] Exiting Vivado at Fri Mar 29 16:21:29 2024...
