#-----------------------------------------------------------
# Vivado v2019.1 (64-bit)
# SW Build 2552052 on Fri May 24 14:49:42 MDT 2019
# IP Build 2548770 on Fri May 24 18:01:18 MDT 2019
# Start of session at: Sat Mar 30 11:02:18 2024
# Process ID: 22644
# Current directory: C:/Temp/EE316/p5/xadc_example/Cora-Z7-07S-XADC-2018.2-1/vivado_proj
# Command line: vivado.exe -gui_launcher_event rodinguilauncherevent25896 C:\Temp\EE316\p5\xadc_example\Cora-Z7-07S-XADC-2018.2-1\vivado_proj\Cora-Z7-07S-XADC.xpr
# Log file: C:/Temp/EE316/p5/xadc_example/Cora-Z7-07S-XADC-2018.2-1/vivado_proj/vivado.log
# Journal file: C:/Temp/EE316/p5/xadc_example/Cora-Z7-07S-XADC-2018.2-1/vivado_proj\vivado.jou
#-----------------------------------------------------------
start_gui
open_project C:/Temp/EE316/p5/xadc_example/Cora-Z7-07S-XADC-2018.2-1/vivado_proj/Cora-Z7-07S-XADC.xpr
WARNING: [Board 49-91] Board repository path 'C:/Users/olaol/AppData/Roaming/Xilinx/Vivado/2019.1/xhub/board_store' does not exist, it will not be used to search board files.
Scanning sources...
Finished scanning sources
WARNING: [filemgmt 56-3] Board Part Repository Path: Could not find the directory 'C:/Users/olaol/AppData/Roaming/Xilinx/Vivado/2019.1/xhub/board_store'.
INFO: [IP_Flow 19-234] Refreshing IP repositories
INFO: [IP_Flow 19-1700] Loaded user IP repository 'c:/Temp/EE316/p5/xadc_example/Cora-Z7-07S-XADC-2018.2-1/vivado_proj/Cora-Z7-07S-XADC.ipdefs/repo_0'.
INFO: [IP_Flow 19-2313] Loaded Vivado IP repository 'C:/Xilinx/Vivado/2019.1/data/ip'.
open_project: Time (s): cpu = 00:00:11 ; elapsed = 00:00:14 . Memory (MB): peak = 769.305 ; gain = 168.992
update_compile_order -fileset sources_1
open_bd_design {C:/Temp/EE316/p5/xadc_example/Cora-Z7-07S-XADC-2018.2-1/vivado_proj/Cora-Z7-07S-XADC.srcs/sources_1/bd/design_1/design_1.bd}
Adding component instance block -- digilentinc.com:IP:PWM:2.0 - PWM_0
Adding component instance block -- xilinx.com:ip:processing_system7:5.5 - processing_system7_0
Adding component instance block -- xilinx.com:ip:axi_gpio:2.0 - axi_gpio_0
Adding component instance block -- xilinx.com:ip:axi_interconnect:2.1 - ps7_0_axi_periph
Adding component instance block -- xilinx.com:ip:axi_crossbar:2.1 - xbar
Adding component instance block -- xilinx.com:ip:axi_protocol_converter:2.1 - auto_pc
Adding component instance block -- xilinx.com:ip:proc_sys_reset:5.0 - rst_ps7_0_50M
Adding component instance block -- xilinx.com:ip:xadc_wiz:3.3 - xadc_wiz_0
Successfully read diagram <design_1> from BD file <C:/Temp/EE316/p5/xadc_example/Cora-Z7-07S-XADC-2018.2-1/vivado_proj/Cora-Z7-07S-XADC.srcs/sources_1/bd/design_1/design_1.bd>
open_bd_design: Time (s): cpu = 00:00:08 ; elapsed = 00:00:16 . Memory (MB): peak = 853.602 ; gain = 70.203
launch_sdk -workspace C:/Temp/EE316/p5/xadc_example/Cora-Z7-07S-XADC-2018.2-1/vivado_proj/Cora-Z7-07S-XADC.sdk -hwspec C:/Temp/EE316/p5/xadc_example/Cora-Z7-07S-XADC-2018.2-1/vivado_proj/Cora-Z7-07S-XADC.sdk/design_1_wrapper.hdf
INFO: [Vivado 12-393] Launching SDK...
INFO: [Vivado 12-417] Running xsdk -workspace C:/Temp/EE316/p5/xadc_example/Cora-Z7-07S-XADC-2018.2-1/vivado_proj/Cora-Z7-07S-XADC.sdk -hwspec C:/Temp/EE316/p5/xadc_example/Cora-Z7-07S-XADC-2018.2-1/vivado_proj/Cora-Z7-07S-XADC.sdk/design_1_wrapper.hdf
INFO: [Vivado 12-3157] SDK launch initiated. Please check console for any further messages.
launch_sdk -workspace C:/Temp/EE316/p5/xadc_example/Cora-Z7-07S-XADC-2018.2-1/vivado_proj/Cora-Z7-07S-XADC.sdk -hwspec C:/Temp/EE316/p5/xadc_example/Cora-Z7-07S-XADC-2018.2-1/vivado_proj/Cora-Z7-07S-XADC.sdk/design_1_wrapper.hdf
INFO: [Vivado 12-393] Launching SDK...
INFO: [Vivado 12-417] Running xsdk -workspace C:/Temp/EE316/p5/xadc_example/Cora-Z7-07S-XADC-2018.2-1/vivado_proj/Cora-Z7-07S-XADC.sdk -hwspec C:/Temp/EE316/p5/xadc_example/Cora-Z7-07S-XADC-2018.2-1/vivado_proj/Cora-Z7-07S-XADC.sdk/design_1_wrapper.hdf
INFO: [Vivado 12-3157] SDK launch initiated. Please check console for any further messages.
exit
INFO: [Common 17-206] Exiting Vivado at Sat Mar 30 13:50:54 2024...
